        -:    0:Source:grep.c
        -:    0:Graph:grep.gcno
        -:    0:Data:grep.gcda
        -:    0:Runs:199
        -:    1:/* grep.c - main driver file for grep.
        -:    2:   Copyright (C) 1992, 1997, 1998 Free Software Foundation, Inc.
        -:    3:
        -:    4:   This program is free software; you can redistribute it and/or modify
        -:    5:   it under the terms of the GNU General Public License as published by
        -:    6:   the Free Software Foundation; either version 2, or (at your option)
        -:    7:   any later version.
        -:    8:
        -:    9:   This program is distributed in the hope that it will be useful,
        -:   10:   but WITHOUT ANY WARRANTY; without even the implied warranty of
        -:   11:   MERCHANTABILITY or FITNESS FOR A PARTICULAR PURPOSE.  See the
        -:   12:   GNU General Public License for more details.
        -:   13:
        -:   14:   You should have received a copy of the GNU General Public License
        -:   15:   along with this program; if not, write to the Free Software
        -:   16:   Foundation, Inc., 59 Temple Place - Suite 330, Boston, MA
        -:   17:   02111-1307, USA.  */
        -:   18:
        -:   19:/* Written July 1992 by Mike Haertel.  */
        -:   20:
        -:   21:/**** I added all things in Makefile in order to run cfe *******/
        -:   22:#define HAVE_CONFIG_H 1
        -:   23:#define LOCALEDIR "/nfs/spectre/u4/jin/research/experiments/grep/docs/grep_2.2/lib/locale"
        -:   24:#define _LARGEFILE_SOURCE 1
        -:   25:#define _FILE_OFFSET_BITS 32 /* In order to let cfe work, change original 64 to 32*/
        -:   26:                             /* Reason: Please see /usr/include/sys/types.h */
        -:   27:/*typedef int off_t; */     /** since cfe can't recognize off_t defined in system file as int*/
        -:   28:			/* so I change all off_t to Off_t and define type of Off_t */ 
        -:   29:/****** end for cfe ***************/
        -:   30:
        -:   31:#ifdef HAVE_CONFIG_H
        -:   32:# include <config.h>
        -:   33:#define flag_config 1
        -:   34:#endif
        -:   35:#include <sys/types.h>
        -:   36:#define flag_typesh 1
        -:   37:#include <sys/stat.h>
        -:   38:#if defined(HAVE_MMAP)
        -:   39:# include <sys/mman.h>
        -:   40:#endif
        -:   41:#if defined(HAVE_SETRLIMIT)
        -:   42:# include <sys/time.h>
        -:   43:# include <sys/resource.h>
        -:   44:#endif
        -:   45:#include <stdio.h>
        -:   46:
        -:   47:/*******IMPORTANT CHANGE for let stderr redirect to a file *******/
        -:   48:#undef stderr
        -:   49:#define stderr stdout
        -:   50:/******* FINISH IMPORTANT CHANGE *********/
        -:   51:
        -:   52:#include "system.h"
        -:   53:#include "getopt.h"
        -:   54:#include "getpagesize.h"
        -:   55:#include "grep.h"
        -:   56:
        -:   57:#undef MAX
        -:   58:#define MAX(A,B) ((A) > (B) ? (A) : (B))
        -:   59:
        -:   60:/* if non-zero, display usage information and exit */
        -:   61:static int show_help;
        -:   62:
        -:   63:/* If non-zero, print the version on standard output and exit.  */
        -:   64:static int show_version;
        -:   65:
        -:   66:/* Long options equivalences. */
        -:   67:static struct option long_options[] =
        -:   68:{
        -:   69:  {"after-context", required_argument, NULL, 'A'},
        -:   70:  {"basic-regexp", no_argument, NULL, 'G'},
        -:   71:  {"before-context", required_argument, NULL, 'B'},
        -:   72:  {"byte-offset", no_argument, NULL, 'b'},
        -:   73:  {"context", no_argument, NULL, 'C'},
        -:   74:  {"count", no_argument, NULL, 'c'},
        -:   75:  {"extended-regexp", no_argument, NULL, 'E'},
        -:   76:  {"file", required_argument, NULL, 'f'},
        -:   77:  {"files-with-matches", no_argument, NULL, 'l'},
        -:   78:  {"files-without-match", no_argument, NULL, 'L'},
        -:   79:  {"fixed-regexp", no_argument, NULL, 'F'},
        -:   80:  {"fixed-strings", no_argument, NULL, 'F'},
        -:   81:  {"help", no_argument, &show_help, 1},
        -:   82:  {"ignore-case", no_argument, NULL, 'i'},
        -:   83:  {"line-number", no_argument, NULL, 'n'},
        -:   84:  {"line-regexp", no_argument, NULL, 'x'},
        -:   85:  {"no-filename", no_argument, NULL, 'h'},
        -:   86:  {"no-messages", no_argument, NULL, 's'},
        -:   87:  {"quiet", no_argument, NULL, 'q'},
        -:   88:  {"regexp", required_argument, NULL, 'e'},
        -:   89:  {"revert-match", no_argument, NULL, 'v'},
        -:   90:  {"silent", no_argument, NULL, 'q'},
        -:   91:#if O_BINARY
        -:   92:  {"binary", no_argument, NULL, 'U'},
        -:   93:  {"unix-byte-offsets", no_argument, NULL, 'u'},
        -:   94:#endif
        -:   95:  {"version", no_argument, NULL, 'V'},
        -:   96:  {"with-filename", no_argument, NULL, 'H'},
        -:   97:  {"word-regexp", no_argument, NULL, 'w'},
        -:   98:  {0, 0, 0, 0}
        -:   99:};
        -:  100:
        -:  101:/* Define flags declared in grep.h. */
        -:  102:char *matcher;
        -:  103:int match_icase;
        -:  104:int match_words;
        -:  105:int match_lines;
        -:  106:
        -:  107:/* For error messages. */
        -:  108:static char *prog;
        -:  109:static char *filename;
        -:  110:static int errseen;
        -:  111:
        -:  112:static int ck_atoi PARAMS((char const *, int *));
        -:  113:static void usage PARAMS((int));
        -:  114:static void error PARAMS((const char *, int));
        -:  115:static int  setmatcher PARAMS((char *));
        -:  116:static void reset PARAMS((int));
        -:  117:static int  fillbuf PARAMS((size_t));
        -:  118:static int  grepbuf PARAMS((char *, char *));
        -:  119:static void prtext PARAMS((char *, char *, int *));
        -:  120:static void prpending PARAMS((char *));
        -:  121:static void prline PARAMS((char *, char *, int));
        -:  122:static void nlscan PARAMS((char *));
        -:  123:static int  grep PARAMS((int));
        -:  124:
        -:  125:/* Functions we'll use to search. */
        -:  126:static void (*compile) PARAMS((char *, size_t));
        -:  127:static char *(*execute) PARAMS((char *, size_t, char **));
        -:  128:
        -:  129:/* Print a message and possibly an error string.  Remember
        -:  130:   that something awful happened. */
        -:  131:static void
function error called 69 returned 100% blocks executed 100%
       69:  132:error(mesg, errnum)
        -:  133:     const char *mesg;
        -:  134:     int errnum;
        -:  135:{
       69:  136:  if (errnum)
branch  0 taken 26% (fallthrough)
branch  1 taken 74%
       18:  137:    fprintf(stderr, "%s: %s: %s\n", prog, mesg, strerror(errnum));
call    0 returned 100%
call    1 returned 100%
        -:  138:  else
       51:  139:    fprintf(stderr, "%s: %s\n", prog, mesg);
call    0 returned 100%
       69:  140:  errseen = 1;
       69:  141:}
        -:  142:
        -:  143:/* Like error(), but die horribly after printing. */
        -:  144:void
function fatal called 65 returned 0% blocks executed 100%
       65:  145:fatal(mesg, errnum)
        -:  146:     const char *mesg;
        -:  147:     int errnum;
        -:  148:{
       65:  149:  error(mesg, errnum);
call    0 returned 100%
       65:  150:  exit(2);
        -:  151:}
        -:  152:
        -:  153:/* Interface to handle errors and fix library lossage. */
        -:  154:char *
function xmalloc called 520 returned 100% blocks executed 80%
      520:  155:xmalloc(size)
        -:  156:     size_t size;
        -:  157:{
        -:  158:  char *result;
        -:  159:
      520:  160:  result = malloc(size);
      520:  161:  if (size && !result)
branch  0 taken 100% (fallthrough)
branch  1 taken 0%
branch  2 taken 0% (fallthrough)
branch  3 taken 100%
    #####:  162:    fatal(_("memory exhausted"), 0);
call    0 never executed
      520:  163:  return result;
        -:  164:}
        -:  165:
        -:  166:/* Interface to handle errors and fix some library lossage. */
        -:  167:char *
function xrealloc called 35 returned 100% blocks executed 88%
       35:  168:xrealloc(ptr, size)
        -:  169:     char *ptr;
        -:  170:     size_t size;
        -:  171:{
        -:  172:  char *result;
        -:  173:
       35:  174:  if (ptr)
branch  0 taken 80% (fallthrough)
branch  1 taken 20%
       28:  175:    result = realloc(ptr, size);
        -:  176:  else
        7:  177:    result = malloc(size);
       35:  178:  if (size && !result)
branch  0 taken 100% (fallthrough)
branch  1 taken 0%
branch  2 taken 0% (fallthrough)
branch  3 taken 100%
    #####:  179:    fatal(_("memory exhausted"), 0);
call    0 never executed
       35:  180:  return result;
        -:  181:
        -:  182:}
        -:  183:
        -:  184:/* Convert STR to a positive integer, storing the result in *OUT.
        -:  185:   If STR is not a valid integer, return -1 (otherwise 0). */
        -:  186:static int
function ck_atoi called 2 returned 100% blocks executed 62%
        2:  187:ck_atoi (str, out)
        -:  188:     char const *str;
        -:  189:     int *out;
        -:  190:{
        -:  191:  char const *p;
       2*:  192:  for (p = str; *p; p++)
branch  0 taken 100%
branch  1 taken 0% (fallthrough)
       2*:  193:    if (*p < '0' || *p > '9')
branch  0 taken 0% (fallthrough)
branch  1 taken 100%
branch  2 never executed
branch  3 never executed
        2:  194:      return -1;
        -:  195:
    #####:  196:  *out = atoi (optarg);
    #####:  197:  return 0;
        -:  198:}
        -:  199:
        -:  200:
        -:  201:/* Hairy buffering mechanism for grep.  The intent is to keep
        -:  202:   all reads aligned on a page boundary and multiples of the
        -:  203:   page size. */
        -:  204:
        -:  205:static char *buffer;		/* Base of buffer. */
        -:  206:static size_t bufsalloc;	/* Allocated size of buffer save region. */
        -:  207:static size_t bufalloc;		/* Total buffer size. */
        -:  208:static int bufdesc;		/* File descriptor. */
        -:  209:static char *bufbeg;		/* Beginning of user-visible stuff. */
        -:  210:static char *buflim;		/* Limit of user-visible stuff. */
        -:  211:
        -:  212:#if defined(HAVE_MMAP)
        -:  213:static int bufmapped;		/* True for ordinary files. */
        -:  214:static struct stat bufstat;	/* From fstat(). */
        -:  215:static off_t bufoffset;		/* What read() normally remembers. */
        -:  216:#endif
        -:  217:
        -:  218:/* Reset the buffer for a new file.  Initialize
        -:  219:   on the first time through. */
        -:  220:static void
function reset called 122 returned 100% blocks executed 83%
      122:  221:reset(fd)
        -:  222:     int fd;
        -:  223:{
        -:  224:  static int initialized;
        -:  225:
      122:  226:  if (!initialized)
branch  0 taken 100% (fallthrough)
branch  1 taken 0%
        -:  227:    {
      122:  228:      initialized = 1;
        -:  229:#ifndef BUFSALLOC
      122:  230:      bufsalloc = MAX(8192, getpagesize());
        -:  231:#else
        -:  232:      bufsalloc = BUFSALLOC;
        -:  233:#endif
      122:  234:      bufalloc = 5 * bufsalloc;
        -:  235:      /* The 1 byte of overflow is a kludge for dfaexec(), which
        -:  236:	 inserts a sentinel newline at the end of the buffer
        -:  237:	 being searched.  There's gotta be a better way... */
      122:  238:      buffer = valloc(bufalloc + 1);
call    0 returned 100%
      122:  239:      if (!buffer)
branch  0 taken 0% (fallthrough)
branch  1 taken 100%
    #####:  240:	fatal(_("memory exhausted"), 0);
call    0 never executed
      122:  241:      bufbeg = buffer;
      122:  242:      buflim = buffer;
        -:  243:    }
      122:  244:  bufdesc = fd;
        -:  245:#if defined(HAVE_MMAP)
      122:  246:  if (fstat(fd, &bufstat) < 0 || !S_ISREG(bufstat.st_mode))
call    0 returned 100%
branch  1 taken 100% (fallthrough)
branch  2 taken 0%
branch  3 taken 0% (fallthrough)
branch  4 taken 100%
    #####:  247:    bufmapped = 0;
        -:  248:  else
        -:  249:    {
      122:  250:      bufmapped = 1;
      122:  251:      bufoffset = lseek(fd, 0, 1);
call    0 returned 100%
        -:  252:    }
        -:  253:#endif
      122:  254:}
        -:  255:
        -:  256:/* Read new stuff into the buffer, saving the specified
        -:  257:   amount of old stuff.  When we're done, 'bufbeg' points
        -:  258:   to the beginning of the buffer contents, and 'buflim'
        -:  259:   points just after the end.  Return count of new stuff. */
        -:  260:static int
function fillbuf called 1342 returned 100% blocks executed 73%
     1342:  261:fillbuf(save)
        -:  262:     size_t save;
        -:  263:{
        -:  264:  char *nbuffer, *dp, *sp;
        -:  265:  int cc;
        -:  266:#if defined(HAVE_MMAP)
        -:  267:  caddr_t maddr;
        -:  268:#endif
        -:  269:  static int pagesize;
        -:  270:
     1342:  271:  if (pagesize == 0 && (pagesize = getpagesize()) == 0)
branch  0 taken 9% (fallthrough)
branch  1 taken 91%
branch  2 taken 0% (fallthrough)
branch  3 taken 100%
    #####:  272:    abort();
call    0 never executed
        -:  273:
     1342:  274:  if (save > bufsalloc)
branch  0 taken 0% (fallthrough)
branch  1 taken 100%
        -:  275:    {
    #####:  276:      while (save > bufsalloc)
branch  0 never executed
branch  1 never executed
    #####:  277:	bufsalloc *= 2;
    #####:  278:      bufalloc = 5 * bufsalloc;
    #####:  279:      nbuffer = valloc(bufalloc + 1);
call    0 never executed
    #####:  280:      if (!nbuffer)
branch  0 never executed
branch  1 never executed
    #####:  281:	fatal(_("memory exhausted"), 0);
call    0 never executed
        -:  282:    }
        -:  283:  else
     1342:  284:    nbuffer = buffer;
        -:  285:
     1342:  286:  sp = buflim - save;
     1342:  287:  dp = nbuffer + bufsalloc - save;
     1342:  288:  bufbeg = dp;
    49596:  289:  while (save--)
branch  0 taken 97%
branch  1 taken 3% (fallthrough)
    48254:  290:    *dp++ = *sp++;
        -:  291:
        -:  292:  /* We may have allocated a new, larger buffer.  Since
        -:  293:     there is no portable vfree(), we just have to forget
        -:  294:     about the old one.  Sorry. */
     1342:  295:  buffer = nbuffer;
        -:  296:
        -:  297:#if defined(HAVE_MMAP)
     1342:  298:  if (bufmapped && bufoffset % pagesize == 0
branch  0 taken 91% (fallthrough)
branch  1 taken 9%
branch  2 taken 0% (fallthrough)
branch  3 taken 100%
     1220:  299:      && bufstat.st_size - bufoffset >= bufalloc - bufsalloc)
branch  0 taken 10% (fallthrough)
branch  1 taken 90%
        -:  300:    {
     1098:  301:      maddr = buffer + bufsalloc;
     1098:  302:      maddr = mmap(maddr, bufalloc - bufsalloc, PROT_READ | PROT_WRITE,
call    0 returned 100%
        -:  303:		   MAP_PRIVATE | MAP_FIXED, bufdesc, bufoffset);
     1098:  304:      if (maddr == (caddr_t) -1)
branch  0 taken 0% (fallthrough)
branch  1 taken 100%
        -:  305:	{
        -:  306:          /* This used to issue a warning, but on some hosts
        -:  307:             (e.g. Solaris 2.5) mmap can fail merely because some
        -:  308:             other process has an advisory erad lock on the file.
        -:  309:             There's no point alarming the use about this misfeature */
        -:  310:#if 0
        -:  311:	  fprintf(stderr, _("%s: warning: %s: %s\n"), prog, filename,
        -:  312:		  strerror(errno));
        -:  313:#endif
    #####:  314:	  goto tryread;
        -:  315:	}
        -:  316:#if 0
        -:  317:      /* You might thing this (or MADV_WILLNEED) would help,
        -:  318:	 but it doesn't, at least not on a Sun running 4.1.
        -:  319:	 In fact, it actually slows us down about 30%! */
        -:  320:      madvise(maddr, bufalloc - bufsalloc, MADV_SEQUENTIAL);
        -:  321:#endif
     1098:  322:      cc = bufalloc - bufsalloc;
     1098:  323:      bufoffset += cc;
        -:  324:    }
        -:  325:  else
        -:  326:    {
     244*:  327:    tryread:
        -:  328:      /* We come here when we're not going to use mmap() any more.
        -:  329:	 Note that we need to synchronize the file offset the
        -:  330:	 first time through. */
      244:  331:      if (bufmapped)
branch  0 taken 50% (fallthrough)
branch  1 taken 50%
        -:  332:	{
      122:  333:	  bufmapped = 0;
      122:  334:	  lseek(bufdesc, bufoffset, 0);
call    0 returned 100%
        -:  335:	}
      244:  336:      cc = read(bufdesc, buffer + bufsalloc, bufalloc - bufsalloc);
call    0 returned 100%
        -:  337:    }
        -:  338:#else
        -:  339:  cc = read(bufdesc, buffer + bufsalloc, bufalloc - bufsalloc);
        -:  340:#endif
        -:  341:#if O_BINARY
        -:  342:  if (O_BINARY && cc > 0)
        -:  343:    cc = undossify_input(buffer + bufsalloc, cc);
        -:  344:#endif
     1342:  345:  if (cc > 0)
branch  0 taken 91% (fallthrough)
branch  1 taken 9%
     1220:  346:    buflim = buffer + bufsalloc + cc;
        -:  347:  else
      122:  348:    buflim = buffer + bufsalloc;
     1342:  349:  return cc;
        -:  350:}
        -:  351:
        -:  352:/* Flags controlling the style of output. */
        -:  353:static int out_quiet;		/* Suppress all normal output. */
        -:  354:static int out_invert;		/* Print nonmatching stuff. */
        -:  355:static int out_file;		/* Print filenames. */
        -:  356:static int out_line;		/* Print line numbers. */
        -:  357:static int out_byte;		/* Print byte offsets. */
        -:  358:static int out_before;		/* Lines of leading context. */
        -:  359:static int out_after;		/* Lines of trailing context. */
        -:  360:
        -:  361:/* Internal variables to keep track of byte count, context, etc. */
        -:  362:static size_t totalcc;		/* Total character count before bufbeg. */
        -:  363:static char *lastnl;		/* Pointer after last newline counted. */
        -:  364:static char *lastout;		/* Pointer after last character output;
        -:  365:				   NULL if no character has been output
        -:  366:				   or if it's conceptually before bufbeg. */
        -:  367:static size_t totalnl;		/* Total newline count before lastnl. */
        -:  368:static int pending;		/* Pending lines of output. */
        -:  369:static int done_on_match;		/* Stop scanning file on first match */
        -:  370:
        -:  371:#if O_BINARY
        -:  372:# include "dosbuf.c"
        -:  373:#endif
        -:  374:
        -:  375:static void
function nlscan called 0 returned 0% blocks executed 0%
    #####:  376:nlscan(lim)
        -:  377:     char *lim;
        -:  378:{
        -:  379:  char *beg;
        -:  380:
    #####:  381:  for (beg = lastnl; beg < lim; ++beg)
branch  0 never executed
branch  1 never executed
    #####:  382:    if (*beg == '\n')
branch  0 never executed
branch  1 never executed
    #####:  383:      ++totalnl;
    #####:  384:  lastnl = beg;
    #####:  385:}
        -:  386:
        -:  387:static void
function prline called 257060 returned 100% blocks executed 62%
   257060:  388:prline(beg, lim, sep)
        -:  389:     char *beg;
        -:  390:     char *lim;
        -:  391:     int sep;
        -:  392:{
   257060:  393:  if (out_file)
branch  0 taken 1% (fallthrough)
branch  1 taken 99%
     1298:  394:    printf("%s%c", filename, sep);
call    0 returned 100%
   257060:  395:  if (out_line)
branch  0 taken 0% (fallthrough)
branch  1 taken 100%
        -:  396:    {
    #####:  397:      nlscan(beg);
call    0 never executed
    #####:  398:      printf("%u%c", (unsigned int)++totalnl, sep);
call    0 never executed
    #####:  399:      lastnl = lim;
        -:  400:    }
   257060:  401:  if (out_byte)
branch  0 taken 0% (fallthrough)
branch  1 taken 100%
        -:  402:#if O_BINARY
        -:  403:    printf("%lu%c",
        -:  404:	   (unsigned long int) dossified_pos(totalcc + (beg - bufbeg)), sep);
        -:  405:#else
    #####:  406:    printf("%lu%c", (unsigned long int) (totalcc + (beg - bufbeg)), sep);
call    0 never executed
        -:  407:#endif
   257060:  408:  fwrite(beg, 1, lim - beg, stdout);
call    0 returned 100%
   257060:  409:  if (ferror(stdout))
call    0 returned 100%
branch  1 taken 0% (fallthrough)
branch  2 taken 100%
    #####:  410:    error(_("writing output"), errno);
call    0 never executed
   257060:  411:  lastout = lim;
   257060:  412:}
        -:  413:
        -:  414:/* Print pending lines of trailing context prior to LIM. */
        -:  415:static void
function prpending called 1579 returned 100% blocks executed 80%
     1579:  416:prpending(lim)
        -:  417:     char *lim;
        -:  418:{
        -:  419:  char *nl;
        -:  420:
     1579:  421:  if (!lastout)
branch  0 taken 0% (fallthrough)
branch  1 taken 100%
    #####:  422:    lastout = bufbeg;
     7345:  423:  while (pending > 0 && lastout < lim)
branch  0 taken 89% (fallthrough)
branch  1 taken 11%
branch  2 taken 88%
branch  3 taken 12% (fallthrough)
        -:  424:    {
     5766:  425:      --pending;
     5766:  426:      if ((nl = memchr(lastout, '\n', lim - lastout)) != 0)
branch  0 taken 100% (fallthrough)
branch  1 taken 0%
     5766:  427:	++nl;
        -:  428:      else
    #####:  429:	nl = lim;
     5766:  430:      prline(lastout, nl, '-');
call    0 returned 100%
        -:  431:    }
     1579:  432:}
        -:  433:
        -:  434:/* Print the lines between BEG and LIM.  Deal with context crap.
        -:  435:   If NLINESP is non-null, store a count of lines between BEG and LIM. */
        -:  436:static void
function prtext called 248069 returned 100% blocks executed 74%
   248069:  437:prtext(beg, lim, nlinesp)
        -:  438:     char *beg;
        -:  439:     char *lim;
        -:  440:     int *nlinesp;
        -:  441:{
        -:  442:  static int used;		/* avoid printing "--" before any output */
        -:  443:  char *bp, *p, *nl;
        -:  444:  int i, n;
        -:  445:
   248069:  446:  if (!out_quiet && pending > 0)
branch  0 taken 100% (fallthrough)
branch  1 taken 0%
branch  2 taken 1% (fallthrough)
branch  3 taken 99%
     1538:  447:    prpending(beg);
call    0 returned 100%
        -:  448:
   248069:  449:  p = beg;
        -:  450:
   248069:  451:  if (!out_quiet)
branch  0 taken 100% (fallthrough)
branch  1 taken 0%
        -:  452:    {
        -:  453:      /* Deal with leading context crap. */
        -:  454:
   248069:  455:      bp = lastout ? lastout : bufbeg;
branch  0 taken 100% (fallthrough)
branch  1 taken 1%
   256397:  456:      for (i = 0; i < out_before; ++i)
branch  0 taken 3%
branch  1 taken 97% (fallthrough)
     8328:  457:	if (p > bp)
branch  0 taken 39% (fallthrough)
branch  1 taken 61%
        -:  458:	  do
    89249:  459:	    --p;
    89249:  460:	  while (p > bp && p[-1] != '\n');
branch  0 taken 100% (fallthrough)
branch  1 taken 1%
branch  2 taken 97%
branch  3 taken 3% (fallthrough)
        -:  461:
        -:  462:      /* We only print the "--" separator if our output is
        -:  463:	 discontiguous from the last output in the file. */
   248069:  464:      if ((out_before || out_after) && used && p != lastout)
branch  0 taken 99% (fallthrough)
branch  1 taken 1%
branch  2 taken 0% (fallthrough)
branch  3 taken 100%
branch  4 taken 99% (fallthrough)
branch  5 taken 1%
branch  6 taken 27% (fallthrough)
branch  7 taken 73%
      426:  465:	puts("--");
call    0 returned 100%
        -:  466:
   251294:  467:      while (p < beg)
branch  0 taken 1%
branch  1 taken 99% (fallthrough)
        -:  468:	{
     3225:  469:	  nl = memchr(p, '\n', beg - p);
     3225:  470:	  prline(p, nl + 1, '-');
call    0 returned 100%
     3225:  471:	  p = nl + 1;
        -:  472:	}
        -:  473:    }
        -:  474:
   248069:  475:  if (nlinesp)
branch  0 taken 0% (fallthrough)
branch  1 taken 100%
        -:  476:    {
        -:  477:      /* Caller wants a line count. */
    #####:  478:      for (n = 0; p < lim; ++n)
branch  0 never executed
branch  1 never executed
        -:  479:	{
    #####:  480:	  if ((nl = memchr(p, '\n', lim - p)) != 0)
branch  0 never executed
branch  1 never executed
    #####:  481:	    ++nl;
        -:  482:	  else
    #####:  483:	    nl = lim;
    #####:  484:	  if (!out_quiet)
branch  0 never executed
branch  1 never executed
    #####:  485:	    prline(p, nl, ':');
call    0 never executed
    #####:  486:	  p = nl;
        -:  487:	}
    #####:  488:      *nlinesp = n;
        -:  489:    }
        -:  490:  else
   248069:  491:    if (!out_quiet)
branch  0 taken 100% (fallthrough)
branch  1 taken 0%
   248069:  492:      prline(beg, lim, ':');
call    0 returned 100%
        -:  493:
   248069:  494:  pending = out_after;
   248069:  495:  used = 1;
   248069:  496:}
        -:  497:
        -:  498:/* Scan the specified portion of the buffer, matching lines (or
        -:  499:   between matching lines if OUT_INVERT is true).  Return a count of
        -:  500:   lines printed. */
        -:  501:static int
function grepbuf called 1342 returned 100% blocks executed 55%
     1342:  502:grepbuf(beg, lim)
        -:  503:     char *beg;
        -:  504:     char *lim;
        -:  505:{
        -:  506:  int nlines, n;
        -:  507:  register char *p, *b;
        -:  508:  char *endp;
        -:  509:
     1342:  510:  nlines = 0;
     1342:  511:  p = beg;
   249411:  512:  while ((b = (*execute)(p, lim - p, &endp)) != 0)
call    0 returned 100%
branch  1 taken 99%
branch  2 taken 1% (fallthrough)
        -:  513:    {
        -:  514:      /* Avoid matching the empty line at the end of the buffer. */
  248069*:  515:      if (b == lim && ((b > beg && b[-1] == '\n') || b == beg))
branch  0 taken 0% (fallthrough)
branch  1 taken 100%
branch  2 never executed
branch  3 never executed
branch  4 never executed
branch  5 never executed
branch  6 never executed
branch  7 never executed
        -:  516:	break;
   248069:  517:      if (!out_invert)
branch  0 taken 100% (fallthrough)
branch  1 taken 0%
        -:  518:	{
   248069:  519:	  prtext(b, endp, (int *) 0);
call    0 returned 100%
   248069:  520:	  nlines += 1;
   248069:  521:	  if (done_on_match)
branch  0 taken 0% (fallthrough)
branch  1 taken 100%
    #####:  522:	    return nlines;
        -:  523:	}
    #####:  524:      else if (p < b)
branch  0 never executed
branch  1 never executed
        -:  525:	{
    #####:  526:	  prtext(p, b, &n);
call    0 never executed
    #####:  527:	  nlines += n;
        -:  528:	}
   248069:  529:      p = endp;
        -:  530:    }
    1342*:  531:  if (out_invert && p < lim)
branch  0 taken 0% (fallthrough)
branch  1 taken 100%
branch  2 never executed
branch  3 never executed
        -:  532:    {
    #####:  533:      prtext(p, lim, &n);
call    0 never executed
    #####:  534:      nlines += n;
        -:  535:    }
     1342:  536:  return nlines;
        -:  537:}
        -:  538:
        -:  539:/* Search a given file.  Return a count of lines printed. */
        -:  540:static int
function grep called 122 returned 100% blocks executed 88%
      122:  541:grep(fd)
        -:  542:     int fd;
        -:  543:{
        -:  544:  int nlines, i;
        -:  545:  size_t residue, save;
        -:  546:  char *beg, *lim;
        -:  547:
      122:  548:  reset(fd);
call    0 returned 100%
        -:  549:
      122:  550:  totalcc = 0;
      122:  551:  lastout = 0;
      122:  552:  totalnl = 0;
      122:  553:  pending = 0;
        -:  554:
      122:  555:  nlines = 0;
      122:  556:  residue = 0;
      122:  557:  save = 0;
        -:  558:
        -:  559:  for (;;)
        -:  560:    {
     1342:  561:      if (fillbuf(save) < 0)
call    0 returned 100%
branch  1 taken 0% (fallthrough)
branch  2 taken 100%
        -:  562:	{
    #####:  563:	  error(filename, errno);
call    0 never executed
    #####:  564:	  return nlines;
        -:  565:	}
     1342:  566:      lastnl = bufbeg;
     1342:  567:      if (lastout)
branch  0 taken 18% (fallthrough)
branch  1 taken 82%
      241:  568:	lastout = bufbeg;
     1342:  569:      if (buflim - bufbeg == save)
branch  0 taken 9% (fallthrough)
branch  1 taken 91%
      122:  570:	break;
     1220:  571:      beg = bufbeg + save - residue;
    33184:  572:      for (lim = buflim; lim > beg && lim[-1] != '\n'; --lim)
branch  0 taken 100% (fallthrough)
branch  1 taken 0%
branch  2 taken 96%
branch  3 taken 4% (fallthrough)
        -:  573:	;
     1220:  574:      residue = buflim - lim;
     1220:  575:      if (beg < lim)
branch  0 taken 100% (fallthrough)
branch  1 taken 0%
        -:  576:	{
     1220:  577:	  nlines += grepbuf(beg, lim);
call    0 returned 100%
     1220:  578:	  if (pending)
branch  0 taken 3% (fallthrough)
branch  1 taken 97%
       40:  579:	    prpending(lim);
call    0 returned 100%
    1220*:  580:	  if (nlines && done_on_match && !out_invert)
branch  0 taken 64% (fallthrough)
branch  1 taken 36%
branch  2 taken 0% (fallthrough)
branch  3 taken 100%
branch  4 never executed
branch  5 never executed
    #####:  581:	    return nlines;
        -:  582:	}
     1220:  583:      i = 0;
     1220:  584:      beg = lim;
     1786:  585:      while (i < out_before && beg > bufbeg && beg != lastout)
branch  0 taken 32% (fallthrough)
branch  1 taken 68%
branch  2 taken 100% (fallthrough)
branch  3 taken 0%
branch  4 taken 98%
branch  5 taken 2% (fallthrough)
        -:  586:	{
      566:  587:	  ++i;
        -:  588:	  do
    16290:  589:	    --beg;
    16290:  590:	  while (beg > bufbeg && beg[-1] != '\n');
branch  0 taken 100% (fallthrough)
branch  1 taken 0%
branch  2 taken 97%
branch  3 taken 3% (fallthrough)
        -:  591:	}
     1220:  592:      if (beg != lastout)
branch  0 taken 80% (fallthrough)
branch  1 taken 20%
      979:  593:	lastout = 0;
     1220:  594:      save = residue + lim - beg;
     1220:  595:      totalcc += buflim - bufbeg - save;
     1220:  596:      if (out_line)
branch  0 taken 0% (fallthrough)
branch  1 taken 100%
    #####:  597:	nlscan(beg);
call    0 never executed
        -:  598:    }
      122:  599:  if (residue)
branch  0 taken 100% (fallthrough)
branch  1 taken 0%
        -:  600:    {
      122:  601:      nlines += grepbuf(bufbeg + save - residue, buflim);
call    0 returned 100%
      122:  602:      if (pending)
branch  0 taken 1% (fallthrough)
branch  1 taken 99%
        1:  603:	prpending(buflim);
call    0 returned 100%
        -:  604:    }
      122:  605:  return nlines;
        -:  606:}
        -:  607:
        -:  608:
        -:  609:static void
function usage called 9 returned 0% blocks executed 40%
        9:  610:usage(status)
        -:  611:int status;
        -:  612:{
        9:  613:  if (status != 0)
branch  0 taken 100% (fallthrough)
branch  1 taken 0%
        -:  614:    {
        9:  615:      fprintf (stderr, _("Usage: %s [OPTION]... PATTERN [FILE]...\n"), prog);
call    0 returned 100%
        9:  616:      fprintf (stderr, _("Try `%s --help' for more information.\n"), prog);
call    0 returned 100%
        -:  617:    }
        -:  618:  else
        -:  619:    {
    #####:  620:      printf (_("Usage: %s [OPTION]... PATTERN [FILE] ...\n"), prog);
call    0 never executed
    #####:  621:      printf (_("\
call    0 never executed
        -:  622:Search for PATTERN in each FILE or standard input.\n\
        -:  623:\n\
        -:  624:Regexp selection and interpretation:\n\
        -:  625:  -E, --extended-regexp     PATTERN is an extended regular expression\n\
        -:  626:  -F, --fixed-regexp        PATTERN is a fixed string separated by newlines\n\
        -:  627:  -G, --basic-regexp        PATTERN is a basic regular expression\n\
        -:  628:  -e, --regexp=PATTERN      use PATTERN as a regular expression\n\
        -:  629:  -f, --file=FILE           obtain PATTERN from FILE\n\
        -:  630:  -i, --ignore-case         ignore case distinctions\n\
        -:  631:  -w, --word-regexp         force PATTERN to match only whole words\n\
        -:  632:  -x, --line-regexp         force PATTERN to match only whole lines\n"));
    #####:  633:      printf (_("\
call    0 never executed
        -:  634:\n\
        -:  635:Miscellaneous:\n\
        -:  636:  -s, --no-messages         suppress error messages\n\
        -:  637:  -v, --revert-match        select non-matching lines\n\
        -:  638:  -V, --version             print version information and exit\n\
        -:  639:      --help                display this help and exit\n"));
    #####:  640:      printf (_("\
call    0 never executed
        -:  641:\n\
        -:  642:Output control:\n\
        -:  643:  -b, --byte-offset         print the byte offset with output lines\n\
        -:  644:  -n, --line-number         print line number with output lines\n\
        -:  645:  -H, --with-filename       print the filename for each match\n\
        -:  646:  -h, --no-filename         suppress the prefixing filename on output\n\
        -:  647:  -q, --quiet, --silent     suppress all normal output\n\
        -:  648:  -L, --files-without-match only print FILE names containing no match\n\
        -:  649:  -l, --files-with-matches  only print FILE names containing matches\n\
        -:  650:  -c, --count               only print a count of matching lines per FILE\n"));
    #####:  651:      printf (_("\
call    0 never executed
        -:  652:\n\
        -:  653:Context control:\n\
        -:  654:  -B, --before-context=NUM  print NUM lines of leading context\n\
        -:  655:  -A, --after-context=NUM   print NUM lines of trailing context\n\
        -:  656:  -NUM                      same as both -B NUM and -A NUM\n\
        -:  657:  -C, --context             same as -2\n\
        -:  658:  -U, --binary              do not strip CR characters at EOL (MSDOS)\n\
        -:  659:  -u, --unix-byte-offsets   report offsets as if CRs were not there (MSDOS)\n\
        -:  660:\n\
        -:  661:If no -[GEF], then `egrep' assumes -E, `fgrep' -F, else -G.\n\
        -:  662:With no FILE, or when FILE is -, read standard input. If less than\n\
        -:  663:two FILEs given, assume -h. Exit with 0 if matches, with 1 if none.\n\
        -:  664:Exit with 2 if syntax errors or system errors.\n"));
    #####:  665:      printf (_("\nReport bugs to <bug-gnu-utils@gnu.org>.\n"));
call    0 never executed
        -:  666:    }
        9:  667:  exit(status);
        -:  668:}
        -:  669:
        -:  670:/* Go through the matchers vector and look for the specified matcher.
        -:  671:   If we find it, install it in compile and execute, and return 1.  */
        -:  672:static int
function setmatcher called 337 returned 100% blocks executed 100%
      337:  673:setmatcher(name)
        -:  674:     char *name;
        -:  675:{
        -:  676:  int i;
        -:  677:#ifdef HAVE_SETRLIMIT
        -:  678:  struct rlimit rlim;
        -:  679:#endif
        -:  680:
     1843:  681:  for (i = 0; matchers[i].name; ++i)
branch  0 taken 91%
branch  1 taken 9% (fallthrough)
     1676:  682:    if (strcmp(name, matchers[i].name) == 0)
branch  0 taken 10% (fallthrough)
branch  1 taken 90%
        -:  683:      {
      170:  684:	compile = matchers[i].compile;
      170:  685:	execute = matchers[i].execute;
        -:  686:#if HAVE_SETRLIMIT && defined(RLIMIT_STACK)
        -:  687:	/* I think every platform needs to do this, so that regex.c
        -:  688:	   doesn't oveflow the stack.  The default value of
        -:  689:	   `re_max_failures' is too large for some platforms: it needs
        -:  690:	   more than 3MB-large stack.
        -:  691:
        -:  692:	   The test for HAVE_SETRLIMIT should go into `configure'.  */
        -:  693:	if (!getrlimit (RLIMIT_STACK, &rlim))
        -:  694:	  {
        -:  695:	    long newlim;
        -:  696:	    extern long int re_max_failures; /* from regex.c */
        -:  697:
        -:  698:	    /* Approximate the amount regex.c needs, plus some more.  */
        -:  699:	    newlim = re_max_failures * 2 * 20 * sizeof (char *);
        -:  700:	    if (newlim > rlim.rlim_max)
        -:  701:	      {
        -:  702:		newlim = rlim.rlim_max;
        -:  703:		re_max_failures = newlim / (2 * 20 * sizeof (char *));
        -:  704:	      }
        -:  705:	    if (rlim.rlim_cur < newlim)
        -:  706:	      rlim.rlim_cur = newlim;
        -:  707:
        -:  708:	    setrlimit (RLIMIT_STACK, &rlim);
        -:  709:	  }
        -:  710:#endif
      170:  711:	return 1;
        -:  712:      }
      167:  713:  return 0;
        -:  714:}
        -:  715:
        -:  716:int
function main called 199 returned 0% blocks executed 71%
      199:  717:main(argc, argv)
        -:  718:     int argc;
        -:  719:     char *argv[];
        -:  720:{
        -:  721:  char *keys;
        -:  722:  size_t keycc, oldcc, keyalloc;
        -:  723:  int count_matches, no_filenames, list_files, suppress_errors;
        -:  724:  int with_filenames;
        -:  725:  int opt, cc, desc, count, status;
        -:  726:  FILE *fp;
        -:  727:  extern char *optarg;
        -:  728:  extern int optind;
        -:  729:  /* add this line for diff between *.c and *.int.c */
      199:  730:  argv[0] = "target1";
        -:  731:  
      199:  732:  prog = argv[0];
      199:  733:  if (prog && strrchr(prog, '/'))
branch  0 taken 100% (fallthrough)
branch  1 taken 0%
branch  2 taken 0% (fallthrough)
branch  3 taken 100%
    #####:  734:    prog = strrchr(prog, '/') + 1;
        -:  735:
        -:  736:#if defined(__MSDOS__) || defined(_WIN32)
        -:  737:  /* DOS and MS-Windows use backslashes as directory separators, and usually
        -:  738:     have an .exe suffix.  They also have case-insensitive filesystems.  */
        -:  739:  if (prog)
        -:  740:    {
        -:  741:      char *p = prog;
        -:  742:      char *bslash = strrchr(argv[0], '\\');
        -:  743:
        -:  744:      if (bslash && bslash >= prog) /* for mixed forward/backslash case */
        -:  745:	prog = bslash + 1;
        -:  746:      else if (prog == argv[0]
        -:  747:	       && argv[0][0] && argv[0][1] == ':') /* "c:progname" */
        -:  748:	prog = argv[0] + 2;
        -:  749:
        -:  750:      /* Collapse the letter-case, so `strcmp' could be used hence.  */
        -:  751:      for ( ; *p; p++)
        -:  752:	if (*p >= 'A' && *p <= 'Z')
        -:  753:	  *p += 'a' - 'A';
        -:  754:
        -:  755:      /* Remove the .exe extension, if any.  */
        -:  756:      if ((p = strrchr(prog, '.')) && strcmp(p, ".exe") == 0)
        -:  757:	*p = '\0';
        -:  758:    }
        -:  759:#endif
        -:  760:
      199:  761:  keys = NULL;
      199:  762:  keycc = 0;
      199:  763:  count_matches = 0;
      199:  764:  no_filenames = 0;
      199:  765:  with_filenames = 0;
      199:  766:  list_files = 0;
      199:  767:  suppress_errors = 0;
      199:  768:  matcher = NULL;
        -:  769:
        -:  770:/* Internationalization. */
        -:  771:#if HAVE_SETLOCALE
      199:  772:  setlocale (LC_ALL, "");
call    0 returned 100%
        -:  773:#endif
        -:  774:#if ENABLE_NLS
      199:  775:  bindtextdomain (PACKAGE, LOCALEDIR);
call    0 returned 100%
      199:  776:  textdomain (PACKAGE);
call    0 returned 100%
        -:  777:#endif
        -:  778:
      246:  779:  while ((opt = getopt_long(argc, argv,
call    0 returned 100%
branch  1 taken 31%
branch  2 taken 69% (fallthrough)
        -:  780:#if O_BINARY
        -:  781:         "0123456789A:B:CEFGHVX:bce:f:hiLlnqsvwxyUu",
        -:  782:#else
        -:  783:         "0123456789A:B:CEFGHVX:bce:f:hiLlnqsvwxy",
        -:  784:#endif
        -:  785:         long_options, NULL)) != EOF)
       76:  786:    switch (opt)
branch  0 taken 17%
branch  1 taken 1%
branch  2 taken 1%
branch  3 taken 0%
branch  4 taken 4%
branch  5 taken 3%
branch  6 taken 3%
branch  7 taken 0%
branch  8 taken 0%
branch  9 taken 5%
branch 10 taken 0%
branch 11 taken 3%
branch 12 taken 21%
branch 13 taken 20%
branch 14 taken 0%
branch 15 taken 7%
branch 16 taken 1%
branch 17 taken 1%
branch 18 taken 0%
branch 19 taken 0%
branch 20 taken 0%
branch 21 taken 1%
branch 22 taken 0%
branch 23 taken 0%
branch 24 taken 0%
branch 25 taken 12%
        -:  787:      {
       13:  788:      case '0':
        -:  789:      case '1':
        -:  790:      case '2':
        -:  791:      case '3':
        -:  792:      case '4':
        -:  793:      case '5':
        -:  794:      case '6':
        -:  795:      case '7':
        -:  796:      case '8':
        -:  797:      case '9':
       13:  798:	out_before = 10 * out_before + opt - '0';
       13:  799:	out_after = 10 * out_after + opt - '0';
       13:  800:	break;
        1:  801:      case 'A':
        1:  802:	if (optarg)
branch  0 taken 100% (fallthrough)
branch  1 taken 0%
        -:  803:	  {
        1:  804:	    if (ck_atoi (optarg, &out_after))
call    0 returned 100%
branch  1 taken 100% (fallthrough)
branch  2 taken 0%
        1:  805:	      fatal (_("invalid context length argument"), 0);
call    0 returned 0%
        -:  806:	  }
    #####:  807:	break;
        1:  808:      case 'B':
        1:  809:	if (optarg)
branch  0 taken 100% (fallthrough)
branch  1 taken 0%
        -:  810:	  {
        1:  811:	    if (ck_atoi (optarg, &out_before))
call    0 returned 100%
branch  1 taken 100% (fallthrough)
branch  2 taken 0%
        1:  812:	      fatal (_("invalid context length argument"), 0);
call    0 returned 0%
        -:  813:	  }
    #####:  814:	break;
    #####:  815:      case 'C':
    #####:  816:	out_before = out_after = 2;
    #####:  817:	break;
        3:  818:      case 'E':
        3:  819:	if (matcher && strcmp(matcher, "posix-egrep") != 0)
branch  0 taken 33% (fallthrough)
branch  1 taken 67%
branch  2 taken 100% (fallthrough)
branch  3 taken 0%
        1:  820:	  fatal(_("you may specify only one of -E, -F, or -G"), 0);
call    0 returned 0%
        2:  821:	matcher = "posix-egrep";
        2:  822:	break;
        2:  823:      case 'F':
        2:  824:	if (matcher && strcmp(matcher, "fgrep") != 0)
branch  0 taken 50% (fallthrough)
branch  1 taken 50%
branch  2 taken 100% (fallthrough)
branch  3 taken 0%
        1:  825:	  fatal(_("you may specify only one of -E, -F, or -G"), 0);;
call    0 returned 0%
        1:  826:	matcher = "fgrep";
        1:  827:	break;
        2:  828:      case 'G':
        2:  829:	if (matcher && strcmp(matcher, "grep") != 0)
branch  0 taken 50% (fallthrough)
branch  1 taken 50%
branch  2 taken 100% (fallthrough)
branch  3 taken 0%
        1:  830:	  fatal(_("you may specify only one of -E, -F, or -G"), 0);
call    0 returned 0%
        1:  831:	matcher = "grep";
        1:  832:	break;
    #####:  833:      case 'H':
    #####:  834:	with_filenames = 1;
    #####:  835:	break;
        -:  836:#if O_BINARY
        -:  837:      case 'U':
        -:  838:	dos_use_file_type = DOS_BINARY;
        -:  839:	break;
        -:  840:      case 'u':
        -:  841:	dos_report_unix_offset = 1;
        -:  842:	break;
        -:  843:#endif
    #####:  844:      case 'V':
    #####:  845:	show_version = 1;
    #####:  846:	break;
        4:  847:      case 'X':
        4:  848:	if (matcher)
branch  0 taken 25% (fallthrough)
branch  1 taken 75%
        1:  849:	  fatal(_("matcher already specified"), 0);
call    0 returned 0%
        3:  850:	matcher = optarg;
        3:  851:	break;
    #####:  852:      case 'b':
    #####:  853:	out_byte = 1;
    #####:  854:	break;
        2:  855:      case 'c':
        2:  856:	out_quiet = 1;
        2:  857:	count_matches = 1;
        2:  858:	break;
       16:  859:      case 'e':
       16:  860:	cc = strlen(optarg);
       16:  861:	keys = xrealloc(keys, keycc + cc + 1);
call    0 returned 100%
       16:  862:	strcpy(&keys[keycc], optarg);
       16:  863:	keycc += cc;
       16:  864:	keys[keycc++] = '\n';
       16:  865:	break;
       15:  866:      case 'f':
      15*:  867:	fp = strcmp(optarg, "-") != 0 ? fopen(optarg, "r") : stdin;
branch  0 taken 100% (fallthrough)
branch  1 taken 0%
call    2 returned 100%
       15:  868:	if (!fp)
branch  0 taken 93% (fallthrough)
branch  1 taken 7%
       14:  869:	  fatal(optarg, errno);
call    0 returned 0%
        2:  870:	for (keyalloc = 1; keyalloc <= keycc + 1; keyalloc *= 2)
branch  0 taken 50%
branch  1 taken 50% (fallthrough)
        -:  871:	  ;
        1:  872:	keys = xrealloc(keys, keyalloc);
call    0 returned 100%
        1:  873:	oldcc = keycc;
       20:  874:	while (!feof(fp)
call    0 returned 100%
branch  1 taken 95% (fallthrough)
branch  2 taken 5%
       19:  875:	       && (cc = fread(keys + keycc, 1, keyalloc - 1 - keycc, fp)) > 0)
call    0 returned 100%
branch  1 taken 100%
branch  2 taken 0% (fallthrough)
        -:  876:	  {
       19:  877:	    keycc += cc;
       19:  878:	    if (keycc == keyalloc - 1)
branch  0 taken 95% (fallthrough)
branch  1 taken 5%
       18:  879:	      keys = xrealloc(keys, keyalloc *= 2);
call    0 returned 100%
        -:  880:	  }
        1:  881:	if (fp != stdin)
branch  0 taken 100% (fallthrough)
branch  1 taken 0%
        1:  882:	  fclose(fp);
call    0 returned 100%
        -:  883:	/* Append final newline if file ended in non-newline. */
        1:  884:	if (oldcc != keycc && keys[keycc - 1] != '\n')
branch  0 taken 100% (fallthrough)
branch  1 taken 0%
branch  2 taken 100% (fallthrough)
branch  3 taken 0%
        1:  885:	  keys[keycc++] = '\n';
        1:  886:	break;
    #####:  887:      case 'h':
    #####:  888:	no_filenames = 1;
    #####:  889:	break;
        5:  890:      case 'i':
        -:  891:      case 'y':			/* For old-timers . . . */
        5:  892:	match_icase = 1;
        5:  893:	break;
        1:  894:      case 'L':
        -:  895:	/* Like -l, except list files that don't contain matches.
        -:  896:	   Inspired by the same option in Hume's gre. */
        1:  897:	out_quiet = 1;
        1:  898:	list_files = -1;
        1:  899:	done_on_match = 1;
        1:  900:	break;
        1:  901:      case 'l':
        1:  902:	out_quiet = 1;
        1:  903:	list_files = 1;
        1:  904:	done_on_match = 1;
        1:  905:	break;
    #####:  906:      case 'n':
    #####:  907:	out_line = 1;
    #####:  908:	break;
    #####:  909:      case 'q':
    #####:  910:	done_on_match = 1;
    #####:  911:	out_quiet = 1;
    #####:  912:	break;
    #####:  913:      case 's':
    #####:  914:	suppress_errors = 1;
    #####:  915:	break;
        1:  916:      case 'v':
        1:  917:	out_invert = 1;
        1:  918:	break;
    #####:  919:      case 'w':
    #####:  920:	match_words = 1;
    #####:  921:	break;
    #####:  922:      case 'x':
    #####:  923:	match_lines = 1;
    #####:  924:	break;
    #####:  925:      case 0:
        -:  926:	/* long options */
    #####:  927:	break;
        9:  928:      default:
        9:  929:	usage(2);
call    0 returned 0%
    #####:  930:	break;
        -:  931:      }
        -:  932:
      170:  933:  if (show_version)
branch  0 taken 0% (fallthrough)
branch  1 taken 100%
        -:  934:    {
    #####:  935:      printf (_("grep (GNU grep) %s\n"), VERSION);
call    0 never executed
    #####:  936:      printf ("\n");
call    0 never executed
    #####:  937:      printf (_("\
call    0 never executed
        -:  938:Copyright (C) 1988, 92, 93, 94, 95, 96, 97 Free Software Foundation, Inc.\n"));
    #####:  939:      printf (_("\
call    0 never executed
        -:  940:This is free software; see the source for copying conditions. There is NO\n\
        -:  941:warranty; not even for MERCHANTABILITY or FITNESS FOR A PARTICULAR PURPOSE.\n"));
    #####:  942:      printf ("\n");
call    0 never executed
    #####:  943:      exit (0);
call    0 never executed
        -:  944:    }
        -:  945:
      170:  946:  if (show_help)
branch  0 taken 0% (fallthrough)
branch  1 taken 100%
    #####:  947:    usage(0);
call    0 never executed
        -:  948:
      170:  949:  if (keys)
branch  0 taken 2% (fallthrough)
branch  1 taken 98%
        -:  950:    {
        -:  951:      /* No keys were specified (e.g. -f /dev/null)/ Match nothing/ */
        4:  952:      if (keycc == 0)
branch  0 taken 0% (fallthrough)
branch  1 taken 100%
    #####:  953:        out_invert ^= 1;
        -:  954:      else /* strip trailin newline. */
        4:  955:        --keycc;
        -:  956:    }
        -:  957:  else
      166:  958:    if (optind < argc)
branch  0 taken 100% (fallthrough)
branch  1 taken 0%
        -:  959:      {
      166:  960:	keys = argv[optind++];
      166:  961:	keycc = strlen(keys);
        -:  962:      }
        -:  963:    else
    #####:  964:      usage(2);
call    0 never executed
        -:  965:
      170:  966:  if (!matcher)
branch  0 taken 98% (fallthrough)
branch  1 taken 2%
      167:  967:    matcher = prog;
        -:  968:
      170:  969:  if (!setmatcher(matcher) && !setmatcher("default"))
call    0 returned 100%
branch  1 taken 98% (fallthrough)
branch  2 taken 2%
call    3 returned 100%
branch  4 taken 0% (fallthrough)
branch  5 taken 100%
    #####:  970:    abort();
call    0 never executed
        -:  971:
      170:  972:  (*compile)(keys, keycc);
call    0 returned 74%
        -:  973:
      125:  974:  if ((argc - optind > 1 && !no_filenames) || with_filenames)
branch  0 taken 1% (fallthrough)
branch  1 taken 99%
branch  2 taken 0% (fallthrough)
branch  3 taken 100%
branch  4 taken 0% (fallthrough)
branch  5 taken 100%
        1:  975:    out_file = 1;
        -:  976:
      125:  977:  status = 1;
        -:  978:
      125:  979:  if (optind < argc)
branch  0 taken 100% (fallthrough)
branch  1 taken 0%
      251:  980:    while (optind < argc)
branch  0 taken 50%
branch  1 taken 50%
        -:  981:      {
      126:  982:	if (strcmp(argv[optind], "-") == 0)
branch  0 taken 0% (fallthrough)
branch  1 taken 100%
        -:  983:	  {
    #####:  984:	    filename = _("(standard input)");
    #####:  985:	    desc = 0;
        -:  986:	  }
        -:  987:	else
        -:  988:	  {
        -:  989:#if defined(__MSDOS__) || defined(_WIN32)
        -:  990:	    struct stat st;
        -:  991:	    if (stat (argv[optind], &st) == 0 && S_ISDIR(st.st_mode))
        -:  992:	      {
        -:  993:		++optind;
        -:  994:		continue;
        -:  995:	      }
        -:  996:#endif
      126:  997:	    filename = argv[optind];
      126:  998:	    desc = open(argv[optind], O_RDONLY);
call    0 returned 100%
        -:  999:	  }
      126: 1000:	if (desc < 0)
branch  0 taken 3% (fallthrough)
branch  1 taken 97%
        -: 1001:	  {
        4: 1002:	    if (!suppress_errors)
branch  0 taken 100% (fallthrough)
branch  1 taken 0%
        4: 1003:	      error(argv[optind], errno);
call    0 returned 100%
        -: 1004:	  }
        -: 1005:	else
        -: 1006:	  {
        -: 1007:#if O_BINARY
        -: 1008:	    /* Set input to binary mode.  Pipes are simulated with files
        -: 1009:	       on DOS, so this includes the case of "foo | grep bar".  */
        -: 1010:	    if (!isatty(desc))
        -: 1011:	      SET_BINARY(desc);
        -: 1012:#endif
      122: 1013:	    count = grep(desc);
call    0 returned 100%
      122: 1014:	    if (count_matches)
branch  0 taken 0% (fallthrough)
branch  1 taken 100%
        -: 1015:	      {
    #####: 1016:		if (out_file)
branch  0 never executed
branch  1 never executed
    #####: 1017:		  printf("%s:", filename);
call    0 never executed
    #####: 1018:		printf("%d\n", count);
call    0 never executed
        -: 1019:	      }
      122: 1020:	    if (count)
branch  0 taken 65% (fallthrough)
branch  1 taken 35%
        -: 1021:	      {
       79: 1022:		status = 0;
       79: 1023:		if (list_files == 1)
branch  0 taken 0% (fallthrough)
branch  1 taken 100%
    #####: 1024:		  printf("%s\n", filename);
call    0 never executed
        -: 1025:	      }
       43: 1026:	    else if (list_files == -1)
branch  0 taken 0% (fallthrough)
branch  1 taken 100%
    #####: 1027:	      printf("%s\n", filename);
call    0 never executed
      122: 1028:	    if (desc != 0)
branch  0 taken 100% (fallthrough)
branch  1 taken 0%
      122: 1029:	      close(desc);
call    0 returned 100%
        -: 1030:	  }
      126: 1031:	++optind;
        -: 1032:      }
        -: 1033:  else
        -: 1034:    {
    #####: 1035:      filename = _("(standard input)");
        -: 1036:#if O_BINARY
        -: 1037:      if (!isatty(0))
        -: 1038:	SET_BINARY(0);
        -: 1039:#endif
    #####: 1040:      count = grep(0);
call    0 never executed
    #####: 1041:      if (count_matches)
branch  0 never executed
branch  1 never executed
    #####: 1042:	printf("%d\n", count);
call    0 never executed
    #####: 1043:      if (count)
branch  0 never executed
branch  1 never executed
        -: 1044:	{
    #####: 1045:	  status = 0;
    #####: 1046:	  if (list_files == 1)
branch  0 never executed
branch  1 never executed
    #####: 1047:	    printf(_("(standard input)\n"));
call    0 never executed
        -: 1048:	}
    #####: 1049:      else if (list_files == -1)
branch  0 never executed
branch  1 never executed
    #####: 1050:	printf(_("(standard input)\n"));
call    0 never executed
        -: 1051:    }
        -: 1052:
      125: 1053:  if (fclose (stdout) == EOF)
call    0 returned 100%
branch  1 taken 0% (fallthrough)
branch  2 taken 100%
    #####: 1054:    error (_("writing output"), errno);
call    0 never executed
        -: 1055:
      125: 1056:  exit(errseen ? 2 : status);
branch  0 taken 97% (fallthrough)
branch  1 taken 3%
        -: 1057:}
        -: 1058:/* dfa.c - deterministic extended regexp routines for GNU
        -: 1059:   Copyright (C) 1988, 1998 Free Software Foundation, Inc.
        -: 1060:
        -: 1061:   This program is free software; you can redistribute it and/or modify
        -: 1062:   it under the terms of the GNU General Public License as published by
        -: 1063:   the Free Software Foundation; either version 2, or (at your option)
        -: 1064:   any later version.
        -: 1065:
        -: 1066:   This program is distributed in the hope that it will be useful,
        -: 1067:   but WITHOUT ANY WARRANTY; without even the implied warranty of
        -: 1068:   MERCHANTABILITY or FITNESS FOR A PARTICULAR PURPOSE.  See the
        -: 1069:   GNU General Public License for more details.
        -: 1070:
        -: 1071:   You should have received a copy of the GNU General Public License
        -: 1072:   along with this program; if not, write to the Free Software
        -: 1073:   Foundation, Inc., 59 Temple Place - Suite 330, Boston, MA  02111-1307, USA */
        -: 1074:
        -: 1075:/* Written June, 1988 by Mike Haertel
        -: 1076:   Modified July, 1988 by Arthur David Olson to assist BMG speedups  */
        -: 1077:
        -: 1078:#ifdef HAVE_CONFIG_H
        -: 1079:#if flag_config==0
        -: 1080:#include <config.h>
        -: 1081:#define flag_config 1
        -: 1082:#endif
        -: 1083:#endif
        -: 1084:
        -: 1085:#include <assert.h>
        -: 1086:#include <ctype.h>
        -: 1087:/*#include <stdio.h>*/
        -: 1088:
        -: 1089:/*#include <sys/types.h>*/
        -: 1090:#ifdef STDC_HEADERS
        -: 1091:#include <stdlib.h>
        -: 1092:#define flag_stdlib 1
        -: 1093:#else
        -: 1094:extern char *calloc(), *malloc(), *realloc();
        -: 1095:extern void free();
        -: 1096:#endif
        -: 1097:
        -: 1098:#if defined(HAVE_STRING_H) || defined(STDC_HEADERS)
        -: 1099:#include <string.h>
        -: 1100:#define flag_string 1
        -: 1101:#undef index
        -: 1102:#define index strchr
        -: 1103:#else
        -: 1104:#include <strings.h>
        -: 1105:#define flag_strings 1
        -: 1106:#endif
        -: 1107:
        -: 1108:#ifndef DEBUG	/* use the same approach as regex.c */
        -: 1109:#undef assert
        -: 1110:#define assert(e)
        -: 1111:#endif /* DEBUG */
        -: 1112:
        -: 1113:#ifndef isgraph
        -: 1114:#define isgraph(C) (isprint(C) && !isspace(C))
        -: 1115:#endif
        -: 1116:
        -: 1117:#undef ISALPHA
        -: 1118:#undef ISUPPER
        -: 1119:#undef ISLOWER
        -: 1120:#undef ISDIGIT
        -: 1121:#undef ISXDIGIT
        -: 1122:#undef ISSPACE
        -: 1123:#undef ISPUNCT
        -: 1124:#undef ISALNUM
        -: 1125:#undef ISPRINT
        -: 1126:#undef ISGRAPH
        -: 1127:#undef ISCNTRL
        -: 1128:
        -: 1129:#if defined (STDC_HEADERS) || (!defined (isascii) && !defined (HAVE_ISASCII))
        -: 1130:#define ISALPHA(C) isalpha(C)
        -: 1131:#define ISUPPER(C) isupper(C)
        -: 1132:#define ISLOWER(C) islower(C)
        -: 1133:#define ISDIGIT(C) isdigit(C)
        -: 1134:#define ISXDIGIT(C) isxdigit(C)
        -: 1135:#define ISSPACE(C) isspace(C)
        -: 1136:#define ISPUNCT(C) ispunct(C)
        -: 1137:#define ISALNUM(C) isalnum(C)
        -: 1138:#define ISPRINT(C) isprint(C)
        -: 1139:#define ISGRAPH(C) isgraph(C)
        -: 1140:#define ISCNTRL(C) iscntrl(C)
        -: 1141:#else
        -: 1142:#define ISALPHA(C) (isascii(C) && isalpha(C))
        -: 1143:#define ISUPPER(C) (isascii(C) && isupper(C))
        -: 1144:#define ISLOWER(C) (isascii(C) && islower(C))
        -: 1145:#define ISDIGIT(C) (isascii(C) && isdigit(C))
        -: 1146:#define ISXDIGIT(C) (isascii(C) && isxdigit(C))
        -: 1147:#define ISSPACE(C) (isascii(C) && isspace(C))
        -: 1148:#define ISPUNCT(C) (isascii(C) && ispunct(C))
        -: 1149:#define ISALNUM(C) (isascii(C) && isalnum(C))
        -: 1150:#define ISPRINT(C) (isascii(C) && isprint(C))
        -: 1151:#define ISGRAPH(C) (isascii(C) && isgraph(C))
        -: 1152:#define ISCNTRL(C) (isascii(C) && iscntrl(C))
        -: 1153:#endif
        -: 1154:
        -: 1155:/* If we (don't) have I18N.  */
        -: 1156:/* glibc defines _ */
        -: 1157:#ifndef _
        -: 1158:# ifdef HAVE_LIBINTL_H
        -: 1159:#  include <libintl.h>
        -: 1160:#define flag_libintl 1
        -: 1161:#  ifndef _
        -: 1162:#   define _(Str) gettext (Str)
        -: 1163:#  endif
        -: 1164:# else
        -: 1165:#  define _(Str) (Str)
        -: 1166:# endif
        -: 1167:#endif
        -: 1168:
        -: 1169:#include "regex.h"
        -: 1170:#include "dfa.h"
        -: 1171:
        -: 1172:static void dfamust PARAMS ((struct dfa *dfa));
        -: 1173:
        -: 1174:static ptr_t xcalloc PARAMS ((size_t n, size_t s));
        -: 1175:static ptr_t xmalloc_1 PARAMS ((size_t n));
        -: 1176:static ptr_t xrealloc_1 PARAMS ((ptr_t p, size_t n));
        -: 1177:#ifdef DEBUG
        -: 1178:static void prtok PARAMS ((token t));
        -: 1179:#endif
        -: 1180:static int tstbit PARAMS ((int b, charclass c));
        -: 1181:static void setbit PARAMS ((int b, charclass c));
        -: 1182:static void clrbit PARAMS ((int b, charclass c));
        -: 1183:static void copyset PARAMS ((charclass src, charclass dst));
        -: 1184:static void zeroset PARAMS ((charclass s));
        -: 1185:static void notset PARAMS ((charclass s));
        -: 1186:static int equal PARAMS ((charclass s1, charclass s2));
        -: 1187:static int charclass_index PARAMS ((charclass s));
        -: 1188:static int looking_at PARAMS ((const char *s));
        -: 1189:static token lex PARAMS ((void));
        -: 1190:static void addtok PARAMS ((token t));
        -: 1191:static void atom PARAMS ((void));
        -: 1192:static int nsubtoks PARAMS ((int tindex));
        -: 1193:static void copytoks PARAMS ((int tindex, int ntokens));
        -: 1194:static void closure PARAMS ((void));
        -: 1195:static void branch PARAMS ((void));
        -: 1196:static void regexp PARAMS ((int toplevel));
        -: 1197:static void copy PARAMS ((position_set *src, position_set *dst));
        -: 1198:static void insert PARAMS ((position p, position_set *s));
        -: 1199:static void merge PARAMS ((position_set *s1, position_set *s2, position_set *m));
        -: 1200:static void delete PARAMS ((position p, position_set *s));
        -: 1201:static int state_index PARAMS ((struct dfa *d, position_set *s,
        -: 1202:			  int newline, int letter));
        -: 1203:static void build_state PARAMS ((int s, struct dfa *d));
        -: 1204:static void build_state_zero PARAMS ((struct dfa *d));
        -: 1205:static char *icatalloc PARAMS ((char *old, char *new));
        -: 1206:static char *icpyalloc PARAMS ((char *string));
        -: 1207:static char *istrstr PARAMS ((char *lookin, char *lookfor));
        -: 1208:static void ifree PARAMS ((char *cp));
        -: 1209:static void freelist PARAMS ((char **cpp));
        -: 1210:static char **enlist PARAMS ((char **cpp, char *new, size_t len));
        -: 1211:static char **comsubs PARAMS ((char *left, char *right));
        -: 1212:static char **addlists PARAMS ((char **old, char **new));
        -: 1213:static char **inboth PARAMS ((char **left, char **right));
        -: 1214:
        -: 1215:static ptr_t
function xcalloc called 235 returned 100% blocks executed 75%
      235: 1216:xcalloc(n, s)
        -: 1217:     size_t n;
        -: 1218:     size_t s;
        -: 1219:{
      235: 1220:  ptr_t r = calloc(n, s);
        -: 1221:
      235: 1222:  if (!r)
branch  0 taken 0% (fallthrough)
branch  1 taken 100%
    #####: 1223:    dfaerror(_("Memory exhausted"));
call    0 never executed
      235: 1224:  return r;
        -: 1225:}
        -: 1226:
        -: 1227:static ptr_t
function xmalloc_1 called 3626 returned 100% blocks executed 75%
     3626: 1228:xmalloc_1(n)
        -: 1229:     size_t n;
        -: 1230:{
     3626: 1231:  ptr_t r = malloc(n);
        -: 1232:
        -: 1233:  assert(n != 0);
     3626: 1234:  if (!r)
branch  0 taken 0% (fallthrough)
branch  1 taken 100%
    #####: 1235:    dfaerror(_("Memory exhausted"));
call    0 never executed
     3626: 1236:  return r;
        -: 1237:}
        -: 1238:
        -: 1239:static ptr_t
function xrealloc_1 called 801 returned 100% blocks executed 75%
      801: 1240:xrealloc_1(p, n)
        -: 1241:     ptr_t p;
        -: 1242:     size_t n;
        -: 1243:{
      801: 1244:  ptr_t r = realloc(p, n);
        -: 1245:
        -: 1246:  assert(n != 0);
      801: 1247:  if (!r)
branch  0 taken 0% (fallthrough)
branch  1 taken 100%
    #####: 1248:    dfaerror(_("Memory exhausted"));
call    0 never executed
      801: 1249:  return r;
        -: 1250:}
        -: 1251:
        -: 1252:#define CALLOC(p, t, n) ((p) = (t *) xcalloc((size_t)(n), sizeof (t)))
        -: 1253:#define MALLOC(p, t, n) ((p) = (t *) xmalloc_1((n) * sizeof (t)))
        -: 1254:#define REALLOC(p, t, n) ((p) = (t *) xrealloc_1((ptr_t) (p), (n) * sizeof (t)))
        -: 1255:
        -: 1256:/* Reallocate an array of type t if nalloc is too small for index. */
        -: 1257:#define REALLOC_IF_NECESSARY(p, t, nalloc, index) \
        -: 1258:  if ((index) >= (nalloc))			  \
        -: 1259:    {						  \
        -: 1260:      while ((index) >= (nalloc))		  \
        -: 1261:	(nalloc) *= 2;				  \
        -: 1262:      REALLOC(p, t, nalloc);			  \
        -: 1263:    }
        -: 1264:
        -: 1265:#ifdef DEBUG
        -: 1266:
        -: 1267:static void
        -: 1268:prtok(t)
        -: 1269:     token t;
        -: 1270:{
        -: 1271:  char *s;
        -: 1272:
        -: 1273:  if (t < 0)
        -: 1274:    fprintf(stderr, "END");
        -: 1275:  else if (t < NOTCHAR)
        -: 1276:    fprintf(stderr, "%c", t);
        -: 1277:  else
        -: 1278:    {
        -: 1279:      switch (t)
        -: 1280:	{
        -: 1281:	case EMPTY: s = "EMPTY"; break;
        -: 1282:	case BACKREF: s = "BACKREF"; break;
        -: 1283:	case BEGLINE: s = "BEGLINE"; break;
        -: 1284:	case ENDLINE: s = "ENDLINE"; break;
        -: 1285:	case BEGWORD: s = "BEGWORD"; break;
        -: 1286:	case ENDWORD: s = "ENDWORD"; break;
        -: 1287:	case LIMWORD: s = "LIMWORD"; break;
        -: 1288:	case NOTLIMWORD: s = "NOTLIMWORD"; break;
        -: 1289:	case QMARK: s = "QMARK"; break;
        -: 1290:	case STAR: s = "STAR"; break;
        -: 1291:	case PLUS: s = "PLUS"; break;
        -: 1292:	case CAT: s = "CAT"; break;
        -: 1293:	case OR: s = "OR"; break;
        -: 1294:	case ORTOP: s = "ORTOP"; break;
        -: 1295:	case LPAREN: s = "LPAREN"; break;
        -: 1296:	case RPAREN: s = "RPAREN"; break;
        -: 1297:	default: s = "CSET"; break;
        -: 1298:	}
        -: 1299:      fprintf(stderr, "%s", s);
        -: 1300:    }
        -: 1301:}
        -: 1302:#endif /* DEBUG */
        -: 1303:
        -: 1304:/* Stuff pertaining to charclasses. */
        -: 1305:
        -: 1306:static int
function tstbit called 286 returned 100% blocks executed 100%
      286: 1307:tstbit(b, c)
        -: 1308:     int b;
        -: 1309:     charclass c;
        -: 1310:{
      286: 1311:  return c[b / INTBITS] & 1 << b % INTBITS;
        -: 1312:}
        -: 1313:
        -: 1314:static void
function setbit called 4231 returned 100% blocks executed 100%
     4231: 1315:setbit(b, c)
        -: 1316:     int b;
        -: 1317:     charclass c;
        -: 1318:{
     4231: 1319:  c[b / INTBITS] |= 1 << b % INTBITS;
     4231: 1320:}
        -: 1321:
        -: 1322:static void
function clrbit called 0 returned 0% blocks executed 0%
    #####: 1323:clrbit(b, c)
        -: 1324:     int b;
        -: 1325:     charclass c;
        -: 1326:{
    #####: 1327:  c[b / INTBITS] &= ~(1 << b % INTBITS);
    #####: 1328:}
        -: 1329:
        -: 1330:static void
function copyset called 282 returned 100% blocks executed 100%
      282: 1331:copyset(src, dst)
        -: 1332:     charclass src;
        -: 1333:     charclass dst;
        -: 1334:{
        -: 1335:  int i;
        -: 1336:
     2538: 1337:  for (i = 0; i < CHARCLASS_INTS; ++i)
branch  0 taken 89%
branch  1 taken 11% (fallthrough)
     2256: 1338:    dst[i] = src[i];
      282: 1339:}
        -: 1340:
        -: 1341:static void
function zeroset called 345 returned 100% blocks executed 100%
      345: 1342:zeroset(s)
        -: 1343:     charclass s;
        -: 1344:{
        -: 1345:  int i;
        -: 1346:
     3105: 1347:  for (i = 0; i < CHARCLASS_INTS; ++i)
branch  0 taken 89%
branch  1 taken 11% (fallthrough)
     2760: 1348:    s[i] = 0;
      345: 1349:}
        -: 1350:
        -: 1351:static void
function notset called 0 returned 0% blocks executed 0%
    #####: 1352:notset(s)
        -: 1353:     charclass s;
        -: 1354:{
        -: 1355:  int i;
        -: 1356:
    #####: 1357:  for (i = 0; i < CHARCLASS_INTS; ++i)
branch  0 never executed
branch  1 never executed
    #####: 1358:    s[i] = ~s[i];
    #####: 1359:}
        -: 1360:
        -: 1361:static int
function equal called 3 returned 100% blocks executed 86%
        3: 1362:equal(s1, s2)
        -: 1363:     charclass s1;
        -: 1364:     charclass s2;
        -: 1365:{
        -: 1366:  int i;
        -: 1367:
        7: 1368:  for (i = 0; i < CHARCLASS_INTS; ++i)
branch  0 taken 100%
branch  1 taken 0% (fallthrough)
        7: 1369:    if (s1[i] != s2[i])
branch  0 taken 43% (fallthrough)
branch  1 taken 57%
        3: 1370:      return 0;
    #####: 1371:  return 1;
        -: 1372:}
        -: 1373:
        -: 1374:/* A pointer to the current dfa is kept here during parsing. */
        -: 1375:static struct dfa *dfa;
        -: 1376:
        -: 1377:/* Find the index of charclass s in dfa->charclasses, or allocate a new charclass. */
        -: 1378:static int
function charclass_index called 36 returned 100% blocks executed 93%
       36: 1379:charclass_index(s)
        -: 1380:     charclass s;
        -: 1381:{
        -: 1382:  int i;
        -: 1383:
       39: 1384:  for (i = 0; i < dfa->cindex; ++i)
branch  0 taken 8%
branch  1 taken 92% (fallthrough)
        3: 1385:    if (equal(s, dfa->charclasses[i]))
call    0 returned 100%
branch  1 taken 0% (fallthrough)
branch  2 taken 100%
    #####: 1386:      return i;
       38: 1387:  REALLOC_IF_NECESSARY(dfa->charclasses, charclass, dfa->calloc, dfa->cindex);
branch  0 taken 6% (fallthrough)
branch  1 taken 94%
branch  2 taken 50%
branch  3 taken 50% (fallthrough)
call    4 returned 100%
       36: 1388:  ++dfa->cindex;
       36: 1389:  copyset(s, dfa->charclasses[i]);
call    0 returned 100%
       36: 1390:  return i;
        -: 1391:}
        -: 1392:
        -: 1393:/* Syntax bits controlling the behavior of the lexical analyzer. */
        -: 1394:static reg_syntax_t syntax_bits, syntax_bits_set;
        -: 1395:
        -: 1396:/* Flag for case-folding letters into sets. */
        -: 1397:static int case_fold;
        -: 1398:
        -: 1399:/* Entry point to set syntax options. */
        -: 1400:void
function dfasyntax called 170 returned 100% blocks executed 100%
      170: 1401:dfasyntax(bits, fold)
        -: 1402:     reg_syntax_t bits;
        -: 1403:     int fold;
        -: 1404:{
      170: 1405:  syntax_bits_set = 1;
      170: 1406:  syntax_bits = bits;
      170: 1407:  case_fold = fold;
      170: 1408:}
        -: 1409:
        -: 1410:/* Lexical analyzer.  All the dross that deals with the obnoxious
        -: 1411:   GNU Regex syntax bits is located here.  The poor, suffering
        -: 1412:   reader is referred to the GNU Regex documentation for the
        -: 1413:   meaning of the @#%!@#%^!@ syntax bits. */
        -: 1414:
        -: 1415:static char *lexstart;		/* Pointer to beginning of input string. */
        -: 1416:static char *lexptr;		/* Pointer to next input character. */
        -: 1417:static int lexleft;		/* Number of characters remaining. */
        -: 1418:static token lasttok;		/* Previous token returned; initially END. */
        -: 1419:static int laststart;		/* True if we're separated from beginning or (, |
        -: 1420:				   only by zero-width characters. */
        -: 1421:static int parens;		/* Count of outstanding left parens. */
        -: 1422:static int minrep, maxrep;	/* Repeat counts for {m,n}. */
        -: 1423:
        -: 1424:/* Note that characters become unsigned here. */
        -: 1425:#define FETCH(c, eoferr)   	      \
        -: 1426:  {			   	      \
        -: 1427:    if (! lexleft)	   	      \
        -: 1428:      if (eoferr != 0)	   	      \
        -: 1429:	dfaerror(eoferr);  	      \
        -: 1430:      else		   	      \
        -: 1431:	return lasttok = END;	      \
        -: 1432:    (c) = (unsigned char) *lexptr++;  \
        -: 1433:    --lexleft;		   	      \
        -: 1434:  }
        -: 1435:
        -: 1436:#ifdef __STDC__
        -: 1437:#define FUNC(F, P) static int F(int c) { return P(c); }
        -: 1438:#else
        -: 1439:#define FUNC(F, P) static int F(c) int c; { return P(c); }
        -: 1440:#endif
        -: 1441:
function is_alpha called 0 returned 0% blocks executed 0%
    #####: 1442:FUNC(is_alpha, ISALPHA)
function is_upper called 0 returned 0% blocks executed 0%
    #####: 1443:FUNC(is_upper, ISUPPER)
function is_lower called 0 returned 0% blocks executed 0%
    #####: 1444:FUNC(is_lower, ISLOWER)
function is_digit called 0 returned 0% blocks executed 0%
    #####: 1445:FUNC(is_digit, ISDIGIT)
function is_xdigit called 0 returned 0% blocks executed 0%
    #####: 1446:FUNC(is_xdigit, ISXDIGIT)
function is_space called 0 returned 0% blocks executed 0%
    #####: 1447:FUNC(is_space, ISSPACE)
function is_punct called 0 returned 0% blocks executed 0%
    #####: 1448:FUNC(is_punct, ISPUNCT)
function is_alnum called 0 returned 0% blocks executed 0%
    #####: 1449:FUNC(is_alnum, ISALNUM)
function is_print called 0 returned 0% blocks executed 0%
    #####: 1450:FUNC(is_print, ISPRINT)
function is_graph called 0 returned 0% blocks executed 0%
    #####: 1451:FUNC(is_graph, ISGRAPH)
function is_cntrl called 0 returned 0% blocks executed 0%
    #####: 1452:FUNC(is_cntrl, ISCNTRL)
        -: 1453:
function is_blank called 0 returned 0% blocks executed 0%
    #####: 1454:static int is_blank(c)
        -: 1455:int c;
        -: 1456:{
    #####: 1457:   return (c == ' ' || c == '\t');
branch  0 never executed
branch  1 never executed
branch  2 never executed
branch  3 never executed
        -: 1458:}
        -: 1459:
        -: 1460:/* The following list maps the names of the Posix named character classes
        -: 1461:   to predicate functions that determine whether a given character is in
        -: 1462:   the class.  The leading [ has already been eaten by the lexical analyzer. */
        -: 1463:static struct {
        -: 1464:  const char *name;
        -: 1465:  int (*pred) PARAMS ((int));
        -: 1466:} prednames[] = {
        -: 1467:  { ":alpha:]", is_alpha },
        -: 1468:  { ":upper:]", is_upper },
        -: 1469:  { ":lower:]", is_lower },
        -: 1470:  { ":digit:]", is_digit },
        -: 1471:  { ":xdigit:]", is_xdigit },
        -: 1472:  { ":space:]", is_space },
        -: 1473:  { ":punct:]", is_punct },
        -: 1474:  { ":alnum:]", is_alnum },
        -: 1475:  { ":print:]", is_print },
        -: 1476:  { ":graph:]", is_graph },
        -: 1477:  { ":cntrl:]", is_cntrl },
        -: 1478:  { ":blank:]", is_blank },
        -: 1479:  { 0 }
        -: 1480:};
        -: 1481:
        -: 1482:/* Return non-zero if C is a `word-constituent' byte; zero otherwise.  */
        -: 1483:#define IS_WORD_CONSTITUENT(C) (ISALNUM(C) || (C) == '_')
        -: 1484:
        -: 1485:static int
function looking_at called 180 returned 100% blocks executed 100%
      180: 1486:looking_at(s)
        -: 1487:     const char *s;
        -: 1488:{
        -: 1489:  size_t len;
        -: 1490:
      180: 1491:  len = strlen(s);
      180: 1492:  if (lexleft < len)
branch  0 taken 13% (fallthrough)
branch  1 taken 87%
       24: 1493:    return 0;
      156: 1494:  return strncmp(s, lexptr, len) == 0;
        -: 1495:}
        -: 1496:
        -: 1497:static token
function lex called 627 returned 100% blocks executed 57%
      627: 1498:lex()
        -: 1499:{
        -: 1500:  token c, c1, c2;
      627: 1501:  int backslash = 0, invert;
        -: 1502:  charclass ccl;
        -: 1503:  int i;
        -: 1504:
        -: 1505:  /* Basic plan: We fetch a character.  If it's a backslash,
        -: 1506:     we set the backslash flag and go through the loop again.
        -: 1507:     On the plus side, this avoids having a duplicate of the
        -: 1508:     main switch inside the backslash case.  On the minus side,
        -: 1509:     it means that just about every case begins with
        -: 1510:     "if (backslash) ...".  */
      735: 1511:  for (i = 0; i < 2; ++i)
branch  0 taken 100%
branch  1 taken 0% (fallthrough)
        -: 1512:    {
      735: 1513:      FETCH(c, 0);
branch  0 taken 18% (fallthrough)
branch  1 taken 82%
      606: 1514:      switch (c)
branch  0 taken 19%
branch  1 taken 1%
branch  2 taken 2%
branch  3 taken 19%
branch  4 taken 1%
branch  5 taken 1%
branch  6 taken 0%
branch  7 taken 1%
branch  8 taken 2%
branch  9 taken 1%
branch 10 taken 1%
branch 11 taken 2%
branch 12 taken 3%
branch 13 taken 3%
branch 14 taken 3%
branch 15 taken 1%
branch 16 taken 2%
branch 17 taken 2%
branch 18 taken 1%
branch 19 taken 1%
branch 20 taken 6%
branch 21 taken 33%
        -: 1515:	{
      117: 1516:	case '\\':
      117: 1517:	  if (backslash)
branch  0 taken 8% (fallthrough)
branch  1 taken 92%
        9: 1518:	    goto normal_char;
      108: 1519:	  if (lexleft == 0)
branch  0 taken 0% (fallthrough)
branch  1 taken 100%
    #####: 1520:	    dfaerror(_("Unfinished \\ escape"));
call    0 never executed
      108: 1521:	  backslash = 1;
      108: 1522:	  break;
        -: 1523:
        6: 1524:	case '^':
        6: 1525:	  if (backslash)
branch  0 taken 50% (fallthrough)
branch  1 taken 50%
        3: 1526:	    goto normal_char;
        3: 1527:	  if (syntax_bits & RE_CONTEXT_INDEP_ANCHORS
branch  0 taken 100% (fallthrough)
branch  1 taken 0%
        3: 1528:	      || lasttok == END
branch  0 taken 100% (fallthrough)
branch  1 taken 0%
        3: 1529:	      || lasttok == LPAREN
branch  0 taken 100% (fallthrough)
branch  1 taken 0%
        3: 1530:	      || lasttok == OR)
branch  0 taken 67% (fallthrough)
branch  1 taken 33%
        2: 1531:	    return lasttok = BEGLINE;
        1: 1532:	  goto normal_char;
        -: 1533:
       12: 1534:	case '$':
       12: 1535:	  if (backslash)
branch  0 taken 0% (fallthrough)
branch  1 taken 100%
    #####: 1536:	    goto normal_char;
       12: 1537:	  if (syntax_bits & RE_CONTEXT_INDEP_ANCHORS
branch  0 taken 100% (fallthrough)
branch  1 taken 0%
       12: 1538:	      || lexleft == 0
branch  0 taken 42% (fallthrough)
branch  1 taken 58%
      10*: 1539:	      || (syntax_bits & RE_NO_BK_PARENS
branch  0 taken 0% (fallthrough)
branch  1 taken 100%
branch  2 never executed
branch  3 never executed
branch  4 taken 100% (fallthrough)
branch  5 taken 0%
    #####: 1540:		  ? lexleft > 0 && *lexptr == ')'
branch  0 never executed
branch  1 never executed
branch  2 never executed
branch  3 never executed
       5*: 1541:		  : lexleft > 1 && lexptr[0] == '\\' && lexptr[1] == ')')
branch  0 taken 80% (fallthrough)
branch  1 taken 20%
branch  2 taken 0% (fallthrough)
branch  3 taken 100%
branch  4 never executed
branch  5 never executed
      10*: 1542:	      || (syntax_bits & RE_NO_BK_VBAR
branch  0 taken 0% (fallthrough)
branch  1 taken 100%
branch  2 never executed
branch  3 never executed
branch  4 taken 100% (fallthrough)
branch  5 taken 0%
    #####: 1543:		  ? lexleft > 0 && *lexptr == '|'
branch  0 never executed
branch  1 never executed
branch  2 never executed
branch  3 never executed
       5*: 1544:		  : lexleft > 1 && lexptr[0] == '\\' && lexptr[1] == '|')
branch  0 taken 80% (fallthrough)
branch  1 taken 20%
branch  2 taken 0% (fallthrough)
branch  3 taken 100%
branch  4 never executed
branch  5 never executed
        5: 1545:	      || ((syntax_bits & RE_NEWLINE_ALT)
branch  0 taken 100% (fallthrough)
branch  1 taken 0%
        5: 1546:	          && lexleft > 0 && *lexptr == '\n'))
branch  0 taken 100% (fallthrough)
branch  1 taken 0%
branch  2 taken 0% (fallthrough)
branch  3 taken 100%
        7: 1547:	    return lasttok = ENDLINE;
        5: 1548:	  goto normal_char;
        -: 1549:
      114: 1550:	case '1':
        -: 1551:	case '2':
        -: 1552:	case '3':
        -: 1553:	case '4':
        -: 1554:	case '5':
        -: 1555:	case '6':
        -: 1556:	case '7':
        -: 1557:	case '8':
        -: 1558:	case '9':
     114*: 1559:	  if (backslash && !(syntax_bits & RE_NO_BK_REFS))
branch  0 taken 0% (fallthrough)
branch  1 taken 100%
branch  2 never executed
branch  3 never executed
        -: 1560:	    {
    #####: 1561:	      laststart = 0;
    #####: 1562:	      return lasttok = BACKREF;
        -: 1563:	    }
      114: 1564:	  goto normal_char;
        -: 1565:
        3: 1566:	case '`':
       3*: 1567:	  if (backslash && !(syntax_bits & RE_NO_GNU_OPS))
branch  0 taken 0% (fallthrough)
branch  1 taken 100%
branch  2 never executed
branch  3 never executed
[...]
    #####:12139:        REG_MATCH_NULL_STRING_P (reg_info[reg_no]) = ret;
        -:12140:
    #####:12141:      if (!ret)
branch  0 never executed
branch  1 never executed
    #####:12142:        return false;
    #####:12143:      break;
        -:12144:
        -:12145:    /* If this is an optimized succeed_n for zero times, make the jump.  */
    #####:12146:    case jump:
    #####:12147:      EXTRACT_NUMBER_AND_INCR (mcnt, p1);
    #####:12148:      if (mcnt >= 0)
branch  0 never executed
branch  1 never executed
    #####:12149:        p1 += mcnt;
        -:12150:      else
    #####:12151:        return false;
    #####:12152:      break;
        -:12153:
    #####:12154:    case succeed_n:
        -:12155:      /* Get to the number of times to succeed.  */
    #####:12156:      p1 += 2;
    #####:12157:      EXTRACT_NUMBER_AND_INCR (mcnt, p1);
        -:12158:
    #####:12159:      if (mcnt == 0)
branch  0 never executed
branch  1 never executed
        -:12160:        {
    #####:12161:          p1 -= 4;
    #####:12162:          EXTRACT_NUMBER_AND_INCR (mcnt, p1);
    #####:12163:          p1 += mcnt;
        -:12164:        }
        -:12165:      else
    #####:12166:        return false;
    #####:12167:      break;
        -:12168:
    #####:12169:    case duplicate:
    #####:12170:      if (!REG_MATCH_NULL_STRING_P (reg_info[*p1]))
branch  0 never executed
branch  1 never executed
    #####:12171:        return false;
    #####:12172:      break;
        -:12173:
    #####:12174:    case set_number_at:
    #####:12175:      p1 += 4;
        -:12176:
    #####:12177:    default:
        -:12178:      /* All other opcodes mean we cannot match the empty string.  */
    #####:12179:      return false;
        -:12180:  }
        -:12181:
    #####:12182:  *p = p1;
    #####:12183:  return true;
        -:12184:} /* common_op_match_null_string_p */
        -:12185:
        -:12186:
        -:12187:/* Return zero if TRANSLATE[S1] and TRANSLATE[S2] are identical for LEN
        -:12188:   bytes; nonzero otherwise.  */
        -:12189:
        -:12190:static int
function bcmp_translate called 0 returned 0% blocks executed 0%
    #####:12191:bcmp_translate (s1, s2, len, translate)
        -:12192:     const char *s1, *s2;
        -:12193:     register int len;
        -:12194:     RE_TRANSLATE_TYPE translate;
        -:12195:{
    #####:12196:  register const unsigned char *p1 = (const unsigned char *) s1;
    #####:12197:  register const unsigned char *p2 = (const unsigned char *) s2;
    #####:12198:  while (len)
branch  0 never executed
branch  1 never executed
        -:12199:    {
    #####:12200:      if (translate[*p1++] != translate[*p2++]) return 1;
branch  0 never executed
branch  1 never executed
    #####:12201:      len--;
        -:12202:    }
    #####:12203:  return 0;
        -:12204:}
        -:12205:
        -:12206:/* Entry points for GNU code.  */
        -:12207:
        -:12208:/* re_compile_pattern is the GNU regular expression compiler: it
        -:12209:   compiles PATTERN (of length SIZE) and puts the result in BUFP.
        -:12210:   Returns 0 if the pattern was valid, otherwise an error string.
        -:12211:
        -:12212:   Assumes the `allocated' (and perhaps `buffer') and `translate' fields
        -:12213:   are set in BUFP on entry.
        -:12214:
        -:12215:   We call regex_compile to do the actual compilation.  */
        -:12216:
        -:12217:const char *
function re_compile_pattern called 170 returned 100% blocks executed 100%
      170:12218:re_compile_pattern (pattern, length, bufp)
        -:12219:     const char *pattern;
        -:12220:     size_t length;
        -:12221:     struct re_pattern_buffer *bufp;
        -:12222:{
        -:12223:  reg_errcode_t ret;
        -:12224:
        -:12225:  /* GNU code is written to assume at least RE_NREGS registers will be set
        -:12226:     (and at least one extra will be -1).  */
      170:12227:  bufp->regs_allocated = REGS_UNALLOCATED;
        -:12228:
        -:12229:  /* And GNU code determines whether or not to get register information
        -:12230:     by passing null for the REGS argument to re_match, etc., not by
        -:12231:     setting no_sub.  */
      170:12232:  bufp->no_sub = 0;
        -:12233:
        -:12234:  /* Match anchors at newline.  */
      170:12235:  bufp->newline_anchor = 1;
        -:12236:
      170:12237:  ret = regex_compile (pattern, length, re_syntax_options, bufp);
call    0 returned 100%
        -:12238:
      170:12239:  if (!ret)
branch  0 taken 74% (fallthrough)
branch  1 taken 26%
      126:12240:    return NULL;
       44:12241:  return gettext (re_error_msgid[(int) ret]);
        -:12242:}
        -:12243:
        -:12244:/* Entry points compatible with 4.2 BSD regex library.  We don't define
        -:12245:   them unless specifically requested.  */
        -:12246:
        -:12247:#if defined (_REGEX_RE_COMP) || defined (_LIBC)
        -:12248:
        -:12249:/* BSD has one and only one pattern buffer.  */
        -:12250:static struct re_pattern_buffer re_comp_buf;
        -:12251:
        -:12252:char *
        -:12253:#ifdef _LIBC
        -:12254:/* Make these definitions weak in libc, so POSIX programs can redefine
        -:12255:   these names if they don't use our functions, and still use
        -:12256:   regcomp/regexec below without link errors.  */
        -:12257:weak_function
        -:12258:#endif
        -:12259:re_comp (s)
        -:12260:    const char *s;
        -:12261:{
        -:12262:  reg_errcode_t ret;
        -:12263:
        -:12264:  if (!s)
        -:12265:    {
        -:12266:      if (!re_comp_buf.buffer)
        -:12267:	return gettext ("No previous regular expression");
        -:12268:      return 0;
        -:12269:    }
        -:12270:
        -:12271:  if (!re_comp_buf.buffer)
        -:12272:    {
        -:12273:      re_comp_buf.buffer = (unsigned char *) malloc (200);
        -:12274:      if (re_comp_buf.buffer == NULL)
        -:12275:        return gettext (re_error_msgid[(int) REG_ESPACE]);
        -:12276:      re_comp_buf.allocated = 200;
        -:12277:
        -:12278:      re_comp_buf.fastmap = (char *) malloc (1 << BYTEWIDTH);
        -:12279:      if (re_comp_buf.fastmap == NULL)
        -:12280:	return gettext (re_error_msgid[(int) REG_ESPACE]);
        -:12281:    }
        -:12282:
        -:12283:  /* Since `re_exec' always passes NULL for the `regs' argument, we
        -:12284:     don't need to initialize the pattern buffer fields which affect it.  */
        -:12285:
        -:12286:  /* Match anchors at newlines.  */
        -:12287:  re_comp_buf.newline_anchor = 1;
        -:12288:
        -:12289:  ret = regex_compile (s, strlen (s), re_syntax_options, &re_comp_buf);
        -:12290:
        -:12291:  if (!ret)
        -:12292:    return NULL;
        -:12293:
        -:12294:  /* Yes, we're discarding `const' here if !HAVE_LIBINTL.  */
        -:12295:  return (char *) gettext (re_error_msgid[(int) ret]);
        -:12296:}
        -:12297:
        -:12298:
        -:12299:int
        -:12300:#ifdef _LIBC
        -:12301:weak_function
        -:12302:#endif
        -:12303:re_exec (s)
        -:12304:    const char *s;
        -:12305:{
        -:12306:  const int len = strlen (s);
        -:12307:  return
        -:12308:    0 <= re_search (&re_comp_buf, s, len, 0, len, (struct re_registers *) 0);
        -:12309:}
        -:12310:
        -:12311:#endif /* _REGEX_RE_COMP */
        -:12312:
        -:12313:/* POSIX.2 functions.  Don't define these for Emacs.  */
        -:12314:
        -:12315:#ifndef emacs
        -:12316:
        -:12317:/* regcomp takes a regular expression as a string and compiles it.
        -:12318:
        -:12319:   PREG is a regex_t *.  We do not expect any fields to be initialized,
        -:12320:   since POSIX says we shouldn't.  Thus, we set
        -:12321:
        -:12322:     `buffer' to the compiled pattern;
        -:12323:     `used' to the length of the compiled pattern;
        -:12324:     `syntax' to RE_SYNTAX_POSIX_EXTENDED if the
        -:12325:       REG_EXTENDED bit in CFLAGS is set; otherwise, to
        -:12326:       RE_SYNTAX_POSIX_BASIC;
        -:12327:     `newline_anchor' to REG_NEWLINE being set in CFLAGS;
        -:12328:     `fastmap' and `fastmap_accurate' to zero;
        -:12329:     `re_nsub' to the number of subexpressions in PATTERN.
        -:12330:
        -:12331:   PATTERN is the address of the pattern string.
        -:12332:
        -:12333:   CFLAGS is a series of bits which affect compilation.
        -:12334:
        -:12335:     If REG_EXTENDED is set, we use POSIX extended syntax; otherwise, we
        -:12336:     use POSIX basic syntax.
        -:12337:
        -:12338:     If REG_NEWLINE is set, then . and [^...] don't match newline.
        -:12339:     Also, regexec will try a match beginning after every newline.
        -:12340:
        -:12341:     If REG_ICASE is set, then we considers upper- and lowercase
        -:12342:     versions of letters to be equivalent when matching.
        -:12343:
        -:12344:     If REG_NOSUB is set, then when PREG is passed to regexec, that
        -:12345:     routine will report only success or failure, and nothing about the
        -:12346:     registers.
        -:12347:
        -:12348:   It returns 0 if it succeeds, nonzero if it doesn't.  (See regex.h for
        -:12349:   the return codes and their meanings.)  */
        -:12350:
        -:12351:int
function regcomp called 0 returned 0% blocks executed 0%
    #####:12352:regcomp (preg, pattern, cflags)
        -:12353:    regex_t *preg;
        -:12354:    const char *pattern;
        -:12355:    int cflags;
        -:12356:{
        -:12357:  reg_errcode_t ret;
    #####:12358:  reg_syntax_t syntax
    #####:12359:    = (cflags & REG_EXTENDED) ?
    #####:12360:      RE_SYNTAX_POSIX_EXTENDED : RE_SYNTAX_POSIX_BASIC;
branch  0 never executed
branch  1 never executed
        -:12361:
        -:12362:  /* regex_compile will allocate the space for the compiled pattern.  */
    #####:12363:  preg->buffer = 0;
    #####:12364:  preg->allocated = 0;
    #####:12365:  preg->used = 0;
        -:12366:
        -:12367:  /* Don't bother to use a fastmap when searching.  This simplifies the
        -:12368:     REG_NEWLINE case: if we used a fastmap, we'd have to put all the
        -:12369:     characters after newlines into the fastmap.  This way, we just try
        -:12370:     every character.  */
    #####:12371:  preg->fastmap = 0;
        -:12372:
    #####:12373:  if (cflags & REG_ICASE)
branch  0 never executed
branch  1 never executed
        -:12374:    {
        -:12375:      unsigned i;
        -:12376:
        -:12377:      preg->translate
    #####:12378:	= (RE_TRANSLATE_TYPE) malloc (CHAR_SET_SIZE
call    0 never executed
        -:12379:				      * sizeof (*(RE_TRANSLATE_TYPE)0));
    #####:12380:      if (preg->translate == NULL)
branch  0 never executed
branch  1 never executed
    #####:12381:        return (int) REG_ESPACE;
        -:12382:
        -:12383:      /* Map uppercase characters to corresponding lowercase ones.  */
    #####:12384:      for (i = 0; i < CHAR_SET_SIZE; i++)
branch  0 never executed
branch  1 never executed
    #####:12385:        preg->translate[i] = ISUPPER (i) ? tolower (i) : i;
branch  0 never executed
branch  1 never executed
        -:12386:    }
        -:12387:  else
    #####:12388:    preg->translate = NULL;
        -:12389:
        -:12390:  /* If REG_NEWLINE is set, newlines are treated differently.  */
    #####:12391:  if (cflags & REG_NEWLINE)
branch  0 never executed
branch  1 never executed
        -:12392:    { /* REG_NEWLINE implies neither . nor [^...] match newline.  */
    #####:12393:      syntax &= ~RE_DOT_NEWLINE;
    #####:12394:      syntax |= RE_HAT_LISTS_NOT_NEWLINE;
        -:12395:      /* It also changes the matching behavior.  */
    #####:12396:      preg->newline_anchor = 1;
        -:12397:    }
        -:12398:  else
    #####:12399:    preg->newline_anchor = 0;
        -:12400:
    #####:12401:  preg->no_sub = !!(cflags & REG_NOSUB);
        -:12402:
        -:12403:  /* POSIX says a null character in the pattern terminates it, so we
        -:12404:     can use strlen here in compiling the pattern.  */
    #####:12405:  ret = regex_compile (pattern, strlen (pattern), syntax, preg);
call    0 never executed
        -:12406:
        -:12407:  /* POSIX doesn't distinguish between an unmatched open-group and an
        -:12408:     unmatched close-group: both are REG_EPAREN.  */
    #####:12409:  if (ret == REG_ERPAREN) ret = REG_EPAREN;
branch  0 never executed
branch  1 never executed
        -:12410:
    #####:12411:  return (int) ret;
        -:12412:}
        -:12413:
        -:12414:
        -:12415:/* regexec searches for a given pattern, specified by PREG, in the
        -:12416:   string STRING.
        -:12417:
        -:12418:   If NMATCH is zero or REG_NOSUB was set in the cflags argument to
        -:12419:   `regcomp', we ignore PMATCH.  Otherwise, we assume PMATCH has at
        -:12420:   least NMATCH elements, and we set them to the offsets of the
        -:12421:   corresponding matched substrings.
        -:12422:
        -:12423:   EFLAGS specifies `execution flags' which affect matching: if
        -:12424:   REG_NOTBOL is set, then ^ does not match at the beginning of the
        -:12425:   string; if REG_NOTEOL is set, then $ does not match at the end.
        -:12426:
        -:12427:   We return 0 if we find a match and REG_NOMATCH if not.  */
        -:12428:
        -:12429:int
function regexec called 0 returned 0% blocks executed 0%
    #####:12430:regexec (preg, string, nmatch, pmatch, eflags)
        -:12431:    const regex_t *preg;
        -:12432:    const char *string;
        -:12433:    size_t nmatch;
        -:12434:    regmatch_t pmatch[];
        -:12435:    int eflags;
        -:12436:{
        -:12437:  int ret;
        -:12438:  struct re_registers regs;
        -:12439:  regex_t private_preg;
    #####:12440:  int len = strlen (string);
    #####:12441:  boolean want_reg_info = !preg->no_sub && nmatch > 0;
branch  0 never executed
branch  1 never executed
branch  2 never executed
branch  3 never executed
        -:12442:
    #####:12443:  private_preg = *preg;
        -:12444:
    #####:12445:  private_preg.not_bol = !!(eflags & REG_NOTBOL);
    #####:12446:  private_preg.not_eol = !!(eflags & REG_NOTEOL);
        -:12447:
        -:12448:  /* The user has told us exactly how many registers to return
        -:12449:     information about, via `nmatch'.  We have to pass that on to the
        -:12450:     matching routines.  */
    #####:12451:  private_preg.regs_allocated = REGS_FIXED;
        -:12452:
    #####:12453:  if (want_reg_info)
branch  0 never executed
branch  1 never executed
        -:12454:    {
    #####:12455:      regs.num_regs = nmatch;
    #####:12456:      regs.start = TALLOC (nmatch, regoff_t);
call    0 never executed
    #####:12457:      regs.end = TALLOC (nmatch, regoff_t);
call    0 never executed
    #####:12458:      if (regs.start == NULL || regs.end == NULL)
branch  0 never executed
branch  1 never executed
branch  2 never executed
branch  3 never executed
    #####:12459:        return (int) REG_NOMATCH;
        -:12460:    }
        -:12461:
        -:12462:  /* Perform the searching operation.  */
    #####:12463:  ret = re_search (&private_preg, string, len,
branch  0 never executed
branch  1 never executed
call    2 never executed
        -:12464:                   /* start: */ 0, /* range: */ len,
        -:12465:                   want_reg_info ? &regs : (struct re_registers *) 0);
        -:12466:
        -:12467:  /* Copy the register information to the POSIX structure.  */
    #####:12468:  if (want_reg_info)
branch  0 never executed
branch  1 never executed
        -:12469:    {
    #####:12470:      if (ret >= 0)
branch  0 never executed
branch  1 never executed
        -:12471:        {
        -:12472:          unsigned r;
        -:12473:
    #####:12474:          for (r = 0; r < nmatch; r++)
branch  0 never executed
branch  1 never executed
        -:12475:            {
    #####:12476:              pmatch[r].rm_so = regs.start[r];
    #####:12477:              pmatch[r].rm_eo = regs.end[r];
        -:12478:            }
        -:12479:        }
        -:12480:
        -:12481:      /* If we needed the temporary register info, free the space now.  */
    #####:12482:      free (regs.start);
    #####:12483:      free (regs.end);
        -:12484:    }
        -:12485:
        -:12486:  /* We want zero return to mean success, unlike `re_search'.  */
    #####:12487:  return ret >= 0 ? (int) REG_NOERROR : (int) REG_NOMATCH;
        -:12488:}
        -:12489:
        -:12490:
        -:12491:/* Returns a message corresponding to an error code, ERRCODE, returned
        -:12492:   from either regcomp or regexec.   We don't use PREG here.  */
        -:12493:
        -:12494:size_t
function regerror called 0 returned 0% blocks executed 0%
    #####:12495:regerror (errcode, preg, errbuf, errbuf_size)
        -:12496:    int errcode;
        -:12497:    const regex_t *preg;
        -:12498:    char *errbuf;
        -:12499:    size_t errbuf_size;
        -:12500:{
        -:12501:  const char *msg;
        -:12502:  size_t msg_size;
        -:12503:
    #####:12504:  if (errcode < 0
branch  0 never executed
branch  1 never executed
    #####:12505:      || errcode >= (int) (sizeof (re_error_msgid)
branch  0 never executed
branch  1 never executed
        -:12506:			   / sizeof (re_error_msgid[0])))
        -:12507:    /* Only error codes returned by the rest of the code should be passed
        -:12508:       to this routine.  If we are given anything else, or if other regex
        -:12509:       code generates an invalid error code, then the program has a bug.
        -:12510:       Dump core so we can fix it.  */
    #####:12511:    abort ();
call    0 never executed
        -:12512:
    #####:12513:  msg = gettext (re_error_msgid[errcode]);
        -:12514:
    #####:12515:  msg_size = strlen (msg) + 1; /* Includes the null.  */
        -:12516:
    #####:12517:  if (errbuf_size != 0)
branch  0 never executed
branch  1 never executed
        -:12518:    {
    #####:12519:      if (msg_size > errbuf_size)
branch  0 never executed
branch  1 never executed
        -:12520:        {
    #####:12521:          strncpy (errbuf, msg, errbuf_size - 1);
    #####:12522:          errbuf[errbuf_size - 1] = 0;
        -:12523:        }
        -:12524:      else
    #####:12525:        strcpy (errbuf, msg);
        -:12526:    }
        -:12527:
    #####:12528:  return msg_size;
        -:12529:}
        -:12530:
        -:12531:
        -:12532:/* Free dynamically allocated space used by PREG.  */
        -:12533:
        -:12534:void
function regfree called 0 returned 0% blocks executed 0%
    #####:12535:regfree (preg)
        -:12536:    regex_t *preg;
        -:12537:{
    #####:12538:  if (preg->buffer != NULL)
branch  0 never executed
branch  1 never executed
    #####:12539:    free (preg->buffer);
    #####:12540:  preg->buffer = NULL;
        -:12541:
    #####:12542:  preg->allocated = 0;
    #####:12543:  preg->used = 0;
        -:12544:
    #####:12545:  if (preg->fastmap != NULL)
branch  0 never executed
branch  1 never executed
    #####:12546:    free (preg->fastmap);
    #####:12547:  preg->fastmap = NULL;
    #####:12548:  preg->fastmap_accurate = 0;
        -:12549:
    #####:12550:  if (preg->translate != NULL)
branch  0 never executed
branch  1 never executed
    #####:12551:    free (preg->translate);
    #####:12552:  preg->translate = NULL;
    #####:12553:}
        -:12554:
        -:12555:#endif /* not emacs  */
