        -:    0:Source:grep.c
        -:    0:Graph:grep.gcno
        -:    0:Data:grep.gcda
        -:    0:Runs:199
        -:    1:/* grep.c - main driver file for grep.
        -:    2:   Copyright (C) 1992, 1997, 1998 Free Software Foundation, Inc.
        -:    3:
        -:    4:   This program is free software; you can redistribute it and/or modify
        -:    5:   it under the terms of the GNU General Public License as published by
        -:    6:   the Free Software Foundation; either version 2, or (at your option)
        -:    7:   any later version.
        -:    8:
        -:    9:   This program is distributed in the hope that it will be useful,
        -:   10:   but WITHOUT ANY WARRANTY; without even the implied warranty of
        -:   11:   MERCHANTABILITY or FITNESS FOR A PARTICULAR PURPOSE.  See the
        -:   12:   GNU General Public License for more details.
        -:   13:
        -:   14:   You should have received a copy of the GNU General Public License
        -:   15:   along with this program; if not, write to the Free Software
        -:   16:   Foundation, Inc., 59 Temple Place - Suite 330, Boston, MA
        -:   17:   02111-1307, USA.  */
        -:   18:
        -:   19:/* Written July 1992 by Mike Haertel.  */
        -:   20:
        -:   21:/**** I added all things in Makefile in order to run cfe *******/
        -:   22:#define HAVE_CONFIG_H 1
        -:   23:#define LOCALEDIR "/nfs/spectre/u4/jin/research/experiments/grep/docs/grep_2.2/lib/locale"
        -:   24:#define _LARGEFILE_SOURCE 1
        -:   25:#define _FILE_OFFSET_BITS 32 /* In order to let cfe work, change original 64 to 32*/
        -:   26:                             /* Reason: Please see /usr/include/sys/types.h */
        -:   27:/*typedef int off_t; */     /** since cfe can't recognize off_t defined in system file as int*/
        -:   28:			/* so I change all off_t to Off_t and define type of Off_t */ 
        -:   29:/****** end for cfe ***************/
        -:   30:
        -:   31:#ifdef HAVE_CONFIG_H
        -:   32:# include <config.h>
        -:   33:#define flag_config 1
        -:   34:#endif
        -:   35:#include <sys/types.h>
        -:   36:#define flag_typesh 1
        -:   37:#include <sys/stat.h>
        -:   38:#if defined(HAVE_MMAP)
        -:   39:# include <sys/mman.h>
        -:   40:#endif
        -:   41:#if defined(HAVE_SETRLIMIT)
        -:   42:# include <sys/time.h>
        -:   43:# include <sys/resource.h>
        -:   44:#endif
        -:   45:#include <stdio.h>
        -:   46:
        -:   47:/*******IMPORTANT CHANGE for let stderr redirect to a file *******/
        -:   48:#undef stderr
        -:   49:#define stderr stdout
        -:   50:/******* FINISH IMPORTANT CHANGE *********/
        -:   51:
        -:   52:#include "system.h"
        -:   53:#include "getopt.h"
        -:   54:#include "getpagesize.h"
        -:   55:#include "grep.h"
        -:   56:#include "FaultSeeds.h"
        -:   57:
        -:   58:#undef MAX
        -:   59:#define MAX(A,B) ((A) > (B) ? (A) : (B))
        -:   60:
        -:   61:/* if non-zero, display usage information and exit */
        -:   62:static int show_help;
        -:   63:
        -:   64:/* If non-zero, print the version on standard output and exit.  */
        -:   65:static int show_version;
        -:   66:
        -:   67:/* Long options equivalences. */
        -:   68:static struct option long_options[] =
        -:   69:{
        -:   70:  {"after-context", required_argument, NULL, 'A'},
        -:   71:  {"basic-regexp", no_argument, NULL, 'G'},
        -:   72:  {"before-context", required_argument, NULL, 'B'},
        -:   73:  {"byte-offset", no_argument, NULL, 'b'},
        -:   74:  {"context", no_argument, NULL, 'C'},
        -:   75:  {"count", no_argument, NULL, 'c'},
        -:   76:  {"extended-regexp", no_argument, NULL, 'E'},
        -:   77:  {"file", required_argument, NULL, 'f'},
        -:   78:  {"files-with-matches", no_argument, NULL, 'l'},
        -:   79:  {"files-without-match", no_argument, NULL, 'L'},
        -:   80:  {"fixed-regexp", no_argument, NULL, 'F'},
        -:   81:  {"fixed-strings", no_argument, NULL, 'F'},
        -:   82:  {"help", no_argument, &show_help, 1},
        -:   83:  {"ignore-case", no_argument, NULL, 'i'},
        -:   84:  {"line-number", no_argument, NULL, 'n'},
        -:   85:  {"line-regexp", no_argument, NULL, 'x'},
        -:   86:  {"no-filename", no_argument, NULL, 'h'},
        -:   87:  {"no-messages", no_argument, NULL, 's'},
        -:   88:  {"quiet", no_argument, NULL, 'q'},
        -:   89:  {"regexp", required_argument, NULL, 'e'},
        -:   90:  {"revert-match", no_argument, NULL, 'v'},
        -:   91:  {"silent", no_argument, NULL, 'q'},
        -:   92:#if O_BINARY
        -:   93:  {"binary", no_argument, NULL, 'U'},
        -:   94:  {"unix-byte-offsets", no_argument, NULL, 'u'},
        -:   95:#endif
        -:   96:  {"version", no_argument, NULL, 'V'},
        -:   97:  {"with-filename", no_argument, NULL, 'H'},
        -:   98:  {"word-regexp", no_argument, NULL, 'w'},
        -:   99:  {0, 0, 0, 0}
        -:  100:};
        -:  101:
        -:  102:/* Define flags declared in grep.h. */
        -:  103:char *matcher;
        -:  104:int match_icase;
        -:  105:int match_words;
        -:  106:int match_lines;
        -:  107:
        -:  108:/* For error messages. */
        -:  109:static char *prog;
        -:  110:static char *filename;
        -:  111:static int errseen;
        -:  112:
        -:  113:static int ck_atoi PARAMS((char const *, int *));
        -:  114:static void usage PARAMS((int));
        -:  115:static void error PARAMS((const char *, int));
        -:  116:static int  setmatcher PARAMS((char *));
        -:  117:static void reset PARAMS((int));
        -:  118:static int  fillbuf PARAMS((size_t));
        -:  119:static int  grepbuf PARAMS((char *, char *));
        -:  120:static void prtext PARAMS((char *, char *, int *));
        -:  121:static void prpending PARAMS((char *));
        -:  122:static void prline PARAMS((char *, char *, int));
        -:  123:static void nlscan PARAMS((char *));
        -:  124:static int  grep PARAMS((int));
        -:  125:
        -:  126:/* Functions we'll use to search. */
        -:  127:static void (*compile) PARAMS((char *, size_t));
        -:  128:static char *(*execute) PARAMS((char *, size_t, char **));
        -:  129:
        -:  130:/* Print a message and possibly an error string.  Remember
        -:  131:   that something awful happened. */
        -:  132:static void
function error called 69 returned 100% blocks executed 100%
       69:  133:error(mesg, errnum)
        -:  134:     const char *mesg;
        -:  135:     int errnum;
        -:  136:{
       69:  137:  if (errnum)
branch  0 taken 26% (fallthrough)
branch  1 taken 74%
       18:  138:    fprintf(stderr, "%s: %s: %s\n", prog, mesg, strerror(errnum));
call    0 returned 100%
call    1 returned 100%
        -:  139:  else
       51:  140:    fprintf(stderr, "%s: %s\n", prog, mesg);
call    0 returned 100%
       69:  141:  errseen = 1;
       69:  142:}
        -:  143:
        -:  144:/* Like error(), but die horribly after printing. */
        -:  145:void
function fatal called 65 returned 0% blocks executed 100%
       65:  146:fatal(mesg, errnum)
        -:  147:     const char *mesg;
        -:  148:     int errnum;
        -:  149:{
       65:  150:  error(mesg, errnum);
call    0 returned 100%
       65:  151:  exit(2);
        -:  152:}
        -:  153:
        -:  154:/* Interface to handle errors and fix library lossage. */
        -:  155:char *
function xmalloc called 520 returned 100% blocks executed 80%
      520:  156:xmalloc(size)
        -:  157:     size_t size;
        -:  158:{
        -:  159:  char *result;
        -:  160:
      520:  161:  result = malloc(size);
      520:  162:  if (size && !result)
branch  0 taken 100% (fallthrough)
branch  1 taken 0%
branch  2 taken 0% (fallthrough)
branch  3 taken 100%
    #####:  163:    fatal(_("memory exhausted"), 0);
call    0 never executed
      520:  164:  return result;
        -:  165:}
        -:  166:
        -:  167:/* Interface to handle errors and fix some library lossage. */
        -:  168:char *
function xrealloc called 35 returned 100% blocks executed 88%
       35:  169:xrealloc(ptr, size)
        -:  170:     char *ptr;
        -:  171:     size_t size;
        -:  172:{
        -:  173:  char *result;
        -:  174:
       35:  175:  if (ptr)
branch  0 taken 80% (fallthrough)
branch  1 taken 20%
       28:  176:    result = realloc(ptr, size);
        -:  177:  else
        7:  178:    result = malloc(size);
       35:  179:  if (size && !result)
branch  0 taken 100% (fallthrough)
branch  1 taken 0%
branch  2 taken 0% (fallthrough)
branch  3 taken 100%
    #####:  180:    fatal(_("memory exhausted"), 0);
call    0 never executed
       35:  181:  return result;
        -:  182:
        -:  183:}
        -:  184:
        -:  185:/* Convert STR to a positive integer, storing the result in *OUT.
        -:  186:   If STR is not a valid integer, return -1 (otherwise 0). */
        -:  187:static int
function ck_atoi called 2 returned 100% blocks executed 62%
        2:  188:ck_atoi (str, out)
        -:  189:     char const *str;
        -:  190:     int *out;
        -:  191:{
        -:  192:  char const *p;
       2*:  193:  for (p = str; *p; p++)
branch  0 taken 100%
branch  1 taken 0% (fallthrough)
       2*:  194:    if (*p < '0' || *p > '9')
branch  0 taken 0% (fallthrough)
branch  1 taken 100%
branch  2 never executed
branch  3 never executed
        2:  195:      return -1;
        -:  196:
    #####:  197:  *out = atoi (optarg);
    #####:  198:  return 0;
        -:  199:}
        -:  200:
        -:  201:
        -:  202:/* Hairy buffering mechanism for grep.  The intent is to keep
        -:  203:   all reads aligned on a page boundary and multiples of the
        -:  204:   page size. */
        -:  205:
        -:  206:static char *buffer;		/* Base of buffer. */
        -:  207:static size_t bufsalloc;	/* Allocated size of buffer save region. */
        -:  208:static size_t bufalloc;		/* Total buffer size. */
        -:  209:static int bufdesc;		/* File descriptor. */
        -:  210:static char *bufbeg;		/* Beginning of user-visible stuff. */
        -:  211:static char *buflim;		/* Limit of user-visible stuff. */
        -:  212:
        -:  213:#if defined(HAVE_MMAP)
        -:  214:static int bufmapped;		/* True for ordinary files. */
        -:  215:static struct stat bufstat;	/* From fstat(). */
        -:  216:static off_t bufoffset;		/* What read() normally remembers. */
        -:  217:#endif
        -:  218:
        -:  219:/* Reset the buffer for a new file.  Initialize
        -:  220:   on the first time through. */
        -:  221:static void
function reset called 122 returned 100% blocks executed 83%
      122:  222:reset(fd)
        -:  223:     int fd;
        -:  224:{
        -:  225:  static int initialized;
        -:  226:
      122:  227:  if (!initialized)
branch  0 taken 100% (fallthrough)
branch  1 taken 0%
        -:  228:    {
      122:  229:      initialized = 1;
        -:  230:#ifndef BUFSALLOC
      122:  231:      bufsalloc = MAX(8192, getpagesize());
        -:  232:#else
        -:  233:      bufsalloc = BUFSALLOC;
        -:  234:#endif
      122:  235:      bufalloc = 5 * bufsalloc;
        -:  236:      /* The 1 byte of overflow is a kludge for dfaexec(), which
        -:  237:	 inserts a sentinel newline at the end of the buffer
        -:  238:	 being searched.  There's gotta be a better way... */
      122:  239:      buffer = valloc(bufalloc + 1);
call    0 returned 100%
      122:  240:      if (!buffer)
branch  0 taken 0% (fallthrough)
branch  1 taken 100%
    #####:  241:	fatal(_("memory exhausted"), 0);
call    0 never executed
      122:  242:      bufbeg = buffer;
      122:  243:      buflim = buffer;
        -:  244:    }
      122:  245:  bufdesc = fd;
        -:  246:#if defined(HAVE_MMAP)
      122:  247:  if (fstat(fd, &bufstat) < 0 || !S_ISREG(bufstat.st_mode))
call    0 returned 100%
branch  1 taken 100% (fallthrough)
branch  2 taken 0%
branch  3 taken 0% (fallthrough)
branch  4 taken 100%
    #####:  248:    bufmapped = 0;
        -:  249:  else
        -:  250:    {
      122:  251:      bufmapped = 1;
      122:  252:      bufoffset = lseek(fd, 0, 1);
call    0 returned 100%
        -:  253:    }
        -:  254:#endif
      122:  255:}
        -:  256:
        -:  257:/* Read new stuff into the buffer, saving the specified
        -:  258:   amount of old stuff.  When we're done, 'bufbeg' points
        -:  259:   to the beginning of the buffer contents, and 'buflim'
        -:  260:   points just after the end.  Return count of new stuff. */
        -:  261:static int
function fillbuf called 1342 returned 100% blocks executed 73%
     1342:  262:fillbuf(save)
        -:  263:     size_t save;
        -:  264:{
        -:  265:  char *nbuffer, *dp, *sp;
        -:  266:  int cc;
        -:  267:#if defined(HAVE_MMAP)
        -:  268:  caddr_t maddr;
        -:  269:#endif
        -:  270:  static int pagesize;
        -:  271:
     1342:  272:  if (pagesize == 0 && (pagesize = getpagesize()) == 0)
branch  0 taken 9% (fallthrough)
branch  1 taken 91%
branch  2 taken 0% (fallthrough)
branch  3 taken 100%
    #####:  273:    abort();
call    0 never executed
        -:  274:
     1342:  275:  if (save > bufsalloc)
branch  0 taken 0% (fallthrough)
branch  1 taken 100%
        -:  276:    {
    #####:  277:      while (save > bufsalloc)
branch  0 never executed
branch  1 never executed
    #####:  278:	bufsalloc *= 2;
    #####:  279:      bufalloc = 5 * bufsalloc;
    #####:  280:      nbuffer = valloc(bufalloc + 1);
call    0 never executed
    #####:  281:      if (!nbuffer)
branch  0 never executed
branch  1 never executed
    #####:  282:	fatal(_("memory exhausted"), 0);
call    0 never executed
        -:  283:    }
        -:  284:  else
     1342:  285:    nbuffer = buffer;
        -:  286:
     1342:  287:  sp = buflim - save;
     1342:  288:  dp = nbuffer + bufsalloc - save;
     1342:  289:  bufbeg = dp;
    49596:  290:  while (save--)
branch  0 taken 97%
branch  1 taken 3% (fallthrough)
    48254:  291:    *dp++ = *sp++;
        -:  292:
        -:  293:  /* We may have allocated a new, larger buffer.  Since
        -:  294:     there is no portable vfree(), we just have to forget
        -:  295:     about the old one.  Sorry. */
     1342:  296:  buffer = nbuffer;
        -:  297:
        -:  298:#if defined(HAVE_MMAP)
     1342:  299:  if (bufmapped && bufoffset % pagesize == 0
branch  0 taken 91% (fallthrough)
branch  1 taken 9%
branch  2 taken 0% (fallthrough)
branch  3 taken 100%
     1220:  300:      && bufstat.st_size - bufoffset >= bufalloc - bufsalloc)
branch  0 taken 10% (fallthrough)
branch  1 taken 90%
        -:  301:    {
     1098:  302:      maddr = buffer + bufsalloc;
     1098:  303:      maddr = mmap(maddr, bufalloc - bufsalloc, PROT_READ | PROT_WRITE,
call    0 returned 100%
        -:  304:		   MAP_PRIVATE | MAP_FIXED, bufdesc, bufoffset);
     1098:  305:      if (maddr == (caddr_t) -1)
branch  0 taken 0% (fallthrough)
branch  1 taken 100%
        -:  306:	{
        -:  307:          /* This used to issue a warning, but on some hosts
        -:  308:             (e.g. Solaris 2.5) mmap can fail merely because some
        -:  309:             other process has an advisory erad lock on the file.
        -:  310:             There's no point alarming the use about this misfeature */
        -:  311:#if 0
        -:  312:	  fprintf(stderr, _("%s: warning: %s: %s\n"), prog, filename,
        -:  313:		  strerror(errno));
        -:  314:#endif
    #####:  315:	  goto tryread;
        -:  316:	}
        -:  317:#if 0
        -:  318:      /* You might thing this (or MADV_WILLNEED) would help,
        -:  319:	 but it doesn't, at least not on a Sun running 4.1.
        -:  320:	 In fact, it actually slows us down about 30%! */
        -:  321:      madvise(maddr, bufalloc - bufsalloc, MADV_SEQUENTIAL);
        -:  322:#endif
     1098:  323:      cc = bufalloc - bufsalloc;
     1098:  324:      bufoffset += cc;
        -:  325:    }
        -:  326:  else
        -:  327:    {
     244*:  328:    tryread:
        -:  329:      /* We come here when we're not going to use mmap() any more.
        -:  330:	 Note that we need to synchronize the file offset the
        -:  331:	 first time through. */
      244:  332:      if (bufmapped)
branch  0 taken 50% (fallthrough)
branch  1 taken 50%
        -:  333:	{
      122:  334:	  bufmapped = 0;
      122:  335:	  lseek(bufdesc, bufoffset, 0);
call    0 returned 100%
        -:  336:	}
      244:  337:      cc = read(bufdesc, buffer + bufsalloc, bufalloc - bufsalloc);
call    0 returned 100%
        -:  338:    }
        -:  339:#else
        -:  340:  cc = read(bufdesc, buffer + bufsalloc, bufalloc - bufsalloc);
        -:  341:#endif
        -:  342:#if O_BINARY
        -:  343:  if (O_BINARY && cc > 0)
        -:  344:#ifndef FAULTY_F_KP_6
        -:  345:    cc = undossify_input(buffer + bufsalloc, cc);
        -:  346:#else
        -:  347:    cc = undossify_input(bufalloc - bufsalloc, cc);
        -:  348:#endif
        -:  349:#endif
     1342:  350:  if (cc > 0)
branch  0 taken 91% (fallthrough)
branch  1 taken 9%
     1220:  351:    buflim = buffer + bufsalloc + cc;
        -:  352:  else
      122:  353:    buflim = buffer + bufsalloc;
     1342:  354:  return cc;
        -:  355:}
        -:  356:
        -:  357:/* Flags controlling the style of output. */
        -:  358:static int out_quiet;		/* Suppress all normal output. */
        -:  359:static int out_invert;		/* Print nonmatching stuff. */
        -:  360:static int out_file;		/* Print filenames. */
        -:  361:static int out_line;		/* Print line numbers. */
        -:  362:static int out_byte;		/* Print byte offsets. */
        -:  363:static int out_before;		/* Lines of leading context. */
        -:  364:static int out_after;		/* Lines of trailing context. */
        -:  365:
        -:  366:/* Internal variables to keep track of byte count, context, etc. */
        -:  367:static size_t totalcc;		/* Total character count before bufbeg. */
        -:  368:static char *lastnl;		/* Pointer after last newline counted. */
        -:  369:static char *lastout;		/* Pointer after last character output;
        -:  370:				   NULL if no character has been output
        -:  371:				   or if it's conceptually before bufbeg. */
        -:  372:static size_t totalnl;		/* Total newline count before lastnl. */
        -:  373:static int pending;		/* Pending lines of output. */
        -:  374:static int done_on_match;		/* Stop scanning file on first match */
        -:  375:
        -:  376:#if O_BINARY
        -:  377:# include "dosbuf.c"
        -:  378:#endif
        -:  379:
        -:  380:static void
function nlscan called 0 returned 0% blocks executed 0%
    #####:  381:nlscan(lim)
        -:  382:     char *lim;
        -:  383:{
        -:  384:  char *beg;
        -:  385:
    #####:  386:  for (beg = lastnl; beg < lim; ++beg)
branch  0 never executed
branch  1 never executed
    #####:  387:    if (*beg == '\n')
branch  0 never executed
branch  1 never executed
    #####:  388:      ++totalnl;
    #####:  389:  lastnl = beg;
    #####:  390:}
        -:  391:
        -:  392:static void
function prline called 257060 returned 100% blocks executed 62%
   257060:  393:prline(beg, lim, sep)
        -:  394:     char *beg;
        -:  395:     char *lim;
        -:  396:     int sep;
        -:  397:{
   257060:  398:  if (out_file)
branch  0 taken 1% (fallthrough)
branch  1 taken 99%
     1298:  399:    printf("%s%c", filename, sep);
call    0 returned 100%
   257060:  400:  if (out_line)
branch  0 taken 0% (fallthrough)
branch  1 taken 100%
        -:  401:    {
    #####:  402:      nlscan(beg);
call    0 never executed
    #####:  403:      printf("%u%c", (unsigned int)++totalnl, sep);
call    0 never executed
    #####:  404:      lastnl = lim;
        -:  405:    }
   257060:  406:  if (out_byte)
branch  0 taken 0% (fallthrough)
branch  1 taken 100%
        -:  407:#if O_BINARY
        -:  408:    printf("%lu%c",
        -:  409:	   (unsigned long int) dossified_pos(totalcc + (beg - bufbeg)), sep);
        -:  410:#else
    #####:  411:    printf("%lu%c", (unsigned long int) (totalcc + (beg - bufbeg)), sep);
call    0 never executed
        -:  412:#endif
   257060:  413:  fwrite(beg, 1, lim - beg, stdout);
call    0 returned 100%
   257060:  414:  if (ferror(stdout))
call    0 returned 100%
branch  1 taken 0% (fallthrough)
branch  2 taken 100%
    #####:  415:    error(_("writing output"), errno);
call    0 never executed
   257060:  416:  lastout = lim;
   257060:  417:}
        -:  418:
        -:  419:/* Print pending lines of trailing context prior to LIM. */
        -:  420:static void
function prpending called 1579 returned 100% blocks executed 80%
     1579:  421:prpending(lim)
        -:  422:     char *lim;
        -:  423:{
        -:  424:  char *nl;
        -:  425:
     1579:  426:  if (!lastout)
branch  0 taken 0% (fallthrough)
branch  1 taken 100%
    #####:  427:    lastout = bufbeg;
     7345:  428:  while (pending > 0 && lastout < lim)
branch  0 taken 89% (fallthrough)
branch  1 taken 11%
branch  2 taken 88%
branch  3 taken 12% (fallthrough)
        -:  429:    {
     5766:  430:      --pending;
     5766:  431:      if ((nl = memchr(lastout, '\n', lim - lastout)) != 0)
branch  0 taken 100% (fallthrough)
branch  1 taken 0%
     5766:  432:	++nl;
        -:  433:      else
    #####:  434:	nl = lim;
     5766:  435:      prline(lastout, nl, '-');
call    0 returned 100%
        -:  436:    }
     1579:  437:}
        -:  438:
        -:  439:/* Print the lines between BEG and LIM.  Deal with context crap.
        -:  440:   If NLINESP is non-null, store a count of lines between BEG and LIM. */
        -:  441:static void
function prtext called 248069 returned 100% blocks executed 74%
   248069:  442:prtext(beg, lim, nlinesp)
        -:  443:     char *beg;
        -:  444:     char *lim;
        -:  445:     int *nlinesp;
        -:  446:{
        -:  447:  static int used;		/* avoid printing "--" before any output */
        -:  448:  char *bp, *p, *nl;
        -:  449:  int i, n;
        -:  450:
   248069:  451:  if (!out_quiet && pending > 0)
branch  0 taken 100% (fallthrough)
branch  1 taken 0%
branch  2 taken 1% (fallthrough)
branch  3 taken 99%
     1538:  452:    prpending(beg);
call    0 returned 100%
        -:  453:
   248069:  454:  p = beg;
        -:  455:
   248069:  456:  if (!out_quiet)
branch  0 taken 100% (fallthrough)
branch  1 taken 0%
        -:  457:    {
        -:  458:      /* Deal with leading context crap. */
        -:  459:
   248069:  460:      bp = lastout ? lastout : bufbeg;
branch  0 taken 100% (fallthrough)
branch  1 taken 1%
   256397:  461:      for (i = 0; i < out_before; ++i)
branch  0 taken 3%
branch  1 taken 97% (fallthrough)
     8328:  462:	if (p > bp)
branch  0 taken 39% (fallthrough)
branch  1 taken 61%
        -:  463:	  do
    89249:  464:	    --p;
    89249:  465:	  while (p > bp && p[-1] != '\n');
branch  0 taken 100% (fallthrough)
branch  1 taken 1%
branch  2 taken 97%
branch  3 taken 3% (fallthrough)
        -:  466:
        -:  467:      /* We only print the "--" separator if our output is
        -:  468:	 discontiguous from the last output in the file. */
   248069:  469:      if ((out_before || out_after) && used && p != lastout)
branch  0 taken 99% (fallthrough)
branch  1 taken 1%
branch  2 taken 0% (fallthrough)
branch  3 taken 100%
branch  4 taken 99% (fallthrough)
branch  5 taken 1%
branch  6 taken 27% (fallthrough)
branch  7 taken 73%
      426:  470:	puts("--");
call    0 returned 100%
        -:  471:
   251294:  472:      while (p < beg)
branch  0 taken 1%
branch  1 taken 99% (fallthrough)
        -:  473:	{
     3225:  474:	  nl = memchr(p, '\n', beg - p);
     3225:  475:	  prline(p, nl + 1, '-');
call    0 returned 100%
     3225:  476:	  p = nl + 1;
        -:  477:	}
        -:  478:    }
        -:  479:
   248069:  480:  if (nlinesp)
branch  0 taken 0% (fallthrough)
branch  1 taken 100%
        -:  481:    {
        -:  482:      /* Caller wants a line count. */
    #####:  483:      for (n = 0; p < lim; ++n)
branch  0 never executed
branch  1 never executed
        -:  484:	{
    #####:  485:	  if ((nl = memchr(p, '\n', lim - p)) != 0)
branch  0 never executed
branch  1 never executed
    #####:  486:	    ++nl;
        -:  487:	  else
    #####:  488:	    nl = lim;
    #####:  489:	  if (!out_quiet)
branch  0 never executed
branch  1 never executed
    #####:  490:	    prline(p, nl, ':');
call    0 never executed
    #####:  491:	  p = nl;
        -:  492:	}
    #####:  493:      *nlinesp = n;
        -:  494:    }
        -:  495:  else
   248069:  496:    if (!out_quiet)
branch  0 taken 100% (fallthrough)
branch  1 taken 0%
   248069:  497:      prline(beg, lim, ':');
call    0 returned 100%
        -:  498:
   248069:  499:  pending = out_after;
   248069:  500:  used = 1;
   248069:  501:}
        -:  502:
        -:  503:/* Scan the specified portion of the buffer, matching lines (or
        -:  504:   between matching lines if OUT_INVERT is true).  Return a count of
        -:  505:   lines printed. */
        -:  506:static int
function grepbuf called 1342 returned 100% blocks executed 55%
     1342:  507:grepbuf(beg, lim)
        -:  508:     char *beg;
        -:  509:     char *lim;
        -:  510:{
        -:  511:  int nlines, n;
        -:  512:  register char *p, *b;
        -:  513:  char *endp;
        -:  514:
     1342:  515:  nlines = 0;
     1342:  516:  p = beg;
   249411:  517:  while ((b = (*execute)(p, lim - p, &endp)) != 0)
call    0 returned 100%
branch  1 taken 99%
branch  2 taken 1% (fallthrough)
        -:  518:    {
        -:  519:      /* Avoid matching the empty line at the end of the buffer. */
  248069*:  520:      if (b == lim && ((b > beg && b[-1] == '\n') || b == beg))
branch  0 taken 0% (fallthrough)
branch  1 taken 100%
branch  2 never executed
branch  3 never executed
branch  4 never executed
branch  5 never executed
branch  6 never executed
branch  7 never executed
        -:  521:	break;
   248069:  522:      if (!out_invert)
branch  0 taken 100% (fallthrough)
branch  1 taken 0%
        -:  523:	{
   248069:  524:	  prtext(b, endp, (int *) 0);
call    0 returned 100%
   248069:  525:	  nlines += 1;
   248069:  526:	  if (done_on_match)
branch  0 taken 0% (fallthrough)
branch  1 taken 100%
    #####:  527:	    return nlines;
        -:  528:	}
    #####:  529:      else if (p < b)
branch  0 never executed
branch  1 never executed
        -:  530:	{
    #####:  531:	  prtext(p, b, &n);
call    0 never executed
    #####:  532:	  nlines += n;
        -:  533:	}
   248069:  534:      p = endp;
        -:  535:    }
    1342*:  536:  if (out_invert && p < lim)
branch  0 taken 0% (fallthrough)
branch  1 taken 100%
branch  2 never executed
branch  3 never executed
        -:  537:    {
    #####:  538:      prtext(p, lim, &n);
call    0 never executed
    #####:  539:      nlines += n;
        -:  540:    }
     1342:  541:  return nlines;
        -:  542:}
        -:  543:
        -:  544:/* Search a given file.  Return a count of lines printed. */
        -:  545:static int
function grep called 122 returned 100% blocks executed 88%
      122:  546:grep(fd)
        -:  547:     int fd;
        -:  548:{
        -:  549:  int nlines, i;
        -:  550:  size_t residue, save;
        -:  551:  char *beg, *lim;
        -:  552:
      122:  553:  reset(fd);
call    0 returned 100%
        -:  554:
      122:  555:  totalcc = 0;
      122:  556:  lastout = 0;
      122:  557:  totalnl = 0;
      122:  558:  pending = 0;
        -:  559:
      122:  560:  nlines = 0;
      122:  561:  residue = 0;
      122:  562:  save = 0;
        -:  563:
        -:  564:  for (;;)
        -:  565:    {
     1342:  566:      if (fillbuf(save) < 0)
call    0 returned 100%
branch  1 taken 0% (fallthrough)
branch  2 taken 100%
        -:  567:	{
    #####:  568:	  error(filename, errno);
call    0 never executed
    #####:  569:	  return nlines;
        -:  570:	}
     1342:  571:      lastnl = bufbeg;
     1342:  572:      if (lastout)
branch  0 taken 18% (fallthrough)
branch  1 taken 82%
      241:  573:	lastout = bufbeg;
     1342:  574:      if (buflim - bufbeg == save)
branch  0 taken 9% (fallthrough)
branch  1 taken 91%
      122:  575:	break;
     1220:  576:      beg = bufbeg + save - residue;
    33184:  577:      for (lim = buflim; lim > beg && lim[-1] != '\n'; --lim)
branch  0 taken 100% (fallthrough)
branch  1 taken 0%
branch  2 taken 96%
branch  3 taken 4% (fallthrough)
        -:  578:	;
     1220:  579:      residue = buflim - lim;
     1220:  580:      if (beg < lim)
branch  0 taken 100% (fallthrough)
branch  1 taken 0%
        -:  581:	{
     1220:  582:	  nlines += grepbuf(beg, lim);
call    0 returned 100%
     1220:  583:	  if (pending)
branch  0 taken 3% (fallthrough)
branch  1 taken 97%
       40:  584:	    prpending(lim);
call    0 returned 100%
        -:  585:          #ifndef FAULTY_F_DG_7
    1220*:  586:	  if (nlines && done_on_match && !out_invert)
branch  0 taken 64% (fallthrough)
branch  1 taken 36%
branch  2 taken 0% (fallthrough)
branch  3 taken 100%
branch  4 never executed
branch  5 never executed
    #####:  587:	    return nlines;
        -:  588:          #else
        -:  589:	  if (nlines && done_on_match && !out_quiet)
        -:  590:	    return nlines;
        -:  591:          #endif
        -:  592:	}
     1220:  593:      i = 0;
     1220:  594:      beg = lim;
     1786:  595:      while (i < out_before && beg > bufbeg && beg != lastout)
branch  0 taken 32% (fallthrough)
branch  1 taken 68%
branch  2 taken 100% (fallthrough)
branch  3 taken 0%
branch  4 taken 98%
branch  5 taken 2% (fallthrough)
        -:  596:	{
      566:  597:	  ++i;
        -:  598:	  do
    16290:  599:	    --beg;
    16290:  600:	  while (beg > bufbeg && beg[-1] != '\n');
branch  0 taken 100% (fallthrough)
branch  1 taken 0%
branch  2 taken 97%
branch  3 taken 3% (fallthrough)
        -:  601:	}
     1220:  602:      if (beg != lastout)
branch  0 taken 80% (fallthrough)
branch  1 taken 20%
      979:  603:	lastout = 0;
     1220:  604:      save = residue + lim - beg;
     1220:  605:      totalcc += buflim - bufbeg - save;
     1220:  606:      if (out_line)
branch  0 taken 0% (fallthrough)
branch  1 taken 100%
    #####:  607:	nlscan(beg);
call    0 never executed
        -:  608:    }
      122:  609:  if (residue)
branch  0 taken 100% (fallthrough)
branch  1 taken 0%
        -:  610:    {
      122:  611:      nlines += grepbuf(bufbeg + save - residue, buflim);
call    0 returned 100%
      122:  612:      if (pending)
branch  0 taken 1% (fallthrough)
branch  1 taken 99%
        1:  613:	prpending(buflim);
call    0 returned 100%
        -:  614:    }
      122:  615:  return nlines;
        -:  616:}
        -:  617:
        -:  618:
        -:  619:static void
function usage called 9 returned 0% blocks executed 40%
        9:  620:usage(status)
        -:  621:int status;
        -:  622:{
        9:  623:  if (status != 0)
branch  0 taken 100% (fallthrough)
branch  1 taken 0%
        -:  624:    {
        9:  625:      fprintf (stderr, _("Usage: %s [OPTION]... PATTERN [FILE]...\n"), prog);
call    0 returned 100%
        9:  626:      fprintf (stderr, _("Try `%s --help' for more information.\n"), prog);
call    0 returned 100%
        -:  627:    }
        -:  628:  else
        -:  629:    {
    #####:  630:      printf (_("Usage: %s [OPTION]... PATTERN [FILE] ...\n"), prog);
call    0 never executed
    #####:  631:      printf (_("\
call    0 never executed
        -:  632:Search for PATTERN in each FILE or standard input.\n\
        -:  633:\n\
        -:  634:Regexp selection and interpretation:\n\
        -:  635:  -E, --extended-regexp     PATTERN is an extended regular expression\n\
        -:  636:  -F, --fixed-regexp        PATTERN is a fixed string separated by newlines\n\
        -:  637:  -G, --basic-regexp        PATTERN is a basic regular expression\n\
        -:  638:  -e, --regexp=PATTERN      use PATTERN as a regular expression\n\
        -:  639:  -f, --file=FILE           obtain PATTERN from FILE\n\
        -:  640:  -i, --ignore-case         ignore case distinctions\n\
        -:  641:  -w, --word-regexp         force PATTERN to match only whole words\n\
        -:  642:  -x, --line-regexp         force PATTERN to match only whole lines\n"));
    #####:  643:      printf (_("\
call    0 never executed
        -:  644:\n\
        -:  645:Miscellaneous:\n\
        -:  646:  -s, --no-messages         suppress error messages\n\
        -:  647:  -v, --revert-match        select non-matching lines\n\
        -:  648:  -V, --version             print version information and exit\n\
        -:  649:      --help                display this help and exit\n"));
    #####:  650:      printf (_("\
call    0 never executed
        -:  651:\n\
        -:  652:Output control:\n\
        -:  653:  -b, --byte-offset         print the byte offset with output lines\n\
        -:  654:  -n, --line-number         print line number with output lines\n\
        -:  655:  -H, --with-filename       print the filename for each match\n\
        -:  656:  -h, --no-filename         suppress the prefixing filename on output\n\
        -:  657:  -q, --quiet, --silent     suppress all normal output\n\
        -:  658:  -L, --files-without-match only print FILE names containing no match\n\
        -:  659:  -l, --files-with-matches  only print FILE names containing matches\n\
        -:  660:  -c, --count               only print a count of matching lines per FILE\n"));
    #####:  661:      printf (_("\
call    0 never executed
        -:  662:\n\
        -:  663:Context control:\n\
        -:  664:  -B, --before-context=NUM  print NUM lines of leading context\n\
        -:  665:  -A, --after-context=NUM   print NUM lines of trailing context\n\
        -:  666:  -NUM                      same as both -B NUM and -A NUM\n\
        -:  667:  -C, --context             same as -2\n\
        -:  668:  -U, --binary              do not strip CR characters at EOL (MSDOS)\n\
        -:  669:  -u, --unix-byte-offsets   report offsets as if CRs were not there (MSDOS)\n\
        -:  670:\n\
        -:  671:If no -[GEF], then `egrep' assumes -E, `fgrep' -F, else -G.\n\
        -:  672:With no FILE, or when FILE is -, read standard input. If less than\n\
        -:  673:two FILEs given, assume -h. Exit with 0 if matches, with 1 if none.\n\
        -:  674:Exit with 2 if syntax errors or system errors.\n"));
    #####:  675:      printf (_("\nReport bugs to <bug-gnu-utils@gnu.org>.\n"));
call    0 never executed
        -:  676:    }
        9:  677:  exit(status);
        -:  678:}
        -:  679:
        -:  680:/* Go through the matchers vector and look for the specified matcher.
        -:  681:   If we find it, install it in compile and execute, and return 1.  */
        -:  682:static int
function setmatcher called 337 returned 100% blocks executed 100%
      337:  683:setmatcher(name)
        -:  684:     char *name;
        -:  685:{
        -:  686:  int i;
        -:  687:#ifdef HAVE_SETRLIMIT
        -:  688:  struct rlimit rlim;
        -:  689:#endif
        -:  690:
     1843:  691:  for (i = 0; matchers[i].name; ++i)
branch  0 taken 91%
branch  1 taken 9% (fallthrough)
     1676:  692:    if (strcmp(name, matchers[i].name) == 0)
branch  0 taken 10% (fallthrough)
branch  1 taken 90%
        -:  693:      {
      170:  694:	compile = matchers[i].compile;
      170:  695:	execute = matchers[i].execute;
        -:  696:#if HAVE_SETRLIMIT && defined(RLIMIT_STACK)
        -:  697:	/* I think every platform needs to do this, so that regex.c
        -:  698:	   doesn't oveflow the stack.  The default value of
        -:  699:	   `re_max_failures' is too large for some platforms: it needs
        -:  700:	   more than 3MB-large stack.
        -:  701:
        -:  702:	   The test for HAVE_SETRLIMIT should go into `configure'.  */
        -:  703:	if (!getrlimit (RLIMIT_STACK, &rlim))
        -:  704:	  {
        -:  705:	    long newlim;
        -:  706:	    extern long int re_max_failures; /* from regex.c */
        -:  707:
        -:  708:	    /* Approximate the amount regex.c needs, plus some more.  */
        -:  709:	    newlim = re_max_failures * 2 * 20 * sizeof (char *);
        -:  710:	    if (newlim > rlim.rlim_max)
        -:  711:	      {
        -:  712:		newlim = rlim.rlim_max;
        -:  713:		re_max_failures = newlim / (2 * 20 * sizeof (char *));
        -:  714:	      }
        -:  715:	    if (rlim.rlim_cur < newlim)
        -:  716:              #ifndef FAULTY_F_DG_5
        -:  717:	      rlim.rlim_cur = newlim;
        -:  718:              #else
        -:  719:	      newlim = rlim.rlim_cur;
        -:  720:              #endif
        -:  721:
        -:  722:	    setrlimit (RLIMIT_STACK, &rlim);
        -:  723:	  }
        -:  724:#endif
      170:  725:	return 1;
        -:  726:      }
      167:  727:  return 0;
        -:  728:}
        -:  729:
        -:  730:int
function main called 199 returned 0% blocks executed 71%
      199:  731:main(argc, argv)
        -:  732:     int argc;
        -:  733:     char *argv[];
        -:  734:{
        -:  735:  char *keys;
        -:  736:  size_t keycc, oldcc, keyalloc;
        -:  737:  int count_matches, no_filenames, list_files, suppress_errors;
        -:  738:  int with_filenames;
        -:  739:  int opt, cc, desc, count, status;
        -:  740:  FILE *fp;
        -:  741:  extern char *optarg;
        -:  742:  extern int optind;
        -:  743:  /* add this line for diff between *.c and *.int.c */
      199:  744:  argv[0] = "target1";
        -:  745:  
      199:  746:  prog = argv[0];
      199:  747:  if (prog && strrchr(prog, '/'))
branch  0 taken 100% (fallthrough)
branch  1 taken 0%
branch  2 taken 0% (fallthrough)
branch  3 taken 100%
    #####:  748:    prog = strrchr(prog, '/') + 1;
        -:  749:
        -:  750:#if defined(__MSDOS__) || defined(_WIN32)
        -:  751:  /* DOS and MS-Windows use backslashes as directory separators, and usually
        -:  752:     have an .exe suffix.  They also have case-insensitive filesystems.  */
        -:  753:  if (prog)
        -:  754:    {
        -:  755:      char *p = prog;
        -:  756:      char *bslash = strrchr(argv[0], '\\');
        -:  757:
        -:  758:      if (bslash && bslash >= prog) /* for mixed forward/backslash case */
        -:  759:	prog = bslash + 1;
        -:  760:      else if (prog == argv[0]
        -:  761:	       && argv[0][0] && argv[0][1] == ':') /* "c:progname" */
        -:  762:	prog = argv[0] + 2;
        -:  763:
        -:  764:      /* Collapse the letter-case, so `strcmp' could be used hence.  */
        -:  765:      for ( ; *p; p++)
        -:  766:	if (*p >= 'A' && *p <= 'Z')
        -:  767:	  *p += 'a' - 'A';
        -:  768:
        -:  769:      /* Remove the .exe extension, if any.  */
        -:  770:      if ((p = strrchr(prog, '.')) && strcmp(p, ".exe") == 0)
        -:  771:	*p = '\0';
        -:  772:    }
        -:  773:#endif
        -:  774:
      199:  775:  keys = NULL;
      199:  776:  keycc = 0;
      199:  777:  count_matches = 0;
      199:  778:  no_filenames = 0;
      199:  779:  with_filenames = 0;
      199:  780:  list_files = 0;
      199:  781:  suppress_errors = 0;
      199:  782:  matcher = NULL;
        -:  783:
        -:  784:/* Internationalization. */
        -:  785:#if HAVE_SETLOCALE
      199:  786:  setlocale (LC_ALL, "");
call    0 returned 100%
        -:  787:#endif
        -:  788:#if ENABLE_NLS
      199:  789:  bindtextdomain (PACKAGE, LOCALEDIR);
call    0 returned 100%
      199:  790:  textdomain (PACKAGE);
call    0 returned 100%
        -:  791:#endif
        -:  792:
      246:  793:  while ((opt = getopt_long(argc, argv,
call    0 returned 100%
branch  1 taken 31%
branch  2 taken 69% (fallthrough)
        -:  794:#if O_BINARY
        -:  795:         "0123456789A:B:CEFGHVX:bce:f:hiLlnqsvwxyUu",
        -:  796:#else
        -:  797:         "0123456789A:B:CEFGHVX:bce:f:hiLlnqsvwxy",
        -:  798:#endif
        -:  799:         long_options, NULL)) != EOF)
       76:  800:    switch (opt)
branch  0 taken 17%
branch  1 taken 1%
branch  2 taken 1%
branch  3 taken 0%
branch  4 taken 4%
branch  5 taken 3%
branch  6 taken 3%
branch  7 taken 0%
branch  8 taken 0%
branch  9 taken 5%
branch 10 taken 0%
branch 11 taken 3%
branch 12 taken 21%
branch 13 taken 20%
branch 14 taken 0%
branch 15 taken 7%
branch 16 taken 1%
branch 17 taken 1%
branch 18 taken 0%
branch 19 taken 0%
branch 20 taken 0%
branch 21 taken 1%
branch 22 taken 0%
branch 23 taken 0%
branch 24 taken 0%
branch 25 taken 12%
        -:  801:      {
       13:  802:      case '0':
        -:  803:      case '1':
        -:  804:      case '2':
        -:  805:      case '3':
        -:  806:      case '4':
        -:  807:      case '5':
        -:  808:      case '6':
        -:  809:      case '7':
        -:  810:      case '8':
        -:  811:      case '9':
       13:  812:	out_before = 10 * out_before + opt - '0';
       13:  813:	out_after = 10 * out_after + opt - '0';
       13:  814:	break;
        1:  815:      case 'A':
        1:  816:	if (optarg)
branch  0 taken 100% (fallthrough)
branch  1 taken 0%
        -:  817:	  {
        1:  818:	    if (ck_atoi (optarg, &out_after))
call    0 returned 100%
branch  1 taken 100% (fallthrough)
branch  2 taken 0%
        1:  819:	      fatal (_("invalid context length argument"), 0);
call    0 returned 0%
        -:  820:	  }
    #####:  821:	break;
        1:  822:      case 'B':
        1:  823:	if (optarg)
branch  0 taken 100% (fallthrough)
branch  1 taken 0%
        -:  824:	  {
        1:  825:	    if (ck_atoi (optarg, &out_before))
call    0 returned 100%
branch  1 taken 100% (fallthrough)
branch  2 taken 0%
        1:  826:	      fatal (_("invalid context length argument"), 0);
call    0 returned 0%
        -:  827:	  }
    #####:  828:	break;
    #####:  829:      case 'C':
    #####:  830:	out_before = out_after = 2;
    #####:  831:	break;
        3:  832:      case 'E':
        3:  833:	if (matcher && strcmp(matcher, "posix-egrep") != 0)
branch  0 taken 33% (fallthrough)
branch  1 taken 67%
branch  2 taken 100% (fallthrough)
branch  3 taken 0%
        1:  834:	  fatal(_("you may specify only one of -E, -F, or -G"), 0);
call    0 returned 0%
        2:  835:	matcher = "posix-egrep";
        2:  836:	break;
        2:  837:      case 'F':
        2:  838:	if (matcher && strcmp(matcher, "fgrep") != 0)
branch  0 taken 50% (fallthrough)
branch  1 taken 50%
branch  2 taken 100% (fallthrough)
branch  3 taken 0%
        1:  839:	  fatal(_("you may specify only one of -E, -F, or -G"), 0);;
call    0 returned 0%
        1:  840:	matcher = "fgrep";
        1:  841:	break;
        2:  842:      case 'G':
        2:  843:	if (matcher && strcmp(matcher, "grep") != 0)
branch  0 taken 50% (fallthrough)
branch  1 taken 50%
branch  2 taken 100% (fallthrough)
branch  3 taken 0%
        1:  844:	  fatal(_("you may specify only one of -E, -F, or -G"), 0);
call    0 returned 0%
        1:  845:	matcher = "grep";
        1:  846:	break;
    #####:  847:      case 'H':
    #####:  848:	with_filenames = 1;
    #####:  849:	break;
        -:  850:#if O_BINARY
        -:  851:      case 'U':
        -:  852:	dos_use_file_type = DOS_BINARY;
        -:  853:	break;
        -:  854:      case 'u':
        -:  855:	dos_report_unix_offset = 1;
        -:  856:	break;
        -:  857:#endif
    #####:  858:      case 'V':
    #####:  859:	show_version = 1;
    #####:  860:	break;
        4:  861:      case 'X':
        4:  862:	if (matcher)
branch  0 taken 25% (fallthrough)
branch  1 taken 75%
        1:  863:	  fatal(_("matcher already specified"), 0);
call    0 returned 0%
        3:  864:	matcher = optarg;
        3:  865:	break;
    #####:  866:      case 'b':
    #####:  867:	out_byte = 1;
    #####:  868:	break;
        2:  869:      case 'c':
        2:  870:	out_quiet = 1;
        2:  871:	count_matches = 1;
        2:  872:	break;
       16:  873:      case 'e':
       16:  874:	cc = strlen(optarg);
       16:  875:	keys = xrealloc(keys, keycc + cc + 1);
call    0 returned 100%
       16:  876:	strcpy(&keys[keycc], optarg);
       16:  877:	keycc += cc;
       16:  878:	keys[keycc++] = '\n';
       16:  879:	break;
       15:  880:      case 'f':
      15*:  881:	fp = strcmp(optarg, "-") != 0 ? fopen(optarg, "r") : stdin;
branch  0 taken 100% (fallthrough)
branch  1 taken 0%
call    2 returned 100%
       15:  882:	if (!fp)
branch  0 taken 93% (fallthrough)
branch  1 taken 7%
       14:  883:	  fatal(optarg, errno);
call    0 returned 0%
        2:  884:	for (keyalloc = 1; keyalloc <= keycc + 1; keyalloc *= 2)
branch  0 taken 50%
branch  1 taken 50% (fallthrough)
        -:  885:	  ;
        1:  886:	keys = xrealloc(keys, keyalloc);
call    0 returned 100%
        1:  887:	oldcc = keycc;
       20:  888:	while (!feof(fp)
call    0 returned 100%
branch  1 taken 95% (fallthrough)
branch  2 taken 5%
       19:  889:	       && (cc = fread(keys + keycc, 1, keyalloc - 1 - keycc, fp)) > 0)
call    0 returned 100%
branch  1 taken 100%
branch  2 taken 0% (fallthrough)
        -:  890:	  {
       19:  891:	    keycc += cc;
       19:  892:	    if (keycc == keyalloc - 1)
branch  0 taken 95% (fallthrough)
branch  1 taken 5%
       18:  893:	      keys = xrealloc(keys, keyalloc *= 2);
call    0 returned 100%
        -:  894:	  }
        1:  895:	if (fp != stdin)
branch  0 taken 100% (fallthrough)
branch  1 taken 0%
        1:  896:	  fclose(fp);
call    0 returned 100%
        -:  897:	/* Append final newline if file ended in non-newline. */
        1:  898:	if (oldcc != keycc && keys[keycc - 1] != '\n')
branch  0 taken 100% (fallthrough)
branch  1 taken 0%
branch  2 taken 100% (fallthrough)
branch  3 taken 0%
        1:  899:	  keys[keycc++] = '\n';
        1:  900:	break;
    #####:  901:      case 'h':
    #####:  902:	no_filenames = 1;
    #####:  903:	break;
        5:  904:      case 'i':
        -:  905:      case 'y':			/* For old-timers . . . */
        5:  906:	match_icase = 1;
        5:  907:	break;
        1:  908:      case 'L':
        -:  909:	/* Like -l, except list files that don't contain matches.
        -:  910:	   Inspired by the same option in Hume's gre. */
        1:  911:	out_quiet = 1;
        1:  912:	list_files = -1;
        1:  913:	done_on_match = 1;
        1:  914:	break;
        1:  915:      case 'l':
        1:  916:	out_quiet = 1;
        1:  917:	list_files = 1;
        1:  918:	done_on_match = 1;
        1:  919:	break;
    #####:  920:      case 'n':
    #####:  921:	out_line = 1;
    #####:  922:	break;
    #####:  923:      case 'q':
    #####:  924:	done_on_match = 1;
    #####:  925:	out_quiet = 1;
    #####:  926:	break;
    #####:  927:      case 's':
    #####:  928:	suppress_errors = 1;
    #####:  929:	break;
        1:  930:      case 'v':
        1:  931:	out_invert = 1;
        1:  932:	break;
    #####:  933:      case 'w':
    #####:  934:	match_words = 1;
    #####:  935:	break;
    #####:  936:      case 'x':
    #####:  937:	match_lines = 1;
    #####:  938:	break;
    #####:  939:      case 0:
        -:  940:	/* long options */
    #####:  941:	break;
        9:  942:      default:
        9:  943:	usage(2);
call    0 returned 0%
    #####:  944:	break;
        -:  945:      }
        -:  946:
      170:  947:  if (show_version)
branch  0 taken 0% (fallthrough)
branch  1 taken 100%
        -:  948:    {
    #####:  949:      printf (_("grep (GNU grep) %s\n"), VERSION);
call    0 never executed
    #####:  950:      printf ("\n");
call    0 never executed
    #####:  951:      printf (_("\
call    0 never executed
        -:  952:Copyright (C) 1988, 92, 93, 94, 95, 96, 97 Free Software Foundation, Inc.\n"));
    #####:  953:      printf (_("\
call    0 never executed
        -:  954:This is free software; see the source for copying conditions. There is NO\n\
        -:  955:warranty; not even for MERCHANTABILITY or FITNESS FOR A PARTICULAR PURPOSE.\n"));
    #####:  956:      printf ("\n");
call    0 never executed
    #####:  957:      exit (0);
call    0 never executed
        -:  958:    }
        -:  959:
      170:  960:  if (show_help)
branch  0 taken 0% (fallthrough)
branch  1 taken 100%
    #####:  961:    usage(0);
call    0 never executed
        -:  962:
      170:  963:  if (keys)
branch  0 taken 2% (fallthrough)
branch  1 taken 98%
        -:  964:    {
        -:  965:      /* No keys were specified (e.g. -f /dev/null)/ Match nothing/ */
        4:  966:      if (keycc == 0)
branch  0 taken 0% (fallthrough)
branch  1 taken 100%
    #####:  967:        out_invert ^= 1;
        -:  968:      else /* strip trailin newline. */
        4:  969:        --keycc;
        -:  970:    }
        -:  971:  else
      166:  972:    if (optind < argc)
branch  0 taken 100% (fallthrough)
branch  1 taken 0%
        -:  973:      {
      166:  974:	keys = argv[optind++];
      166:  975:	keycc = strlen(keys);
        -:  976:      }
        -:  977:    else
    #####:  978:      usage(2);
call    0 never executed
        -:  979:
      170:  980:  if (!matcher)
branch  0 taken 98% (fallthrough)
branch  1 taken 2%
      167:  981:    matcher = prog;
        -:  982:
      170:  983:  if (!setmatcher(matcher) && !setmatcher("default"))
call    0 returned 100%
branch  1 taken 98% (fallthrough)
branch  2 taken 2%
call    3 returned 100%
branch  4 taken 0% (fallthrough)
branch  5 taken 100%
    #####:  984:    abort();
call    0 never executed
        -:  985:
      170:  986:  (*compile)(keys, keycc);
call    0 returned 74%
        -:  987:
      125:  988:  if ((argc - optind > 1 && !no_filenames) || with_filenames)
branch  0 taken 1% (fallthrough)
branch  1 taken 99%
branch  2 taken 0% (fallthrough)
branch  3 taken 100%
branch  4 taken 0% (fallthrough)
branch  5 taken 100%
        1:  989:    out_file = 1;
        -:  990:
      125:  991:  status = 1;
        -:  992:
      125:  993:  if (optind < argc)
branch  0 taken 100% (fallthrough)
branch  1 taken 0%
      251:  994:    while (optind < argc)
branch  0 taken 50%
branch  1 taken 50%
        -:  995:      {
      126:  996:	if (strcmp(argv[optind], "-") == 0)
branch  0 taken 0% (fallthrough)
branch  1 taken 100%
        -:  997:	  {
    #####:  998:	    filename = _("(standard input)");
    #####:  999:	    desc = 0;
        -: 1000:	  }
        -: 1001:	else
        -: 1002:	  {
        -: 1003:#if defined(__MSDOS__) || defined(_WIN32)
        -: 1004:	    struct stat st;
        -: 1005:	    if (stat (argv[optind], &st) == 0 && S_ISDIR(st.st_mode))
        -: 1006:	      {
        -: 1007:		++optind;
        -: 1008:		continue;
        -: 1009:	      }
        -: 1010:#endif
      126: 1011:	    filename = argv[optind];
      126: 1012:	    desc = open(argv[optind], O_RDONLY);
call    0 returned 100%
        -: 1013:	  }
      126: 1014:	if (desc < 0)
branch  0 taken 3% (fallthrough)
branch  1 taken 97%
        -: 1015:	  {
        4: 1016:	    if (!suppress_errors)
branch  0 taken 100% (fallthrough)
branch  1 taken 0%
        4: 1017:	      error(argv[optind], errno);
call    0 returned 100%
        -: 1018:	  }
        -: 1019:	else
        -: 1020:	  {
        -: 1021:#if O_BINARY
        -: 1022:	    /* Set input to binary mode.  Pipes are simulated with files
        -: 1023:	       on DOS, so this includes the case of "foo | grep bar".  */
        -: 1024:	    if (!isatty(desc))
        -: 1025:	      SET_BINARY(desc);
        -: 1026:#endif
      122: 1027:	    count = grep(desc);
call    0 returned 100%
      122: 1028:	    if (count_matches)
branch  0 taken 0% (fallthrough)
branch  1 taken 100%
        -: 1029:	      {
    #####: 1030:		if (out_file)
branch  0 never executed
branch  1 never executed
    #####: 1031:		  printf("%s:", filename);
call    0 never executed
    #####: 1032:		printf("%d\n", count);
call    0 never executed
        -: 1033:	      }
      122: 1034:	    if (count)
branch  0 taken 65% (fallthrough)
branch  1 taken 35%
        -: 1035:	      {
       79: 1036:		status = 0;
       79: 1037:		if (list_files == 1)
branch  0 taken 0% (fallthrough)
branch  1 taken 100%
    #####: 1038:		  printf("%s\n", filename);
call    0 never executed
        -: 1039:	      }
       43: 1040:	    else if (list_files == -1)
branch  0 taken 0% (fallthrough)
branch  1 taken 100%
    #####: 1041:	      printf("%s\n", filename);
call    0 never executed
      122: 1042:	    if (desc != 0)
branch  0 taken 100% (fallthrough)
branch  1 taken 0%
      122: 1043:	      close(desc);
call    0 returned 100%
        -: 1044:	  }
      126: 1045:	++optind;
        -: 1046:      }
        -: 1047:  else
        -: 1048:    {
    #####: 1049:      filename = _("(standard input)");
        -: 1050:#if O_BINARY
        -: 1051:      if (!isatty(0))
        -: 1052:	SET_BINARY(0);
        -: 1053:#endif
    #####: 1054:      count = grep(0);
call    0 never executed
    #####: 1055:      if (count_matches)
branch  0 never executed
branch  1 never executed
    #####: 1056:	printf("%d\n", count);
call    0 never executed
    #####: 1057:      if (count)
branch  0 never executed
branch  1 never executed
        -: 1058:	{
    #####: 1059:	  status = 0;
    #####: 1060:	  if (list_files == 1)
branch  0 never executed
branch  1 never executed
    #####: 1061:	    printf(_("(standard input)\n"));
call    0 never executed
        -: 1062:	}
    #####: 1063:      else if (list_files == -1)
branch  0 never executed
branch  1 never executed
    #####: 1064:	printf(_("(standard input)\n"));
call    0 never executed
        -: 1065:    }
        -: 1066:
      125: 1067:  if (fclose (stdout) == EOF)
call    0 returned 100%
branch  1 taken 0% (fallthrough)
branch  2 taken 100%
    #####: 1068:    error (_("writing output"), errno);
call    0 never executed
        -: 1069:
      125: 1070:  exit(errseen ? 2 : status);
branch  0 taken 97% (fallthrough)
branch  1 taken 3%
        -: 1071:}
        -: 1072:/* dfa.c - deterministic extended regexp routines for GNU
        -: 1073:   Copyright (C) 1988, 1998 Free Software Foundation, Inc.
        -: 1074:
        -: 1075:   This program is free software; you can redistribute it and/or modify
        -: 1076:   it under the terms of the GNU General Public License as published by
        -: 1077:   the Free Software Foundation; either version 2, or (at your option)
        -: 1078:   any later version.
        -: 1079:
        -: 1080:   This program is distributed in the hope that it will be useful,
        -: 1081:   but WITHOUT ANY WARRANTY; without even the implied warranty of
        -: 1082:   MERCHANTABILITY or FITNESS FOR A PARTICULAR PURPOSE.  See the
        -: 1083:   GNU General Public License for more details.
        -: 1084:
        -: 1085:   You should have received a copy of the GNU General Public License
        -: 1086:   along with this program; if not, write to the Free Software
        -: 1087:   Foundation, Inc., 59 Temple Place - Suite 330, Boston, MA  02111-1307, USA */
        -: 1088:
        -: 1089:/* Written June, 1988 by Mike Haertel
        -: 1090:   Modified July, 1988 by Arthur David Olson to assist BMG speedups  */
        -: 1091:
        -: 1092:#ifdef HAVE_CONFIG_H
        -: 1093:#if flag_config==0
        -: 1094:#include <config.h>
        -: 1095:#define flag_config 1
        -: 1096:#endif
        -: 1097:#endif
        -: 1098:
        -: 1099:#include <assert.h>
        -: 1100:#include <ctype.h>
        -: 1101:/*#include <stdio.h>*/
        -: 1102:
        -: 1103:/*#include <sys/types.h>*/
        -: 1104:#ifdef STDC_HEADERS
        -: 1105:#include <stdlib.h>
        -: 1106:#define flag_stdlib 1
        -: 1107:#else
        -: 1108:extern char *calloc(), *malloc(), *realloc();
        -: 1109:extern void free();
        -: 1110:#endif
        -: 1111:
        -: 1112:#if defined(HAVE_STRING_H) || defined(STDC_HEADERS)
        -: 1113:#include <string.h>
        -: 1114:#define flag_string 1
        -: 1115:#undef index
        -: 1116:#define index strchr
        -: 1117:#else
        -: 1118:#include <strings.h>
        -: 1119:#define flag_strings 1
        -: 1120:#endif
        -: 1121:
        -: 1122:#ifndef DEBUG	/* use the same approach as regex.c */
        -: 1123:#undef assert
        -: 1124:#define assert(e)
        -: 1125:#endif /* DEBUG */
        -: 1126:
        -: 1127:#ifndef isgraph
        -: 1128:#define isgraph(C) (isprint(C) && !isspace(C))
        -: 1129:#endif
        -: 1130:
        -: 1131:#undef ISALPHA
        -: 1132:#undef ISUPPER
        -: 1133:#undef ISLOWER
        -: 1134:#undef ISDIGIT
        -: 1135:#undef ISXDIGIT
        -: 1136:#undef ISSPACE
        -: 1137:#undef ISPUNCT
        -: 1138:#undef ISALNUM
        -: 1139:#undef ISPRINT
        -: 1140:#undef ISGRAPH
        -: 1141:#undef ISCNTRL
        -: 1142:
        -: 1143:#if defined (STDC_HEADERS) || (!defined (isascii) && !defined (HAVE_ISASCII))
        -: 1144:#define ISALPHA(C) isalpha(C)
        -: 1145:#define ISUPPER(C) isupper(C)
        -: 1146:#define ISLOWER(C) islower(C)
        -: 1147:#define ISDIGIT(C) isdigit(C)
        -: 1148:#define ISXDIGIT(C) isxdigit(C)
        -: 1149:#define ISSPACE(C) isspace(C)
        -: 1150:#define ISPUNCT(C) ispunct(C)
        -: 1151:#define ISALNUM(C) isalnum(C)
        -: 1152:#define ISPRINT(C) isprint(C)
        -: 1153:#define ISGRAPH(C) isgraph(C)
        -: 1154:#define ISCNTRL(C) iscntrl(C)
        -: 1155:#else
        -: 1156:#define ISALPHA(C) (isascii(C) && isalpha(C))
        -: 1157:#define ISUPPER(C) (isascii(C) && isupper(C))
        -: 1158:#define ISLOWER(C) (isascii(C) && islower(C))
        -: 1159:#define ISDIGIT(C) (isascii(C) && isdigit(C))
        -: 1160:#define ISXDIGIT(C) (isascii(C) && isxdigit(C))
        -: 1161:#define ISSPACE(C) (isascii(C) && isspace(C))
        -: 1162:#define ISPUNCT(C) (isascii(C) && ispunct(C))
        -: 1163:#define ISALNUM(C) (isascii(C) && isalnum(C))
        -: 1164:#define ISPRINT(C) (isascii(C) && isprint(C))
        -: 1165:#define ISGRAPH(C) (isascii(C) && isgraph(C))
        -: 1166:#define ISCNTRL(C) (isascii(C) && iscntrl(C))
        -: 1167:#endif
        -: 1168:
        -: 1169:/* If we (don't) have I18N.  */
        -: 1170:/* glibc defines _ */
        -: 1171:#ifndef _
        -: 1172:# ifdef HAVE_LIBINTL_H
        -: 1173:#  include <libintl.h>
        -: 1174:#define flag_libintl 1
        -: 1175:#  ifndef _
        -: 1176:#   define _(Str) gettext (Str)
        -: 1177:#  endif
        -: 1178:# else
        -: 1179:#  define _(Str) (Str)
        -: 1180:# endif
        -: 1181:#endif
        -: 1182:
        -: 1183:#include "regex.h"
        -: 1184:#include "dfa.h"
        -: 1185:
        -: 1186:static void dfamust PARAMS ((struct dfa *dfa));
        -: 1187:
        -: 1188:static ptr_t xcalloc PARAMS ((size_t n, size_t s));
        -: 1189:static ptr_t xmalloc_1 PARAMS ((size_t n));
        -: 1190:static ptr_t xrealloc_1 PARAMS ((ptr_t p, size_t n));
        -: 1191:#ifdef DEBUG
        -: 1192:static void prtok PARAMS ((token t));
        -: 1193:#endif
        -: 1194:static int tstbit PARAMS ((int b, charclass c));
        -: 1195:static void setbit PARAMS ((int b, charclass c));
        -: 1196:static void clrbit PARAMS ((int b, charclass c));
        -: 1197:static void copyset PARAMS ((charclass src, charclass dst));
        -: 1198:static void zeroset PARAMS ((charclass s));
        -: 1199:static void notset PARAMS ((charclass s));
        -: 1200:static int equal PARAMS ((charclass s1, charclass s2));
        -: 1201:static int charclass_index PARAMS ((charclass s));
        -: 1202:static int looking_at PARAMS ((const char *s));
        -: 1203:static token lex PARAMS ((void));
        -: 1204:static void addtok PARAMS ((token t));
        -: 1205:static void atom PARAMS ((void));
        -: 1206:static int nsubtoks PARAMS ((int tindex));
        -: 1207:static void copytoks PARAMS ((int tindex, int ntokens));
        -: 1208:static void closure PARAMS ((void));
        -: 1209:static void branch PARAMS ((void));
        -: 1210:static void regexp PARAMS ((int toplevel));
        -: 1211:static void copy PARAMS ((position_set *src, position_set *dst));
        -: 1212:static void insert PARAMS ((position p, position_set *s));
        -: 1213:static void merge PARAMS ((position_set *s1, position_set *s2, position_set *m));
        -: 1214:static void delete PARAMS ((position p, position_set *s));
        -: 1215:static int state_index PARAMS ((struct dfa *d, position_set *s,
        -: 1216:			  int newline, int letter));
        -: 1217:static void build_state PARAMS ((int s, struct dfa *d));
        -: 1218:static void build_state_zero PARAMS ((struct dfa *d));
        -: 1219:static char *icatalloc PARAMS ((char *old, char *new));
        -: 1220:static char *icpyalloc PARAMS ((char *string));
        -: 1221:static char *istrstr PARAMS ((char *lookin, char *lookfor));
        -: 1222:static void ifree PARAMS ((char *cp));
        -: 1223:static void freelist PARAMS ((char **cpp));
        -: 1224:static char **enlist PARAMS ((char **cpp, char *new, size_t len));
        -: 1225:static char **comsubs PARAMS ((char *left, char *right));
        -: 1226:static char **addlists PARAMS ((char **old, char **new));
        -: 1227:static char **inboth PARAMS ((char **left, char **right));
        -: 1228:
        -: 1229:static ptr_t
function xcalloc called 235 returned 100% blocks executed 75%
      235: 1230:xcalloc(n, s)
        -: 1231:     size_t n;
        -: 1232:     size_t s;
        -: 1233:{
      235: 1234:  ptr_t r = calloc(n, s);
        -: 1235:
      235: 1236:  if (!r)
branch  0 taken 0% (fallthrough)
branch  1 taken 100%
    #####: 1237:    dfaerror(_("Memory exhausted"));
call    0 never executed
      235: 1238:  return r;
        -: 1239:}
        -: 1240:
        -: 1241:static ptr_t
function xmalloc_1 called 3626 returned 100% blocks executed 75%
     3626: 1242:xmalloc_1(n)
        -: 1243:     size_t n;
        -: 1244:{
     3626: 1245:  ptr_t r = malloc(n);
        -: 1246:
        -: 1247:  assert(n != 0);
     3626: 1248:  if (!r)
branch  0 taken 0% (fallthrough)
branch  1 taken 100%
    #####: 1249:    dfaerror(_("Memory exhausted"));
call    0 never executed
     3626: 1250:  return r;
        -: 1251:}
        -: 1252:
        -: 1253:static ptr_t
function xrealloc_1 called 801 returned 100% blocks executed 75%
      801: 1254:xrealloc_1(p, n)
        -: 1255:     ptr_t p;
        -: 1256:     size_t n;
        -: 1257:{
      801: 1258:  ptr_t r = realloc(p, n);
        -: 1259:
        -: 1260:  assert(n != 0);
      801: 1261:  if (!r)
branch  0 taken 0% (fallthrough)
branch  1 taken 100%
    #####: 1262:    dfaerror(_("Memory exhausted"));
call    0 never executed
      801: 1263:  return r;
        -: 1264:}
        -: 1265:
        -: 1266:#define CALLOC(p, t, n) ((p) = (t *) xcalloc((size_t)(n), sizeof (t)))
        -: 1267:#define MALLOC(p, t, n) ((p) = (t *) xmalloc_1((n) * sizeof (t)))
        -: 1268:#define REALLOC(p, t, n) ((p) = (t *) xrealloc_1((ptr_t) (p), (n) * sizeof (t)))
        -: 1269:
        -: 1270:/* Reallocate an array of type t if nalloc is too small for index. */
        -: 1271:#define REALLOC_IF_NECESSARY(p, t, nalloc, index) \
        -: 1272:  if ((index) >= (nalloc))			  \
        -: 1273:    {						  \
        -: 1274:      while ((index) >= (nalloc))		  \
        -: 1275:	(nalloc) *= 2;				  \
        -: 1276:      REALLOC(p, t, nalloc);			  \
        -: 1277:    }
        -: 1278:
        -: 1279:#ifdef DEBUG
        -: 1280:
        -: 1281:static void
        -: 1282:prtok(t)
        -: 1283:     token t;
        -: 1284:{
        -: 1285:  char *s;
        -: 1286:
        -: 1287:  if (t < 0)
        -: 1288:    fprintf(stderr, "END");
        -: 1289:  else if (t < NOTCHAR)
        -: 1290:    fprintf(stderr, "%c", t);
        -: 1291:  else
        -: 1292:    {
        -: 1293:      switch (t)
        -: 1294:	{
        -: 1295:	case EMPTY: s = "EMPTY"; break;
        -: 1296:	case BACKREF: s = "BACKREF"; break;
        -: 1297:	case BEGLINE: s = "BEGLINE"; break;
        -: 1298:	case ENDLINE: s = "ENDLINE"; break;
        -: 1299:	case BEGWORD: s = "BEGWORD"; break;
        -: 1300:	case ENDWORD: s = "ENDWORD"; break;
        -: 1301:	case LIMWORD: s = "LIMWORD"; break;
        -: 1302:	case NOTLIMWORD: s = "NOTLIMWORD"; break;
        -: 1303:	case QMARK: s = "QMARK"; break;
        -: 1304:	case STAR: s = "STAR"; break;
        -: 1305:	case PLUS: s = "PLUS"; break;
        -: 1306:	case CAT: s = "CAT"; break;
        -: 1307:	case OR: s = "OR"; break;
        -: 1308:	case ORTOP: s = "ORTOP"; break;
        -: 1309:	case LPAREN: s = "LPAREN"; break;
        -: 1310:	case RPAREN: s = "RPAREN"; break;
        -: 1311:	default: s = "CSET"; break;
        -: 1312:	}
        -: 1313:      fprintf(stderr, "%s", s);
        -: 1314:    }
        -: 1315:}
        -: 1316:#endif /* DEBUG */
        -: 1317:
        -: 1318:/* Stuff pertaining to charclasses. */
        -: 1319:
        -: 1320:static int
function tstbit called 286 returned 100% blocks executed 100%
      286: 1321:tstbit(b, c)
        -: 1322:     int b;
        -: 1323:     charclass c;
        -: 1324:{
      286: 1325:  return c[b / INTBITS] & 1 << b % INTBITS;
        -: 1326:}
        -: 1327:
        -: 1328:static void
function setbit called 4231 returned 100% blocks executed 100%
     4231: 1329:setbit(b, c)
        -: 1330:     int b;
        -: 1331:     charclass c;
        -: 1332:{
     4231: 1333:  c[b / INTBITS] |= 1 << b % INTBITS;
     4231: 1334:}
        -: 1335:
        -: 1336:static void
function clrbit called 0 returned 0% blocks executed 0%
    #####: 1337:clrbit(b, c)
        -: 1338:     int b;
        -: 1339:     charclass c;
        -: 1340:{
    #####: 1341:  c[b / INTBITS] &= ~(1 << b % INTBITS);
    #####: 1342:}
        -: 1343:
        -: 1344:static void
function copyset called 282 returned 100% blocks executed 100%
      282: 1345:copyset(src, dst)
        -: 1346:     charclass src;
        -: 1347:     charclass dst;
        -: 1348:{
        -: 1349:  int i;
        -: 1350:
     2538: 1351:  for (i = 0; i < CHARCLASS_INTS; ++i)
branch  0 taken 89%
branch  1 taken 11% (fallthrough)
     2256: 1352:    dst[i] = src[i];
      282: 1353:}
        -: 1354:
        -: 1355:static void
function zeroset called 345 returned 100% blocks executed 100%
      345: 1356:zeroset(s)
        -: 1357:     charclass s;
        -: 1358:{
        -: 1359:  int i;
        -: 1360:
     3105: 1361:  for (i = 0; i < CHARCLASS_INTS; ++i)
branch  0 taken 89%
branch  1 taken 11% (fallthrough)
     2760: 1362:    s[i] = 0;
      345: 1363:}
        -: 1364:
        -: 1365:static void
function notset called 0 returned 0% blocks executed 0%
    #####: 1366:notset(s)
        -: 1367:     charclass s;
        -: 1368:{
        -: 1369:  int i;
        -: 1370:
    #####: 1371:  for (i = 0; i < CHARCLASS_INTS; ++i)
branch  0 never executed
branch  1 never executed
    #####: 1372:    s[i] = ~s[i];
    #####: 1373:}
        -: 1374:
        -: 1375:static int
function equal called 3 returned 100% blocks executed 86%
        3: 1376:equal(s1, s2)
        -: 1377:     charclass s1;
        -: 1378:     charclass s2;
        -: 1379:{
        -: 1380:  int i;
        -: 1381:
        7: 1382:  for (i = 0; i < CHARCLASS_INTS; ++i)
branch  0 taken 100%
branch  1 taken 0% (fallthrough)
        7: 1383:    if (s1[i] != s2[i])
branch  0 taken 43% (fallthrough)
branch  1 taken 57%
        3: 1384:      return 0;
    #####: 1385:  return 1;
        -: 1386:}
        -: 1387:
        -: 1388:/* A pointer to the current dfa is kept here during parsing. */
        -: 1389:static struct dfa *dfa;
        -: 1390:
        -: 1391:/* Find the index of charclass s in dfa->charclasses, or allocate a new charclass. */
        -: 1392:static int
function charclass_index called 36 returned 100% blocks executed 93%
       36: 1393:charclass_index(s)
        -: 1394:     charclass s;
        -: 1395:{
        -: 1396:  int i;
        -: 1397:
       39: 1398:  for (i = 0; i < dfa->cindex; ++i)
branch  0 taken 8%
branch  1 taken 92% (fallthrough)
        3: 1399:    if (equal(s, dfa->charclasses[i]))
call    0 returned 100%
branch  1 taken 0% (fallthrough)
branch  2 taken 100%
    #####: 1400:      return i;
       38: 1401:  REALLOC_IF_NECESSARY(dfa->charclasses, charclass, dfa->calloc, dfa->cindex);
branch  0 taken 6% (fallthrough)
branch  1 taken 94%
branch  2 taken 50%
branch  3 taken 50% (fallthrough)
call    4 returned 100%
       36: 1402:  ++dfa->cindex;
       36: 1403:  copyset(s, dfa->charclasses[i]);
call    0 returned 100%
       36: 1404:  return i;
        -: 1405:}
        -: 1406:
        -: 1407:/* Syntax bits controlling the behavior of the lexical analyzer. */
        -: 1408:static reg_syntax_t syntax_bits, syntax_bits_set;
        -: 1409:
        -: 1410:/* Flag for case-folding letters into sets. */
        -: 1411:static int case_fold;
        -: 1412:
        -: 1413:/* Entry point to set syntax options. */
        -: 1414:void
function dfasyntax called 170 returned 100% blocks executed 100%
      170: 1415:dfasyntax(bits, fold)
        -: 1416:     reg_syntax_t bits;
        -: 1417:     int fold;
        -: 1418:{
      170: 1419:  syntax_bits_set = 1;
      170: 1420:  syntax_bits = bits;
      170: 1421:  case_fold = fold;
      170: 1422:}
        -: 1423:
        -: 1424:/* Lexical analyzer.  All the dross that deals with the obnoxious
        -: 1425:   GNU Regex syntax bits is located here.  The poor, suffering
        -: 1426:   reader is referred to the GNU Regex documentation for the
        -: 1427:   meaning of the @#%!@#%^!@ syntax bits. */
        -: 1428:
        -: 1429:static char *lexstart;		/* Pointer to beginning of input string. */
        -: 1430:static char *lexptr;		/* Pointer to next input character. */
        -: 1431:static int lexleft;		/* Number of characters remaining. */
        -: 1432:static token lasttok;		/* Previous token returned; initially END. */
        -: 1433:static int laststart;		/* True if we're separated from beginning or (, |
        -: 1434:				   only by zero-width characters. */
        -: 1435:static int parens;		/* Count of outstanding left parens. */
        -: 1436:static int minrep, maxrep;	/* Repeat counts for {m,n}. */
        -: 1437:
        -: 1438:/* Note that characters become unsigned here. */
        -: 1439:#define FETCH(c, eoferr)   	      \
        -: 1440:  {			   	      \
        -: 1441:    if (! lexleft)	   	      \
        -: 1442:      if (eoferr != 0)	   	      \
        -: 1443:	dfaerror(eoferr);  	      \
        -: 1444:      else		   	      \
        -: 1445:	return lasttok = END;	      \
        -: 1446:    (c) = (unsigned char) *lexptr++;  \
        -: 1447:    --lexleft;		   	      \
        -: 1448:  }
        -: 1449:
        -: 1450:#ifdef __STDC__
        -: 1451:#define FUNC(F, P) static int F(int c) { return P(c); }
        -: 1452:#else
        -: 1453:#define FUNC(F, P) static int F(c) int c; { return P(c); }
        -: 1454:#endif
        -: 1455:
function is_alpha called 0 returned 0% blocks executed 0%
    #####: 1456:FUNC(is_alpha, ISALPHA)
function is_upper called 0 returned 0% blocks executed 0%
    #####: 1457:FUNC(is_upper, ISUPPER)
function is_lower called 0 returned 0% blocks executed 0%
    #####: 1458:FUNC(is_lower, ISLOWER)
function is_digit called 0 returned 0% blocks executed 0%
    #####: 1459:FUNC(is_digit, ISDIGIT)
function is_xdigit called 0 returned 0% blocks executed 0%
    #####: 1460:FUNC(is_xdigit, ISXDIGIT)
function is_space called 0 returned 0% blocks executed 0%
    #####: 1461:FUNC(is_space, ISSPACE)
function is_punct called 0 returned 0% blocks executed 0%
    #####: 1462:FUNC(is_punct, ISPUNCT)
function is_alnum called 0 returned 0% blocks executed 0%
    #####: 1463:FUNC(is_alnum, ISALNUM)
function is_print called 0 returned 0% blocks executed 0%
    #####: 1464:FUNC(is_print, ISPRINT)
function is_graph called 0 returned 0% blocks executed 0%
    #####: 1465:FUNC(is_graph, ISGRAPH)
function is_cntrl called 0 returned 0% blocks executed 0%
    #####: 1466:FUNC(is_cntrl, ISCNTRL)
        -: 1467:
function is_blank called 0 returned 0% blocks executed 0%
    #####: 1468:static int is_blank(c)
        -: 1469:int c;
        -: 1470:{
    #####: 1471:   return (c == ' ' || c == '\t');
branch  0 never executed
branch  1 never executed
branch  2 never executed
branch  3 never executed
        -: 1472:}
        -: 1473:
        -: 1474:/* The following list maps the names of the Posix named character classes
        -: 1475:   to predicate functions that determine whether a given character is in
        -: 1476:   the class.  The leading [ has already been eaten by the lexical analyzer. */
        -: 1477:static struct {
        -: 1478:  const char *name;
        -: 1479:  int (*pred) PARAMS ((int));
        -: 1480:} prednames[] = {
        -: 1481:  { ":alpha:]", is_alpha },
        -: 1482:  { ":upper:]", is_upper },
        -: 1483:  { ":lower:]", is_lower },
        -: 1484:  { ":digit:]", is_digit },
        -: 1485:  { ":xdigit:]", is_xdigit },
        -: 1486:  { ":space:]", is_space },
        -: 1487:  { ":punct:]", is_punct },
        -: 1488:  { ":alnum:]", is_alnum },
        -: 1489:  { ":print:]", is_print },
        -: 1490:  { ":graph:]", is_graph },
        -: 1491:  { ":cntrl:]", is_cntrl },
        -: 1492:  { ":blank:]", is_blank },
        -: 1493:  { 0 }
        -: 1494:};
        -: 1495:
        -: 1496:/* Return non-zero if C is a `word-constituent' byte; zero otherwise.  */
        -: 1497:#define IS_WORD_CONSTITUENT(C) (ISALNUM(C) || (C) == '_')
        -: 1498:
        -: 1499:static int
function looking_at called 180 returned 100% blocks executed 100%
      180: 1500:looking_at(s)
        -: 1501:     const char *s;
        -: 1502:{
        -: 1503:  size_t len;
        -: 1504:
      180: 1505:  len = strlen(s);
      180: 1506:  if (lexleft < len)
branch  0 taken 13% (fallthrough)
branch  1 taken 87%
       24: 1507:    return 0;
      156: 1508:  return strncmp(s, lexptr, len) == 0;
        -: 1509:}
        -: 1510:
        -: 1511:static token
function lex called 627 returned 100% blocks executed 57%
      627: 1512:lex()
        -: 1513:{
        -: 1514:  token c, c1, c2;
      627: 1515:  int backslash = 0, invert;
        -: 1516:  charclass ccl;
        -: 1517:  int i;
        -: 1518:
        -: 1519:  /* Basic plan: We fetch a character.  If it's a backslash,
        -: 1520:     we set the backslash flag and go through the loop again.
        -: 1521:     On the plus side, this avoids having a duplicate of the
        -: 1522:     main switch inside the backslash case.  On the minus side,
        -: 1523:     it means that just about every case begins with
        -: 1524:     "if (backslash) ...".  */
      735: 1525:  for (i = 0; i < 2; ++i)
branch  0 taken 100%
branch  1 taken 0% (fallthrough)
        -: 1526:    {
      735: 1527:      FETCH(c, 0);
branch  0 taken 18% (fallthrough)
branch  1 taken 82%
      606: 1528:      switch (c)
branch  0 taken 19%
branch  1 taken 1%
branch  2 taken 2%
branch  3 taken 19%
branch  4 taken 1%
branch  5 taken 1%
branch  6 taken 0%
branch  7 taken 1%
branch  8 taken 2%
branch  9 taken 1%
branch 10 taken 1%
branch 11 taken 2%
branch 12 taken 3%
branch 13 taken 3%
branch 14 taken 3%
branch 15 taken 1%
branch 16 taken 2%
branch 17 taken 2%
branch 18 taken 1%
branch 19 taken 1%
branch 20 taken 6%
branch 21 taken 33%
        -: 1529:	{
      117: 1530:	case '\\':
      117: 1531:	  if (backslash)
branch  0 taken 8% (fallthrough)
branch  1 taken 92%
        9: 1532:	    goto normal_char;
      108: 1533:	  if (lexleft == 0)
branch  0 taken 0% (fallthrough)
branch  1 taken 100%
    #####: 1534:	    dfaerror(_("Unfinished \\ escape"));
call    0 never executed
      108: 1535:	  backslash = 1;
      108: 1536:	  break;
        -: 1537:
        6: 1538:	case '^':
        6: 1539:	  if (backslash)
branch  0 taken 50% (fallthrough)
branch  1 taken 50%
        3: 1540:	    goto normal_char;
        3: 1541:	  if (syntax_bits & RE_CONTEXT_INDEP_ANCHORS
branch  0 taken 100% (fallthrough)
branch  1 taken 0%
        3: 1542:	      || lasttok == END
branch  0 taken 100% (fallthrough)
branch  1 taken 0%
        3: 1543:	      || lasttok == LPAREN
branch  0 taken 100% (fallthrough)
branch  1 taken 0%
        3: 1544:	      || lasttok == OR)
branch  0 taken 67% (fallthrough)
branch  1 taken 33%
        2: 1545:	    return lasttok = BEGLINE;
        1: 1546:	  goto normal_char;
        -: 1547:
       12: 1548:	case '$':
       12: 1549:	  if (backslash)
branch  0 taken 0% (fallthrough)
branch  1 taken 100%
    #####: 1550:	    goto normal_char;
       12: 1551:	  if (syntax_bits & RE_CONTEXT_INDEP_ANCHORS
branch  0 taken 100% (fallthrough)
branch  1 taken 0%
       12: 1552:	      || lexleft == 0
branch  0 taken 42% (fallthrough)
branch  1 taken 58%
      10*: 1553:	      || (syntax_bits & RE_NO_BK_PARENS
branch  0 taken 0% (fallthrough)
branch  1 taken 100%
branch  2 never executed
branch  3 never executed
branch  4 taken 100% (fallthrough)
branch  5 taken 0%
    #####: 1554:		  ? lexleft > 0 && *lexptr == ')'
branch  0 never executed
branch  1 never executed
branch  2 never executed
branch  3 never executed
       5*: 1555:		  : lexleft > 1 && lexptr[0] == '\\' && lexptr[1] == ')')
branch  0 taken 80% (fallthrough)
branch  1 taken 20%
branch  2 taken 0% (fallthrough)
branch  3 taken 100%
branch  4 never executed
branch  5 never executed
      10*: 1556:	      || (syntax_bits & RE_NO_BK_VBAR
branch  0 taken 0% (fallthrough)
branch  1 taken 100%
branch  2 never executed
branch  3 never executed
branch  4 taken 100% (fallthrough)
branch  5 taken 0%
    #####: 1557:		  ? lexleft > 0 && *lexptr == '|'
branch  0 never executed
branch  1 never executed
branch  2 never executed
branch  3 never executed
       5*: 1558:		  : lexleft > 1 && lexptr[0] == '\\' && lexptr[1] == '|')
branch  0 taken 80% (fallthrough)
branch  1 taken 20%
branch  2 taken 0% (fallthrough)
branch  3 taken 100%
branch  4 never executed
branch  5 never executed
        5: 1559:	      || ((syntax_bits & RE_NEWLINE_ALT)
branch  0 taken 100% (fallthrough)
branch  1 taken 0%
        5: 1560:	          && lexleft > 0 && *lexptr == '\n'))
branch  0 taken 100% (fallthrough)
branch  1 taken 0%
branch  2 taken 0% (fallthrough)
branch  3 taken 100%
        7: 1561:	    return lasttok = ENDLINE;
        5: 1562:	  goto normal_char;
        -: 1563:
      114: 1564:	case '1':
        -: 1565:	case '2':
        -: 1566:	case '3':
        -: 1567:	case '4':
        -: 1568:	case '5':
        -: 1569:	case '6':
        -: 1570:	case '7':
        -: 1571:	case '8':
[...]
branch  0 never executed
branch  1 never executed
    #####:12237:        return false;
    #####:12238:      break;
        -:12239:
        -:12240:    /* If this is an optimized succeed_n for zero times, make the jump.  */
    #####:12241:    case jump:
    #####:12242:      EXTRACT_NUMBER_AND_INCR (mcnt, p1);
    #####:12243:      if (mcnt >= 0)
branch  0 never executed
branch  1 never executed
    #####:12244:        p1 += mcnt;
        -:12245:      else
    #####:12246:        return false;
    #####:12247:      break;
        -:12248:
    #####:12249:    case succeed_n:
        -:12250:      /* Get to the number of times to succeed.  */
    #####:12251:      p1 += 2;
    #####:12252:      EXTRACT_NUMBER_AND_INCR (mcnt, p1);
        -:12253:
    #####:12254:      if (mcnt == 0)
branch  0 never executed
branch  1 never executed
        -:12255:        {
    #####:12256:          p1 -= 4;
    #####:12257:          EXTRACT_NUMBER_AND_INCR (mcnt, p1);
    #####:12258:          p1 += mcnt;
        -:12259:        }
        -:12260:      else
    #####:12261:        return false;
    #####:12262:      break;
        -:12263:
    #####:12264:    case duplicate:
    #####:12265:      if (!REG_MATCH_NULL_STRING_P (reg_info[*p1]))
branch  0 never executed
branch  1 never executed
    #####:12266:        return false;
    #####:12267:      break;
        -:12268:
    #####:12269:    case set_number_at:
    #####:12270:      p1 += 4;
        -:12271:
    #####:12272:    default:
        -:12273:      /* All other opcodes mean we cannot match the empty string.  */
    #####:12274:      return false;
        -:12275:  }
        -:12276:
    #####:12277:  *p = p1;
    #####:12278:  return true;
        -:12279:} /* common_op_match_null_string_p */
        -:12280:
        -:12281:
        -:12282:/* Return zero if TRANSLATE[S1] and TRANSLATE[S2] are identical for LEN
        -:12283:   bytes; nonzero otherwise.  */
        -:12284:
        -:12285:static int
function bcmp_translate called 0 returned 0% blocks executed 0%
    #####:12286:bcmp_translate (s1, s2, len, translate)
        -:12287:     const char *s1, *s2;
        -:12288:     register int len;
        -:12289:     RE_TRANSLATE_TYPE translate;
        -:12290:{
    #####:12291:  register const unsigned char *p1 = (const unsigned char *) s1;
    #####:12292:  register const unsigned char *p2 = (const unsigned char *) s2;
    #####:12293:  while (len)
branch  0 never executed
branch  1 never executed
        -:12294:    {
    #####:12295:      if (translate[*p1++] != translate[*p2++]) return 1;
branch  0 never executed
branch  1 never executed
    #####:12296:      len--;
        -:12297:    }
    #####:12298:  return 0;
        -:12299:}
        -:12300:
        -:12301:/* Entry points for GNU code.  */
        -:12302:
        -:12303:/* re_compile_pattern is the GNU regular expression compiler: it
        -:12304:   compiles PATTERN (of length SIZE) and puts the result in BUFP.
        -:12305:   Returns 0 if the pattern was valid, otherwise an error string.
        -:12306:
        -:12307:   Assumes the `allocated' (and perhaps `buffer') and `translate' fields
        -:12308:   are set in BUFP on entry.
        -:12309:
        -:12310:   We call regex_compile to do the actual compilation.  */
        -:12311:
        -:12312:const char *
function re_compile_pattern called 170 returned 100% blocks executed 100%
      170:12313:re_compile_pattern (pattern, length, bufp)
        -:12314:     const char *pattern;
        -:12315:     size_t length;
        -:12316:     struct re_pattern_buffer *bufp;
        -:12317:{
        -:12318:  reg_errcode_t ret;
        -:12319:
        -:12320:  /* GNU code is written to assume at least RE_NREGS registers will be set
        -:12321:     (and at least one extra will be -1).  */
      170:12322:  bufp->regs_allocated = REGS_UNALLOCATED;
        -:12323:
        -:12324:  /* And GNU code determines whether or not to get register information
        -:12325:     by passing null for the REGS argument to re_match, etc., not by
        -:12326:     setting no_sub.  */
      170:12327:  bufp->no_sub = 0;
        -:12328:
        -:12329:  /* Match anchors at newline.  */
      170:12330:  bufp->newline_anchor = 1;
        -:12331:
      170:12332:  ret = regex_compile (pattern, length, re_syntax_options, bufp);
call    0 returned 100%
        -:12333:
        -:12334:#ifndef FAULTY_F_KP_2
      170:12335:  if (!ret)
branch  0 taken 74% (fallthrough)
branch  1 taken 26%
        -:12336:#else
        -:12337:  if (ret)
        -:12338:#endif
      126:12339:    return NULL;
       44:12340:  return gettext (re_error_msgid[(int) ret]);
        -:12341:}
        -:12342:
        -:12343:/* Entry points compatible with 4.2 BSD regex library.  We don't define
        -:12344:   them unless specifically requested.  */
        -:12345:
        -:12346:#if defined (_REGEX_RE_COMP) || defined (_LIBC)
        -:12347:
        -:12348:/* BSD has one and only one pattern buffer.  */
        -:12349:static struct re_pattern_buffer re_comp_buf;
        -:12350:
        -:12351:char *
        -:12352:#ifdef _LIBC
        -:12353:/* Make these definitions weak in libc, so POSIX programs can redefine
        -:12354:   these names if they don't use our functions, and still use
        -:12355:   regcomp/regexec below without link errors.  */
        -:12356:weak_function
        -:12357:#endif
        -:12358:re_comp (s)
        -:12359:    const char *s;
        -:12360:{
        -:12361:  reg_errcode_t ret;
        -:12362:
        -:12363:  if (!s)
        -:12364:    {
        -:12365:      if (!re_comp_buf.buffer)
        -:12366:	return gettext ("No previous regular expression");
        -:12367:      return 0;
        -:12368:    }
        -:12369:
        -:12370:  if (!re_comp_buf.buffer)
        -:12371:    {
        -:12372:      re_comp_buf.buffer = (unsigned char *) malloc (200);
        -:12373:      if (re_comp_buf.buffer == NULL)
        -:12374:        return gettext (re_error_msgid[(int) REG_ESPACE]);
        -:12375:      re_comp_buf.allocated = 200;
        -:12376:
        -:12377:      re_comp_buf.fastmap = (char *) malloc (1 << BYTEWIDTH);
        -:12378:      if (re_comp_buf.fastmap == NULL)
        -:12379:	return gettext (re_error_msgid[(int) REG_ESPACE]);
        -:12380:    }
        -:12381:
        -:12382:  /* Since `re_exec' always passes NULL for the `regs' argument, we
        -:12383:     don't need to initialize the pattern buffer fields which affect it.  */
        -:12384:
        -:12385:  /* Match anchors at newlines.  */
        -:12386:  re_comp_buf.newline_anchor = 1;
        -:12387:
        -:12388:  ret = regex_compile (s, strlen (s), re_syntax_options, &re_comp_buf);
        -:12389:
        -:12390:  if (!ret)
        -:12391:    return NULL;
        -:12392:
        -:12393:  /* Yes, we're discarding `const' here if !HAVE_LIBINTL.  */
        -:12394:  return (char *) gettext (re_error_msgid[(int) ret]);
        -:12395:}
        -:12396:
        -:12397:
        -:12398:int
        -:12399:#ifdef _LIBC
        -:12400:weak_function
        -:12401:#endif
        -:12402:re_exec (s)
        -:12403:    const char *s;
        -:12404:{
        -:12405:  const int len = strlen (s);
        -:12406:  return
        -:12407:    0 <= re_search (&re_comp_buf, s, len, 0, len, (struct re_registers *) 0);
        -:12408:}
        -:12409:
        -:12410:#endif /* _REGEX_RE_COMP */
        -:12411:
        -:12412:/* POSIX.2 functions.  Don't define these for Emacs.  */
        -:12413:
        -:12414:#ifndef emacs
        -:12415:
        -:12416:/* regcomp takes a regular expression as a string and compiles it.
        -:12417:
        -:12418:   PREG is a regex_t *.  We do not expect any fields to be initialized,
        -:12419:   since POSIX says we shouldn't.  Thus, we set
        -:12420:
        -:12421:     `buffer' to the compiled pattern;
        -:12422:     `used' to the length of the compiled pattern;
        -:12423:     `syntax' to RE_SYNTAX_POSIX_EXTENDED if the
        -:12424:       REG_EXTENDED bit in CFLAGS is set; otherwise, to
        -:12425:       RE_SYNTAX_POSIX_BASIC;
        -:12426:     `newline_anchor' to REG_NEWLINE being set in CFLAGS;
        -:12427:     `fastmap' and `fastmap_accurate' to zero;
        -:12428:     `re_nsub' to the number of subexpressions in PATTERN.
        -:12429:
        -:12430:   PATTERN is the address of the pattern string.
        -:12431:
        -:12432:   CFLAGS is a series of bits which affect compilation.
        -:12433:
        -:12434:     If REG_EXTENDED is set, we use POSIX extended syntax; otherwise, we
        -:12435:     use POSIX basic syntax.
        -:12436:
        -:12437:     If REG_NEWLINE is set, then . and [^...] don't match newline.
        -:12438:     Also, regexec will try a match beginning after every newline.
        -:12439:
        -:12440:     If REG_ICASE is set, then we considers upper- and lowercase
        -:12441:     versions of letters to be equivalent when matching.
        -:12442:
        -:12443:     If REG_NOSUB is set, then when PREG is passed to regexec, that
        -:12444:     routine will report only success or failure, and nothing about the
        -:12445:     registers.
        -:12446:
        -:12447:   It returns 0 if it succeeds, nonzero if it doesn't.  (See regex.h for
        -:12448:   the return codes and their meanings.)  */
        -:12449:
        -:12450:int
function regcomp called 0 returned 0% blocks executed 0%
    #####:12451:regcomp (preg, pattern, cflags)
        -:12452:    regex_t *preg;
        -:12453:    const char *pattern;
        -:12454:    int cflags;
        -:12455:{
        -:12456:  reg_errcode_t ret;
    #####:12457:  reg_syntax_t syntax
    #####:12458:    = (cflags & REG_EXTENDED) ?
    #####:12459:      RE_SYNTAX_POSIX_EXTENDED : RE_SYNTAX_POSIX_BASIC;
branch  0 never executed
branch  1 never executed
        -:12460:
        -:12461:  /* regex_compile will allocate the space for the compiled pattern.  */
    #####:12462:  preg->buffer = 0;
    #####:12463:  preg->allocated = 0;
    #####:12464:  preg->used = 0;
        -:12465:
        -:12466:  /* Don't bother to use a fastmap when searching.  This simplifies the
        -:12467:     REG_NEWLINE case: if we used a fastmap, we'd have to put all the
        -:12468:     characters after newlines into the fastmap.  This way, we just try
        -:12469:     every character.  */
    #####:12470:  preg->fastmap = 0;
        -:12471:
    #####:12472:  if (cflags & REG_ICASE)
branch  0 never executed
branch  1 never executed
        -:12473:    {
        -:12474:      unsigned i;
        -:12475:
        -:12476:      preg->translate
    #####:12477:	= (RE_TRANSLATE_TYPE) malloc (CHAR_SET_SIZE
call    0 never executed
        -:12478:				      * sizeof (*(RE_TRANSLATE_TYPE)0));
    #####:12479:      if (preg->translate == NULL)
branch  0 never executed
branch  1 never executed
    #####:12480:        return (int) REG_ESPACE;
        -:12481:
        -:12482:      /* Map uppercase characters to corresponding lowercase ones.  */
    #####:12483:      for (i = 0; i < CHAR_SET_SIZE; i++)
branch  0 never executed
branch  1 never executed
    #####:12484:        preg->translate[i] = ISUPPER (i) ? tolower (i) : i;
branch  0 never executed
branch  1 never executed
        -:12485:    }
        -:12486:  else
    #####:12487:    preg->translate = NULL;
        -:12488:
        -:12489:  /* If REG_NEWLINE is set, newlines are treated differently.  */
    #####:12490:  if (cflags & REG_NEWLINE)
branch  0 never executed
branch  1 never executed
        -:12491:    { /* REG_NEWLINE implies neither . nor [^...] match newline.  */
    #####:12492:      syntax &= ~RE_DOT_NEWLINE;
    #####:12493:      syntax |= RE_HAT_LISTS_NOT_NEWLINE;
        -:12494:      /* It also changes the matching behavior.  */
    #####:12495:      preg->newline_anchor = 1;
        -:12496:    }
        -:12497:  else
    #####:12498:    preg->newline_anchor = 0;
        -:12499:
    #####:12500:  preg->no_sub = !!(cflags & REG_NOSUB);
        -:12501:
        -:12502:  /* POSIX says a null character in the pattern terminates it, so we
        -:12503:     can use strlen here in compiling the pattern.  */
    #####:12504:  ret = regex_compile (pattern, strlen (pattern), syntax, preg);
call    0 never executed
        -:12505:
        -:12506:  /* POSIX doesn't distinguish between an unmatched open-group and an
        -:12507:     unmatched close-group: both are REG_EPAREN.  */
    #####:12508:  if (ret == REG_ERPAREN) ret = REG_EPAREN;
branch  0 never executed
branch  1 never executed
        -:12509:
    #####:12510:  return (int) ret;
        -:12511:}
        -:12512:
        -:12513:
        -:12514:/* regexec searches for a given pattern, specified by PREG, in the
        -:12515:   string STRING.
        -:12516:
        -:12517:   If NMATCH is zero or REG_NOSUB was set in the cflags argument to
        -:12518:   `regcomp', we ignore PMATCH.  Otherwise, we assume PMATCH has at
        -:12519:   least NMATCH elements, and we set them to the offsets of the
        -:12520:   corresponding matched substrings.
        -:12521:
        -:12522:   EFLAGS specifies `execution flags' which affect matching: if
        -:12523:   REG_NOTBOL is set, then ^ does not match at the beginning of the
        -:12524:   string; if REG_NOTEOL is set, then $ does not match at the end.
        -:12525:
        -:12526:   We return 0 if we find a match and REG_NOMATCH if not.  */
        -:12527:
        -:12528:int
function regexec called 0 returned 0% blocks executed 0%
    #####:12529:regexec (preg, string, nmatch, pmatch, eflags)
        -:12530:    const regex_t *preg;
        -:12531:    const char *string;
        -:12532:    size_t nmatch;
        -:12533:    regmatch_t pmatch[];
        -:12534:    int eflags;
        -:12535:{
        -:12536:  int ret;
        -:12537:  struct re_registers regs;
        -:12538:  regex_t private_preg;
    #####:12539:  int len = strlen (string);
    #####:12540:  boolean want_reg_info = !preg->no_sub && nmatch > 0;
branch  0 never executed
branch  1 never executed
branch  2 never executed
branch  3 never executed
        -:12541:
    #####:12542:  private_preg = *preg;
        -:12543:
    #####:12544:  private_preg.not_bol = !!(eflags & REG_NOTBOL);
    #####:12545:  private_preg.not_eol = !!(eflags & REG_NOTEOL);
        -:12546:
        -:12547:  /* The user has told us exactly how many registers to return
        -:12548:     information about, via `nmatch'.  We have to pass that on to the
        -:12549:     matching routines.  */
    #####:12550:  private_preg.regs_allocated = REGS_FIXED;
        -:12551:
    #####:12552:  if (want_reg_info)
branch  0 never executed
branch  1 never executed
        -:12553:    {
    #####:12554:      regs.num_regs = nmatch;
    #####:12555:      regs.start = TALLOC (nmatch, regoff_t);
call    0 never executed
    #####:12556:      regs.end = TALLOC (nmatch, regoff_t);
call    0 never executed
    #####:12557:      if (regs.start == NULL || regs.end == NULL)
branch  0 never executed
branch  1 never executed
branch  2 never executed
branch  3 never executed
    #####:12558:        return (int) REG_NOMATCH;
        -:12559:    }
        -:12560:
        -:12561:  /* Perform the searching operation.  */
    #####:12562:  ret = re_search (&private_preg, string, len,
branch  0 never executed
branch  1 never executed
call    2 never executed
        -:12563:                   /* start: */ 0, /* range: */ len,
        -:12564:                   want_reg_info ? &regs : (struct re_registers *) 0);
        -:12565:
        -:12566:  /* Copy the register information to the POSIX structure.  */
    #####:12567:  if (want_reg_info)
branch  0 never executed
branch  1 never executed
        -:12568:    {
    #####:12569:      if (ret >= 0)
branch  0 never executed
branch  1 never executed
        -:12570:        {
        -:12571:          unsigned r;
        -:12572:
    #####:12573:          for (r = 0; r < nmatch; r++)
branch  0 never executed
branch  1 never executed
        -:12574:            {
    #####:12575:              pmatch[r].rm_so = regs.start[r];
    #####:12576:              pmatch[r].rm_eo = regs.end[r];
        -:12577:            }
        -:12578:        }
        -:12579:
        -:12580:      /* If we needed the temporary register info, free the space now.  */
    #####:12581:      free (regs.start);
    #####:12582:      free (regs.end);
        -:12583:    }
        -:12584:
        -:12585:  /* We want zero return to mean success, unlike `re_search'.  */
    #####:12586:  return ret >= 0 ? (int) REG_NOERROR : (int) REG_NOMATCH;
        -:12587:}
        -:12588:
        -:12589:
        -:12590:/* Returns a message corresponding to an error code, ERRCODE, returned
        -:12591:   from either regcomp or regexec.   We don't use PREG here.  */
        -:12592:
        -:12593:size_t
function regerror called 0 returned 0% blocks executed 0%
    #####:12594:regerror (errcode, preg, errbuf, errbuf_size)
        -:12595:    int errcode;
        -:12596:    const regex_t *preg;
        -:12597:    char *errbuf;
        -:12598:    size_t errbuf_size;
        -:12599:{
        -:12600:  const char *msg;
        -:12601:  size_t msg_size;
        -:12602:
    #####:12603:  if (errcode < 0
branch  0 never executed
branch  1 never executed
    #####:12604:      || errcode >= (int) (sizeof (re_error_msgid)
branch  0 never executed
branch  1 never executed
        -:12605:			   / sizeof (re_error_msgid[0])))
        -:12606:    /* Only error codes returned by the rest of the code should be passed
        -:12607:       to this routine.  If we are given anything else, or if other regex
        -:12608:       code generates an invalid error code, then the program has a bug.
        -:12609:       Dump core so we can fix it.  */
    #####:12610:    abort ();
call    0 never executed
        -:12611:
    #####:12612:  msg = gettext (re_error_msgid[errcode]);
        -:12613:
    #####:12614:  msg_size = strlen (msg) + 1; /* Includes the null.  */
        -:12615:
    #####:12616:  if (errbuf_size != 0)
branch  0 never executed
branch  1 never executed
        -:12617:    {
    #####:12618:      if (msg_size > errbuf_size)
branch  0 never executed
branch  1 never executed
        -:12619:        {
    #####:12620:          strncpy (errbuf, msg, errbuf_size - 1);
    #####:12621:          errbuf[errbuf_size - 1] = 0;
        -:12622:        }
        -:12623:      else
    #####:12624:        strcpy (errbuf, msg);
        -:12625:    }
        -:12626:
    #####:12627:  return msg_size;
        -:12628:}
        -:12629:
        -:12630:
        -:12631:/* Free dynamically allocated space used by PREG.  */
        -:12632:
        -:12633:void
function regfree called 0 returned 0% blocks executed 0%
    #####:12634:regfree (preg)
        -:12635:    regex_t *preg;
        -:12636:{
    #####:12637:  if (preg->buffer != NULL)
branch  0 never executed
branch  1 never executed
    #####:12638:    free (preg->buffer);
    #####:12639:  preg->buffer = NULL;
        -:12640:
    #####:12641:  preg->allocated = 0;
    #####:12642:  preg->used = 0;
        -:12643:
    #####:12644:  if (preg->fastmap != NULL)
branch  0 never executed
branch  1 never executed
    #####:12645:    free (preg->fastmap);
    #####:12646:  preg->fastmap = NULL;
    #####:12647:  preg->fastmap_accurate = 0;
        -:12648:
    #####:12649:  if (preg->translate != NULL)
branch  0 never executed
branch  1 never executed
    #####:12650:    free (preg->translate);
    #####:12651:  preg->translate = NULL;
    #####:12652:}
        -:12653:
        -:12654:#endif /* not emacs  */
